Initialized native services in: /Users/arnaudgiuliani/.gradle/native
Found daemon DaemonInfo{pid=23475, address=[7fe5c574-a91f-47da-9e09-3eecb1da4902 port:57799, addresses:[/0:0:0:0:0:0:0:1, /127.0.0.1]], state=Idle, lastBusy=1575385916195, context=DefaultDaemonContext[uid=30877456-dd18-4a03-a760-c0749eab3eff,javaHome=/Library/Java/JavaVirtualMachines/jdk1.8.0_191.jdk/Contents/Home,daemonRegistryDir=/Users/arnaudgiuliani/.gradle/daemon,pid=23475,idleTimeout=10800000,priority=NORMAL,daemonOpts=-Xmx2048M,-Dfile.encoding=UTF-8,-Duser.country=GB,-Duser.language=en,-Duser.variant]} however its context does not match the desired criteria.
At least one daemon option is different.
Wanted: DefaultDaemonContext[uid=null,javaHome=/Library/Java/JavaVirtualMachines/jdk1.8.0_191.jdk/Contents/Home,daemonRegistryDir=/Users/arnaudgiuliani/.gradle/daemon,pid=26150,idleTimeout=null,priority=NORMAL,daemonOpts=-XX:MaxPermSize=512m,-XX:+HeapDumpOnOutOfMemoryError,-Xmx3072m,-Dfile.encoding=UTF-8,-Duser.country=GB,-Duser.language=en,-Duser.variant]
Actual: DefaultDaemonContext[uid=30877456-dd18-4a03-a760-c0749eab3eff,javaHome=/Library/Java/JavaVirtualMachines/jdk1.8.0_191.jdk/Contents/Home,daemonRegistryDir=/Users/arnaudgiuliani/.gradle/daemon,pid=23475,idleTimeout=10800000,priority=NORMAL,daemonOpts=-Xmx2048M,-Dfile.encoding=UTF-8,-Duser.country=GB,-Duser.language=en,-Duser.variant]

  Looking for a different daemon...
Found daemon DaemonInfo{pid=21442, address=[6b6b6f67-a962-4355-9b07-6024857dda9b port:55922, addresses:[/0:0:0:0:0:0:0:1, /127.0.0.1]], state=Idle, lastBusy=1575391162056, context=DefaultDaemonContext[uid=6b9d5dce-66fa-4113-ad19-acce86696150,javaHome=/Applications/Android Studio 3.5.app/Contents/jre/jdk/Contents/Home,daemonRegistryDir=/Users/arnaudgiuliani/.gradle/daemon,pid=21442,idleTimeout=10800000,priority=NORMAL,daemonOpts=-XX:MaxPermSize=512m,-XX:+HeapDumpOnOutOfMemoryError,-Xmx3072m,-Dfile.encoding=UTF-8,-Duser.country=GB,-Duser.language=en,-Duser.variant]} however its context does not match the desired criteria.
Java home is different.
Wanted: DefaultDaemonContext[uid=null,javaHome=/Library/Java/JavaVirtualMachines/jdk1.8.0_191.jdk/Contents/Home,daemonRegistryDir=/Users/arnaudgiuliani/.gradle/daemon,pid=26150,idleTimeout=null,priority=NORMAL,daemonOpts=-XX:MaxPermSize=512m,-XX:+HeapDumpOnOutOfMemoryError,-Xmx3072m,-Dfile.encoding=UTF-8,-Duser.country=GB,-Duser.language=en,-Duser.variant]
Actual: DefaultDaemonContext[uid=6b9d5dce-66fa-4113-ad19-acce86696150,javaHome=/Applications/Android Studio 3.5.app/Contents/jre/jdk/Contents/Home,daemonRegistryDir=/Users/arnaudgiuliani/.gradle/daemon,pid=21442,idleTimeout=10800000,priority=NORMAL,daemonOpts=-XX:MaxPermSize=512m,-XX:+HeapDumpOnOutOfMemoryError,-Xmx3072m,-Dfile.encoding=UTF-8,-Duser.country=GB,-Duser.language=en,-Duser.variant]

  Looking for a different daemon...
The client will now receive all logging from the daemon (pid: 24923). The daemon log file: /Users/arnaudgiuliani/.gradle/daemon/5.4.1/daemon-24923.out.log
Starting 11th build in daemon [uptime: 9 mins 27.864 secs, performance: 99%, GC rate: 0.02/s, heap usage: 2% of 2.1 GB]
Using 12 worker leases.
Starting Build
Settings evaluated using settings file '/Users/arnaudgiuliani/workspace/koin/koin/koin-projects/settings.gradle'.
Using local directory build cache for the root build (location = /Users/arnaudgiuliani/.gradle/caches/build-cache-1, removeUnusedEntriesAfter = 7 days).
Projects loaded. Root project using build file '/Users/arnaudgiuliani/workspace/koin/koin/koin-projects/build.gradle'.
Included projects: [root project 'koin-projects', project ':examples', project ':koin-android', project ':koin-android-ext', project ':koin-android-scope', project ':koin-android-viewmodel', project ':koin-androidx-ext', project ':koin-androidx-fragment', project ':koin-androidx-scope', project ':koin-androidx-viewmodel', project ':koin-core', project ':koin-core-ext', project ':koin-ktor', project ':koin-logger-slf4j', project ':koin-test', project ':examples:android-perfs', project ':examples:android-samples', project ':examples:androidx-samples', project ':examples:coffee-maker', project ':examples:hello-ktor']

> Configure project :
Evaluating root project 'koin-projects' using build file '/Users/arnaudgiuliani/workspace/koin/koin/koin-projects/build.gradle'.

> Configure project :examples
Evaluating project ':examples' using build file '/Users/arnaudgiuliani/workspace/koin/koin/koin-projects/examples/build.gradle'.

> Configure project :koin-android
Evaluating project ':koin-android' using build file '/Users/arnaudgiuliani/workspace/koin/koin/koin-projects/koin-android/build.gradle'.
Creating configuration androidTestUtil
Creating configuration compile
Creating configuration publish
Creating configuration provided
Creating configuration api
Creating configuration implementation
Creating configuration runtimeOnly
Creating configuration compileOnly
Creating configuration wearApp
Creating configuration annotationProcessor
Creating configuration androidTestCompile
Creating configuration androidTestPublish
Creating configuration androidTestProvided
Creating configuration androidTestApi
Creating configuration androidTestImplementation
Creating configuration androidTestRuntimeOnly
Creating configuration androidTestCompileOnly
Creating configuration androidTestWearApp
Creating configuration androidTestAnnotationProcessor
Creating configuration testCompile
Creating configuration testPublish
Creating configuration testProvided
Creating configuration testApi
Creating configuration testImplementation
Creating configuration testRuntimeOnly
Creating configuration testCompileOnly
Creating configuration testWearApp
Creating configuration testAnnotationProcessor
Creating configuration debugCompile
Creating configuration debugPublish
Creating configuration debugProvided
Creating configuration debugApi
Creating configuration debugImplementation
Creating configuration debugRuntimeOnly
Creating configuration debugCompileOnly
Creating configuration debugWearApp
Creating configuration debugAnnotationProcessor
Creating configuration androidTestDebugCompile
Creating configuration androidTestDebugPublish
Creating configuration androidTestDebugProvided
Creating configuration androidTestDebugApi
Creating configuration androidTestDebugImplementation
Creating configuration androidTestDebugRuntimeOnly
Creating configuration androidTestDebugCompileOnly
Creating configuration androidTestDebugWearApp
Creating configuration androidTestDebugAnnotationProcessor
Creating configuration testDebugCompile
Creating configuration testDebugPublish
Creating configuration testDebugProvided
Creating configuration testDebugApi
Creating configuration testDebugImplementation
Creating configuration testDebugRuntimeOnly
Creating configuration testDebugCompileOnly
Creating configuration testDebugWearApp
Creating configuration testDebugAnnotationProcessor
Creating configuration releaseCompile
Creating configuration releasePublish
Creating configuration releaseProvided
Creating configuration releaseApi
Creating configuration releaseImplementation
Creating configuration releaseRuntimeOnly
Creating configuration releaseCompileOnly
Creating configuration releaseWearApp
Creating configuration releaseAnnotationProcessor
Creating configuration testReleaseCompile
Creating configuration testReleasePublish
Creating configuration testReleaseProvided
Creating configuration testReleaseApi
Creating configuration testReleaseImplementation
Creating configuration testReleaseRuntimeOnly
Creating configuration testReleaseCompileOnly
Creating configuration testReleaseWearApp
Creating configuration testReleaseAnnotationProcessor
Configuring signAndPublish task for project :

> Configure project :koin-android-ext
Evaluating project ':koin-android-ext' using build file '/Users/arnaudgiuliani/workspace/koin/koin/koin-projects/koin-android-ext/build.gradle'.
Creating configuration androidTestUtil
Creating configuration compile
Creating configuration publish
Creating configuration provided
Creating configuration api
Creating configuration implementation
Creating configuration runtimeOnly
Creating configuration compileOnly
Creating configuration wearApp
Creating configuration annotationProcessor
Creating configuration androidTestCompile
Creating configuration androidTestPublish
Creating configuration androidTestProvided
Creating configuration androidTestApi
Creating configuration androidTestImplementation
Creating configuration androidTestRuntimeOnly
Creating configuration androidTestCompileOnly
Creating configuration androidTestWearApp
Creating configuration androidTestAnnotationProcessor
Creating configuration testCompile
Creating configuration testPublish
Creating configuration testProvided
Creating configuration testApi
Creating configuration testImplementation
Creating configuration testRuntimeOnly
Creating configuration testCompileOnly
Creating configuration testWearApp
Creating configuration testAnnotationProcessor
Creating configuration debugCompile
Creating configuration debugPublish
Creating configuration debugProvided
Creating configuration debugApi
Creating configuration debugImplementation
Creating configuration debugRuntimeOnly
Creating configuration debugCompileOnly
Creating configuration debugWearApp
Creating configuration debugAnnotationProcessor
Creating configuration androidTestDebugCompile
Creating configuration androidTestDebugPublish
Creating configuration androidTestDebugProvided
Creating configuration androidTestDebugApi
Creating configuration androidTestDebugImplementation
Creating configuration androidTestDebugRuntimeOnly
Creating configuration androidTestDebugCompileOnly
Creating configuration androidTestDebugWearApp
Creating configuration androidTestDebugAnnotationProcessor
Creating configuration testDebugCompile
Creating configuration testDebugPublish
Creating configuration testDebugProvided
Creating configuration testDebugApi
Creating configuration testDebugImplementation
Creating configuration testDebugRuntimeOnly
Creating configuration testDebugCompileOnly
Creating configuration testDebugWearApp
Creating configuration testDebugAnnotationProcessor
Creating configuration releaseCompile
Creating configuration releasePublish
Creating configuration releaseProvided
Creating configuration releaseApi
Creating configuration releaseImplementation
Creating configuration releaseRuntimeOnly
Creating configuration releaseCompileOnly
Creating configuration releaseWearApp
Creating configuration releaseAnnotationProcessor
Creating configuration testReleaseCompile
Creating configuration testReleasePublish
Creating configuration testReleaseProvided
Creating configuration testReleaseApi
Creating configuration testReleaseImplementation
Creating configuration testReleaseRuntimeOnly
Creating configuration testReleaseCompileOnly
Creating configuration testReleaseWearApp
Creating configuration testReleaseAnnotationProcessor

> Configure project :koin-android-scope
Evaluating project ':koin-android-scope' using build file '/Users/arnaudgiuliani/workspace/koin/koin/koin-projects/koin-android-scope/build.gradle'.
Creating configuration androidTestUtil
Creating configuration compile
Creating configuration publish
Creating configuration provided
Creating configuration api
Creating configuration implementation
Creating configuration runtimeOnly
Creating configuration compileOnly
Creating configuration wearApp
Creating configuration annotationProcessor
Creating configuration androidTestCompile
Creating configuration androidTestPublish
Creating configuration androidTestProvided
Creating configuration androidTestApi
Creating configuration androidTestImplementation
Creating configuration androidTestRuntimeOnly
Creating configuration androidTestCompileOnly
Creating configuration androidTestWearApp
Creating configuration androidTestAnnotationProcessor
Creating configuration testCompile
Creating configuration testPublish
Creating configuration testProvided
Creating configuration testApi
Creating configuration testImplementation
Creating configuration testRuntimeOnly
Creating configuration testCompileOnly
Creating configuration testWearApp
Creating configuration testAnnotationProcessor
Creating configuration debugCompile
Creating configuration debugPublish
Creating configuration debugProvided
Creating configuration debugApi
Creating configuration debugImplementation
Creating configuration debugRuntimeOnly
Creating configuration debugCompileOnly
Creating configuration debugWearApp
Creating configuration debugAnnotationProcessor
Creating configuration androidTestDebugCompile
Creating configuration androidTestDebugPublish
Creating configuration androidTestDebugProvided
Creating configuration androidTestDebugApi
Creating configuration androidTestDebugImplementation
Creating configuration androidTestDebugRuntimeOnly
Creating configuration androidTestDebugCompileOnly
Creating configuration androidTestDebugWearApp
Creating configuration androidTestDebugAnnotationProcessor
Creating configuration testDebugCompile
Creating configuration testDebugPublish
Creating configuration testDebugProvided
Creating configuration testDebugApi
Creating configuration testDebugImplementation
Creating configuration testDebugRuntimeOnly
Creating configuration testDebugCompileOnly
Creating configuration testDebugWearApp
Creating configuration testDebugAnnotationProcessor
Creating configuration releaseCompile
Creating configuration releasePublish
Creating configuration releaseProvided
Creating configuration releaseApi
Creating configuration releaseImplementation
Creating configuration releaseRuntimeOnly
Creating configuration releaseCompileOnly
Creating configuration releaseWearApp
Creating configuration releaseAnnotationProcessor
Creating configuration testReleaseCompile
Creating configuration testReleasePublish
Creating configuration testReleaseProvided
Creating configuration testReleaseApi
Creating configuration testReleaseImplementation
Creating configuration testReleaseRuntimeOnly
Creating configuration testReleaseCompileOnly
Creating configuration testReleaseWearApp
Creating configuration testReleaseAnnotationProcessor

> Configure project :koin-android-viewmodel
Evaluating project ':koin-android-viewmodel' using build file '/Users/arnaudgiuliani/workspace/koin/koin/koin-projects/koin-android-viewmodel/build.gradle'.
Creating configuration androidTestUtil
Creating configuration compile
Creating configuration publish
Creating configuration provided
Creating configuration api
Creating configuration implementation
Creating configuration runtimeOnly
Creating configuration compileOnly
Creating configuration wearApp
Creating configuration annotationProcessor
Creating configuration androidTestCompile
Creating configuration androidTestPublish
Creating configuration androidTestProvided
Creating configuration androidTestApi
Creating configuration androidTestImplementation
Creating configuration androidTestRuntimeOnly
Creating configuration androidTestCompileOnly
Creating configuration androidTestWearApp
Creating configuration androidTestAnnotationProcessor
Creating configuration testCompile
Creating configuration testPublish
Creating configuration testProvided
Creating configuration testApi
Creating configuration testImplementation
Creating configuration testRuntimeOnly
Creating configuration testCompileOnly
Creating configuration testWearApp
Creating configuration testAnnotationProcessor
Creating configuration debugCompile
Creating configuration debugPublish
Creating configuration debugProvided
Creating configuration debugApi
Creating configuration debugImplementation
Creating configuration debugRuntimeOnly
Creating configuration debugCompileOnly
Creating configuration debugWearApp
Creating configuration debugAnnotationProcessor
Creating configuration androidTestDebugCompile
Creating configuration androidTestDebugPublish
Creating configuration androidTestDebugProvided
Creating configuration androidTestDebugApi
Creating configuration androidTestDebugImplementation
Creating configuration androidTestDebugRuntimeOnly
Creating configuration androidTestDebugCompileOnly
Creating configuration androidTestDebugWearApp
Creating configuration androidTestDebugAnnotationProcessor
Creating configuration testDebugCompile
Creating configuration testDebugPublish
Creating configuration testDebugProvided
Creating configuration testDebugApi
Creating configuration testDebugImplementation
Creating configuration testDebugRuntimeOnly
Creating configuration testDebugCompileOnly
Creating configuration testDebugWearApp
Creating configuration testDebugAnnotationProcessor
Creating configuration releaseCompile
Creating configuration releasePublish
Creating configuration releaseProvided
Creating configuration releaseApi
Creating configuration releaseImplementation
Creating configuration releaseRuntimeOnly
Creating configuration releaseCompileOnly
Creating configuration releaseWearApp
Creating configuration releaseAnnotationProcessor
Creating configuration testReleaseCompile
Creating configuration testReleasePublish
Creating configuration testReleaseProvided
Creating configuration testReleaseApi
Creating configuration testReleaseImplementation
Creating configuration testReleaseRuntimeOnly
Creating configuration testReleaseCompileOnly
Creating configuration testReleaseWearApp
Creating configuration testReleaseAnnotationProcessor

> Configure project :koin-androidx-ext
Evaluating project ':koin-androidx-ext' using build file '/Users/arnaudgiuliani/workspace/koin/koin/koin-projects/koin-androidx-ext/build.gradle'.
Creating configuration androidTestUtil
Creating configuration compile
Creating configuration publish
Creating configuration provided
Creating configuration api
Creating configuration implementation
Creating configuration runtimeOnly
Creating configuration compileOnly
Creating configuration wearApp
Creating configuration annotationProcessor
Creating configuration androidTestCompile
Creating configuration androidTestPublish
Creating configuration androidTestProvided
Creating configuration androidTestApi
Creating configuration androidTestImplementation
Creating configuration androidTestRuntimeOnly
Creating configuration androidTestCompileOnly
Creating configuration androidTestWearApp
Creating configuration androidTestAnnotationProcessor
Creating configuration testCompile
Creating configuration testPublish
Creating configuration testProvided
Creating configuration testApi
Creating configuration testImplementation
Creating configuration testRuntimeOnly
Creating configuration testCompileOnly
Creating configuration testWearApp
Creating configuration testAnnotationProcessor
Creating configuration debugCompile
Creating configuration debugPublish
Creating configuration debugProvided
Creating configuration debugApi
Creating configuration debugImplementation
Creating configuration debugRuntimeOnly
Creating configuration debugCompileOnly
Creating configuration debugWearApp
Creating configuration debugAnnotationProcessor
Creating configuration androidTestDebugCompile
Creating configuration androidTestDebugPublish
Creating configuration androidTestDebugProvided
Creating configuration androidTestDebugApi
Creating configuration androidTestDebugImplementation
Creating configuration androidTestDebugRuntimeOnly
Creating configuration androidTestDebugCompileOnly
Creating configuration androidTestDebugWearApp
Creating configuration androidTestDebugAnnotationProcessor
Creating configuration testDebugCompile
Creating configuration testDebugPublish
Creating configuration testDebugProvided
Creating configuration testDebugApi
Creating configuration testDebugImplementation
Creating configuration testDebugRuntimeOnly
Creating configuration testDebugCompileOnly
Creating configuration testDebugWearApp
Creating configuration testDebugAnnotationProcessor
Creating configuration releaseCompile
Creating configuration releasePublish
Creating configuration releaseProvided
Creating configuration releaseApi
Creating configuration releaseImplementation
Creating configuration releaseRuntimeOnly
Creating configuration releaseCompileOnly
Creating configuration releaseWearApp
Creating configuration releaseAnnotationProcessor
Creating configuration testReleaseCompile
Creating configuration testReleasePublish
Creating configuration testReleaseProvided
Creating configuration testReleaseApi
Creating configuration testReleaseImplementation
Creating configuration testReleaseRuntimeOnly
Creating configuration testReleaseCompileOnly
Creating configuration testReleaseWearApp
Creating configuration testReleaseAnnotationProcessor

> Configure project :koin-androidx-fragment
Evaluating project ':koin-androidx-fragment' using build file '/Users/arnaudgiuliani/workspace/koin/koin/koin-projects/koin-androidx-fragment/build.gradle'.
Creating configuration androidTestUtil
Creating configuration compile
Creating configuration publish
Creating configuration provided
Creating configuration api
Creating configuration implementation
Creating configuration runtimeOnly
Creating configuration compileOnly
Creating configuration wearApp
Creating configuration annotationProcessor
Creating configuration androidTestCompile
Creating configuration androidTestPublish
Creating configuration androidTestProvided
Creating configuration androidTestApi
Creating configuration androidTestImplementation
Creating configuration androidTestRuntimeOnly
Creating configuration androidTestCompileOnly
Creating configuration androidTestWearApp
Creating configuration androidTestAnnotationProcessor
Creating configuration testCompile
Creating configuration testPublish
Creating configuration testProvided
Creating configuration testApi
Creating configuration testImplementation
Creating configuration testRuntimeOnly
Creating configuration testCompileOnly
Creating configuration testWearApp
Creating configuration testAnnotationProcessor
Creating configuration debugCompile
Creating configuration debugPublish
Creating configuration debugProvided
Creating configuration debugApi
Creating configuration debugImplementation
Creating configuration debugRuntimeOnly
Creating configuration debugCompileOnly
Creating configuration debugWearApp
Creating configuration debugAnnotationProcessor
Creating configuration androidTestDebugCompile
Creating configuration androidTestDebugPublish
Creating configuration androidTestDebugProvided
Creating configuration androidTestDebugApi
Creating configuration androidTestDebugImplementation
Creating configuration androidTestDebugRuntimeOnly
Creating configuration androidTestDebugCompileOnly
Creating configuration androidTestDebugWearApp
Creating configuration androidTestDebugAnnotationProcessor
Creating configuration testDebugCompile
Creating configuration testDebugPublish
Creating configuration testDebugProvided
Creating configuration testDebugApi
Creating configuration testDebugImplementation
Creating configuration testDebugRuntimeOnly
Creating configuration testDebugCompileOnly
Creating configuration testDebugWearApp
Creating configuration testDebugAnnotationProcessor
Creating configuration releaseCompile
Creating configuration releasePublish
Creating configuration releaseProvided
Creating configuration releaseApi
Creating configuration releaseImplementation
Creating configuration releaseRuntimeOnly
Creating configuration releaseCompileOnly
Creating configuration releaseWearApp
Creating configuration releaseAnnotationProcessor
Creating configuration testReleaseCompile
Creating configuration testReleasePublish
Creating configuration testReleaseProvided
Creating configuration testReleaseApi
Creating configuration testReleaseImplementation
Creating configuration testReleaseRuntimeOnly
Creating configuration testReleaseCompileOnly
Creating configuration testReleaseWearApp
Creating configuration testReleaseAnnotationProcessor

> Configure project :koin-androidx-scope
Evaluating project ':koin-androidx-scope' using build file '/Users/arnaudgiuliani/workspace/koin/koin/koin-projects/koin-androidx-scope/build.gradle'.
Creating configuration androidTestUtil
Creating configuration compile
Creating configuration publish
Creating configuration provided
Creating configuration api
Creating configuration implementation
Creating configuration runtimeOnly
Creating configuration compileOnly
Creating configuration wearApp
Creating configuration annotationProcessor
Creating configuration androidTestCompile
Creating configuration androidTestPublish
Creating configuration androidTestProvided
Creating configuration androidTestApi
Creating configuration androidTestImplementation
Creating configuration androidTestRuntimeOnly
Creating configuration androidTestCompileOnly
Creating configuration androidTestWearApp
Creating configuration androidTestAnnotationProcessor
Creating configuration testCompile
Creating configuration testPublish
Creating configuration testProvided
Creating configuration testApi
Creating configuration testImplementation
Creating configuration testRuntimeOnly
Creating configuration testCompileOnly
Creating configuration testWearApp
Creating configuration testAnnotationProcessor
Creating configuration debugCompile
Creating configuration debugPublish
Creating configuration debugProvided
Creating configuration debugApi
Creating configuration debugImplementation
Creating configuration debugRuntimeOnly
Creating configuration debugCompileOnly
Creating configuration debugWearApp
Creating configuration debugAnnotationProcessor
Creating configuration androidTestDebugCompile
Creating configuration androidTestDebugPublish
Creating configuration androidTestDebugProvided
Creating configuration androidTestDebugApi
Creating configuration androidTestDebugImplementation
Creating configuration androidTestDebugRuntimeOnly
Creating configuration androidTestDebugCompileOnly
Creating configuration androidTestDebugWearApp
Creating configuration androidTestDebugAnnotationProcessor
Creating configuration testDebugCompile
Creating configuration testDebugPublish
Creating configuration testDebugProvided
Creating configuration testDebugApi
Creating configuration testDebugImplementation
Creating configuration testDebugRuntimeOnly
Creating configuration testDebugCompileOnly
Creating configuration testDebugWearApp
Creating configuration testDebugAnnotationProcessor
Creating configuration releaseCompile
Creating configuration releasePublish
Creating configuration releaseProvided
Creating configuration releaseApi
Creating configuration releaseImplementation
Creating configuration releaseRuntimeOnly
Creating configuration releaseCompileOnly
Creating configuration releaseWearApp
Creating configuration releaseAnnotationProcessor
Creating configuration testReleaseCompile
Creating configuration testReleasePublish
Creating configuration testReleaseProvided
Creating configuration testReleaseApi
Creating configuration testReleaseImplementation
Creating configuration testReleaseRuntimeOnly
Creating configuration testReleaseCompileOnly
Creating configuration testReleaseWearApp
Creating configuration testReleaseAnnotationProcessor

> Configure project :koin-androidx-viewmodel
Evaluating project ':koin-androidx-viewmodel' using build file '/Users/arnaudgiuliani/workspace/koin/koin/koin-projects/koin-androidx-viewmodel/build.gradle'.
Creating configuration androidTestUtil
Creating configuration compile
Creating configuration publish
Creating configuration provided
Creating configuration api
Creating configuration implementation
Creating configuration runtimeOnly
Creating configuration compileOnly
Creating configuration wearApp
Creating configuration annotationProcessor
Creating configuration androidTestCompile
Creating configuration androidTestPublish
Creating configuration androidTestProvided
Creating configuration androidTestApi
Creating configuration androidTestImplementation
Creating configuration androidTestRuntimeOnly
Creating configuration androidTestCompileOnly
Creating configuration androidTestWearApp
Creating configuration androidTestAnnotationProcessor
Creating configuration testCompile
Creating configuration testPublish
Creating configuration testProvided
Creating configuration testApi
Creating configuration testImplementation
Creating configuration testRuntimeOnly
Creating configuration testCompileOnly
Creating configuration testWearApp
Creating configuration testAnnotationProcessor
Creating configuration debugCompile
Creating configuration debugPublish
Creating configuration debugProvided
Creating configuration debugApi
Creating configuration debugImplementation
Creating configuration debugRuntimeOnly
Creating configuration debugCompileOnly
Creating configuration debugWearApp
Creating configuration debugAnnotationProcessor
Creating configuration androidTestDebugCompile
Creating configuration androidTestDebugPublish
Creating configuration androidTestDebugProvided
Creating configuration androidTestDebugApi
Creating configuration androidTestDebugImplementation
Creating configuration androidTestDebugRuntimeOnly
Creating configuration androidTestDebugCompileOnly
Creating configuration androidTestDebugWearApp
Creating configuration androidTestDebugAnnotationProcessor
Creating configuration testDebugCompile
Creating configuration testDebugPublish
Creating configuration testDebugProvided
Creating configuration testDebugApi
Creating configuration testDebugImplementation
Creating configuration testDebugRuntimeOnly
Creating configuration testDebugCompileOnly
Creating configuration testDebugWearApp
Creating configuration testDebugAnnotationProcessor
Creating configuration releaseCompile
Creating configuration releasePublish
Creating configuration releaseProvided
Creating configuration releaseApi
Creating configuration releaseImplementation
Creating configuration releaseRuntimeOnly
Creating configuration releaseCompileOnly
Creating configuration releaseWearApp
Creating configuration releaseAnnotationProcessor
Creating configuration testReleaseCompile
Creating configuration testReleasePublish
Creating configuration testReleaseProvided
Creating configuration testReleaseApi
Creating configuration testReleaseImplementation
Creating configuration testReleaseRuntimeOnly
Creating configuration testReleaseCompileOnly
Creating configuration testReleaseWearApp
Creating configuration testReleaseAnnotationProcessor

> Configure project :koin-core
Evaluating project ':koin-core' using build file '/Users/arnaudgiuliani/workspace/koin/koin/koin-projects/koin-core/build.gradle'.
kotlin scripting plugin: created the scripting discovery configuration: kotlinScriptDef
kotlin scripting plugin: created the scripting discovery configuration: testKotlinScriptDef

> Configure project :koin-core-ext
Evaluating project ':koin-core-ext' using build file '/Users/arnaudgiuliani/workspace/koin/koin/koin-projects/koin-core-ext/build.gradle'.
kotlin scripting plugin: created the scripting discovery configuration: kotlinScriptDef
kotlin scripting plugin: created the scripting discovery configuration: testKotlinScriptDef

> Configure project :koin-ktor
Evaluating project ':koin-ktor' using build file '/Users/arnaudgiuliani/workspace/koin/koin/koin-projects/koin-ktor/build.gradle'.
kotlin scripting plugin: created the scripting discovery configuration: kotlinScriptDef
kotlin scripting plugin: created the scripting discovery configuration: testKotlinScriptDef

> Configure project :koin-logger-slf4j
Evaluating project ':koin-logger-slf4j' using build file '/Users/arnaudgiuliani/workspace/koin/koin/koin-projects/koin-logger-slf4j/build.gradle'.
kotlin scripting plugin: created the scripting discovery configuration: kotlinScriptDef
kotlin scripting plugin: created the scripting discovery configuration: testKotlinScriptDef

> Configure project :koin-test
Evaluating project ':koin-test' using build file '/Users/arnaudgiuliani/workspace/koin/koin/koin-projects/koin-test/build.gradle'.
kotlin scripting plugin: created the scripting discovery configuration: kotlinScriptDef
kotlin scripting plugin: created the scripting discovery configuration: testKotlinScriptDef

> Configure project :examples:android-perfs
Evaluating project ':examples:android-perfs' using build file '/Users/arnaudgiuliani/workspace/koin/koin/koin-projects/examples/android-perfs/build.gradle'.
Creating configuration androidTestUtil
Creating configuration compile
Creating configuration apk
Creating configuration provided
Creating configuration api
Creating configuration implementation
Creating configuration runtimeOnly
Creating configuration compileOnly
Creating configuration wearApp
Creating configuration annotationProcessor
Creating configuration androidTestCompile
Creating configuration androidTestApk
Creating configuration androidTestProvided
Creating configuration androidTestApi
Creating configuration androidTestImplementation
Creating configuration androidTestRuntimeOnly
Creating configuration androidTestCompileOnly
Creating configuration androidTestWearApp
Creating configuration androidTestAnnotationProcessor
Creating configuration testCompile
Creating configuration testApk
Creating configuration testProvided
Creating configuration testApi
Creating configuration testImplementation
Creating configuration testRuntimeOnly
Creating configuration testCompileOnly
Creating configuration testWearApp
Creating configuration testAnnotationProcessor
Creating configuration debugCompile
Creating configuration debugApk
Creating configuration debugProvided
Creating configuration debugApi
Creating configuration debugImplementation
Creating configuration debugRuntimeOnly
Creating configuration debugCompileOnly
Creating configuration debugWearApp
Creating configuration debugAnnotationProcessor
Creating configuration androidTestDebugCompile
Creating configuration androidTestDebugApk
Creating configuration androidTestDebugProvided
Creating configuration androidTestDebugApi
Creating configuration androidTestDebugImplementation
Creating configuration androidTestDebugRuntimeOnly
Creating configuration androidTestDebugCompileOnly
Creating configuration androidTestDebugWearApp
Creating configuration androidTestDebugAnnotationProcessor
Creating configuration testDebugCompile
Creating configuration testDebugApk
Creating configuration testDebugProvided
Creating configuration testDebugApi
Creating configuration testDebugImplementation
Creating configuration testDebugRuntimeOnly
Creating configuration testDebugCompileOnly
Creating configuration testDebugWearApp
Creating configuration testDebugAnnotationProcessor
Creating configuration releaseCompile
Creating configuration releaseApk
Creating configuration releaseProvided
Creating configuration releaseApi
Creating configuration releaseImplementation
Creating configuration releaseRuntimeOnly
Creating configuration releaseCompileOnly
Creating configuration releaseWearApp
Creating configuration releaseAnnotationProcessor
Creating configuration testReleaseCompile
Creating configuration testReleaseApk
Creating configuration testReleaseProvided
Creating configuration testReleaseApi
Creating configuration testReleaseImplementation
Creating configuration testReleaseRuntimeOnly
Creating configuration testReleaseCompileOnly
Creating configuration testReleaseWearApp
Creating configuration testReleaseAnnotationProcessor

> Configure project :examples:android-samples
Evaluating project ':examples:android-samples' using build file '/Users/arnaudgiuliani/workspace/koin/koin/koin-projects/examples/android-samples/build.gradle'.
Creating configuration androidTestUtil
Creating configuration compile
Creating configuration apk
Creating configuration provided
Creating configuration api
Creating configuration implementation
Creating configuration runtimeOnly
Creating configuration compileOnly
Creating configuration wearApp
Creating configuration annotationProcessor
Creating configuration androidTestCompile
Creating configuration androidTestApk
Creating configuration androidTestProvided
Creating configuration androidTestApi
Creating configuration androidTestImplementation
Creating configuration androidTestRuntimeOnly
Creating configuration androidTestCompileOnly
Creating configuration androidTestWearApp
Creating configuration androidTestAnnotationProcessor
Creating configuration testCompile
Creating configuration testApk
Creating configuration testProvided
Creating configuration testApi
Creating configuration testImplementation
Creating configuration testRuntimeOnly
Creating configuration testCompileOnly
Creating configuration testWearApp
Creating configuration testAnnotationProcessor
Creating configuration debugCompile
Creating configuration debugApk
Creating configuration debugProvided
Creating configuration debugApi
Creating configuration debugImplementation
Creating configuration debugRuntimeOnly
Creating configuration debugCompileOnly
Creating configuration debugWearApp
Creating configuration debugAnnotationProcessor
Creating configuration androidTestDebugCompile
Creating configuration androidTestDebugApk
Creating configuration androidTestDebugProvided
Creating configuration androidTestDebugApi
Creating configuration androidTestDebugImplementation
Creating configuration androidTestDebugRuntimeOnly
Creating configuration androidTestDebugCompileOnly
Creating configuration androidTestDebugWearApp
Creating configuration androidTestDebugAnnotationProcessor
Creating configuration testDebugCompile
Creating configuration testDebugApk
Creating configuration testDebugProvided
Creating configuration testDebugApi
Creating configuration testDebugImplementation
Creating configuration testDebugRuntimeOnly
Creating configuration testDebugCompileOnly
Creating configuration testDebugWearApp
Creating configuration testDebugAnnotationProcessor
Creating configuration releaseCompile
Creating configuration releaseApk
Creating configuration releaseProvided
Creating configuration releaseApi
Creating configuration releaseImplementation
Creating configuration releaseRuntimeOnly
Creating configuration releaseCompileOnly
Creating configuration releaseWearApp
Creating configuration releaseAnnotationProcessor
Creating configuration testReleaseCompile
Creating configuration testReleaseApk
Creating configuration testReleaseProvided
Creating configuration testReleaseApi
Creating configuration testReleaseImplementation
Creating configuration testReleaseRuntimeOnly
Creating configuration testReleaseCompileOnly
Creating configuration testReleaseWearApp
Creating configuration testReleaseAnnotationProcessor

> Configure project :examples:androidx-samples
Evaluating project ':examples:androidx-samples' using build file '/Users/arnaudgiuliani/workspace/koin/koin/koin-projects/examples/androidx-samples/build.gradle'.
Creating configuration androidTestUtil
Creating configuration compile
Creating configuration apk
Creating configuration provided
Creating configuration api
Creating configuration implementation
Creating configuration runtimeOnly
Creating configuration compileOnly
Creating configuration wearApp
Creating configuration annotationProcessor
Creating configuration androidTestCompile
Creating configuration androidTestApk
Creating configuration androidTestProvided
Creating configuration androidTestApi
Creating configuration androidTestImplementation
Creating configuration androidTestRuntimeOnly
Creating configuration androidTestCompileOnly
Creating configuration androidTestWearApp
Creating configuration androidTestAnnotationProcessor
Creating configuration testCompile
Creating configuration testApk
Creating configuration testProvided
Creating configuration testApi
Creating configuration testImplementation
Creating configuration testRuntimeOnly
Creating configuration testCompileOnly
Creating configuration testWearApp
Creating configuration testAnnotationProcessor
Creating configuration debugCompile
Creating configuration debugApk
Creating configuration debugProvided
Creating configuration debugApi
Creating configuration debugImplementation
Creating configuration debugRuntimeOnly
Creating configuration debugCompileOnly
Creating configuration debugWearApp
Creating configuration debugAnnotationProcessor
Creating configuration androidTestDebugCompile
Creating configuration androidTestDebugApk
Creating configuration androidTestDebugProvided
Creating configuration androidTestDebugApi
Creating configuration androidTestDebugImplementation
Creating configuration androidTestDebugRuntimeOnly
Creating configuration androidTestDebugCompileOnly
Creating configuration androidTestDebugWearApp
Creating configuration androidTestDebugAnnotationProcessor
Creating configuration testDebugCompile
Creating configuration testDebugApk
Creating configuration testDebugProvided
Creating configuration testDebugApi
Creating configuration testDebugImplementation
Creating configuration testDebugRuntimeOnly
Creating configuration testDebugCompileOnly
Creating configuration testDebugWearApp
Creating configuration testDebugAnnotationProcessor
Creating configuration releaseCompile
Creating configuration releaseApk
Creating configuration releaseProvided
Creating configuration releaseApi
Creating configuration releaseImplementation
Creating configuration releaseRuntimeOnly
Creating configuration releaseCompileOnly
Creating configuration releaseWearApp
Creating configuration releaseAnnotationProcessor
Creating configuration testReleaseCompile
Creating configuration testReleaseApk
Creating configuration testReleaseProvided
Creating configuration testReleaseApi
Creating configuration testReleaseImplementation
Creating configuration testReleaseRuntimeOnly
Creating configuration testReleaseCompileOnly
Creating configuration testReleaseWearApp
Creating configuration testReleaseAnnotationProcessor

> Configure project :examples:coffee-maker
Evaluating project ':examples:coffee-maker' using build file '/Users/arnaudgiuliani/workspace/koin/koin/koin-projects/examples/coffee-maker/build.gradle'.
kotlin scripting plugin: created the scripting discovery configuration: kotlinScriptDef
kotlin scripting plugin: created the scripting discovery configuration: testKotlinScriptDef

> Configure project :examples:hello-ktor
Evaluating project ':examples:hello-ktor' using build file '/Users/arnaudgiuliani/workspace/koin/koin/koin-projects/examples/hello-ktor/build.gradle'.
kotlin scripting plugin: created the scripting discovery configuration: kotlinScriptDef
kotlin scripting plugin: created the scripting discovery configuration: testKotlinScriptDef
All projects evaluated.
Analytics other plugin to proto: Unknown plugin type org.jetbrains.dokka.gradle.DokkaPlugin expected enum ORG_JETBRAINS_DOKKA_GRADLE_DOKKAPLUGIN
Analytics other plugin to proto: Unknown plugin type org.jetbrains.dokka.gradle.DokkaPlugin expected enum ORG_JETBRAINS_DOKKA_GRADLE_DOKKAPLUGIN
Analytics other plugin to proto: Unknown plugin type org.jetbrains.dokka.gradle.DokkaPlugin expected enum ORG_JETBRAINS_DOKKA_GRADLE_DOKKAPLUGIN
Analytics other plugin to proto: Unknown plugin type org.gradle.api.publish.plugins.PublishingPlugin expected enum ORG_GRADLE_API_PUBLISH_PLUGINS_PUBLISHINGPLUGIN
Analytics other plugin to proto: Unknown plugin type digital.wup.android_maven_publish.AndroidMavenPublishPlugin expected enum DIGITAL_WUP_ANDROID_MAVEN_PUBLISH_ANDROIDMAVENPUBLISHPLUGIN
Analytics other plugin to proto: Unknown plugin type org.jetbrains.dokka.gradle.DokkaPlugin expected enum ORG_JETBRAINS_DOKKA_GRADLE_DOKKAPLUGIN
Analytics other plugin to proto: Unknown plugin type org.gradle.api.publish.plugins.PublishingPlugin expected enum ORG_GRADLE_API_PUBLISH_PLUGINS_PUBLISHINGPLUGIN
Analytics other plugin to proto: Unknown plugin type digital.wup.android_maven_publish.AndroidMavenPublishPlugin expected enum DIGITAL_WUP_ANDROID_MAVEN_PUBLISH_ANDROIDMAVENPUBLISHPLUGIN
Analytics other plugin to proto: Unknown plugin type org.jetbrains.dokka.gradle.DokkaPlugin expected enum ORG_JETBRAINS_DOKKA_GRADLE_DOKKAPLUGIN
Analytics other plugin to proto: Unknown plugin type org.gradle.api.publish.plugins.PublishingPlugin expected enum ORG_GRADLE_API_PUBLISH_PLUGINS_PUBLISHINGPLUGIN
Analytics other plugin to proto: Unknown plugin type digital.wup.android_maven_publish.AndroidMavenPublishPlugin expected enum DIGITAL_WUP_ANDROID_MAVEN_PUBLISH_ANDROIDMAVENPUBLISHPLUGIN
Analytics other plugin to proto: Unknown plugin type org.jetbrains.dokka.gradle.DokkaPlugin expected enum ORG_JETBRAINS_DOKKA_GRADLE_DOKKAPLUGIN
Analytics other plugin to proto: Unknown plugin type org.gradle.api.publish.plugins.PublishingPlugin expected enum ORG_GRADLE_API_PUBLISH_PLUGINS_PUBLISHINGPLUGIN
Analytics other plugin to proto: Unknown plugin type digital.wup.android_maven_publish.AndroidMavenPublishPlugin expected enum DIGITAL_WUP_ANDROID_MAVEN_PUBLISH_ANDROIDMAVENPUBLISHPLUGIN
Analytics other plugin to proto: Unknown plugin type org.jetbrains.dokka.gradle.DokkaPlugin expected enum ORG_JETBRAINS_DOKKA_GRADLE_DOKKAPLUGIN
Analytics other plugin to proto: Unknown plugin type org.gradle.api.publish.plugins.PublishingPlugin expected enum ORG_GRADLE_API_PUBLISH_PLUGINS_PUBLISHINGPLUGIN
Analytics other plugin to proto: Unknown plugin type digital.wup.android_maven_publish.AndroidMavenPublishPlugin expected enum DIGITAL_WUP_ANDROID_MAVEN_PUBLISH_ANDROIDMAVENPUBLISHPLUGIN
Analytics other plugin to proto: Unknown plugin type org.jetbrains.dokka.gradle.DokkaPlugin expected enum ORG_JETBRAINS_DOKKA_GRADLE_DOKKAPLUGIN
Analytics other plugin to proto: Unknown plugin type org.gradle.api.publish.plugins.PublishingPlugin expected enum ORG_GRADLE_API_PUBLISH_PLUGINS_PUBLISHINGPLUGIN
Analytics other plugin to proto: Unknown plugin type digital.wup.android_maven_publish.AndroidMavenPublishPlugin expected enum DIGITAL_WUP_ANDROID_MAVEN_PUBLISH_ANDROIDMAVENPUBLISHPLUGIN
Analytics other plugin to proto: Unknown plugin type org.jetbrains.dokka.gradle.DokkaPlugin expected enum ORG_JETBRAINS_DOKKA_GRADLE_DOKKAPLUGIN
Analytics other plugin to proto: Unknown plugin type org.gradle.api.publish.plugins.PublishingPlugin expected enum ORG_GRADLE_API_PUBLISH_PLUGINS_PUBLISHINGPLUGIN
Analytics other plugin to proto: Unknown plugin type digital.wup.android_maven_publish.AndroidMavenPublishPlugin expected enum DIGITAL_WUP_ANDROID_MAVEN_PUBLISH_ANDROIDMAVENPUBLISHPLUGIN
Analytics other plugin to proto: Unknown plugin type org.jetbrains.dokka.gradle.DokkaPlugin expected enum ORG_JETBRAINS_DOKKA_GRADLE_DOKKAPLUGIN
Analytics other plugin to proto: Unknown plugin type org.gradle.api.publish.plugins.PublishingPlugin expected enum ORG_GRADLE_API_PUBLISH_PLUGINS_PUBLISHINGPLUGIN
Analytics other plugin to proto: Unknown plugin type digital.wup.android_maven_publish.AndroidMavenPublishPlugin expected enum DIGITAL_WUP_ANDROID_MAVEN_PUBLISH_ANDROIDMAVENPUBLISHPLUGIN
Analytics other plugin to proto: Unknown plugin type org.jetbrains.dokka.gradle.DokkaPlugin expected enum ORG_JETBRAINS_DOKKA_GRADLE_DOKKAPLUGIN
Analytics other plugin to proto: Unknown plugin type org.jetbrains.kotlin.gradle.scripting.internal.ScriptingGradleSubplugin expected enum ORG_JETBRAINS_KOTLIN_GRADLE_SCRIPTING_INTERNAL_SCRIPTINGGRADLESUBPLUGIN
Analytics other plugin to proto: Unknown plugin type org.jetbrains.kotlin.gradle.plugin.KotlinPluginWrapper expected enum ORG_JETBRAINS_KOTLIN_GRADLE_PLUGIN_KOTLINPLUGINWRAPPER
Analytics other plugin to proto: Unknown plugin type org.gradle.api.publish.plugins.PublishingPlugin expected enum ORG_GRADLE_API_PUBLISH_PLUGINS_PUBLISHINGPLUGIN
Analytics other plugin to proto: Unknown plugin type org.jetbrains.dokka.gradle.DokkaPlugin expected enum ORG_JETBRAINS_DOKKA_GRADLE_DOKKAPLUGIN
Analytics other plugin to proto: Unknown plugin type org.jetbrains.kotlin.gradle.scripting.internal.ScriptingGradleSubplugin expected enum ORG_JETBRAINS_KOTLIN_GRADLE_SCRIPTING_INTERNAL_SCRIPTINGGRADLESUBPLUGIN
Analytics other plugin to proto: Unknown plugin type org.jetbrains.kotlin.gradle.plugin.KotlinPluginWrapper expected enum ORG_JETBRAINS_KOTLIN_GRADLE_PLUGIN_KOTLINPLUGINWRAPPER
Analytics other plugin to proto: Unknown plugin type org.gradle.api.publish.plugins.PublishingPlugin expected enum ORG_GRADLE_API_PUBLISH_PLUGINS_PUBLISHINGPLUGIN
Analytics other plugin to proto: Unknown plugin type org.jetbrains.dokka.gradle.DokkaPlugin expected enum ORG_JETBRAINS_DOKKA_GRADLE_DOKKAPLUGIN
Analytics other plugin to proto: Unknown plugin type org.jetbrains.kotlin.gradle.scripting.internal.ScriptingGradleSubplugin expected enum ORG_JETBRAINS_KOTLIN_GRADLE_SCRIPTING_INTERNAL_SCRIPTINGGRADLESUBPLUGIN
Analytics other plugin to proto: Unknown plugin type org.jetbrains.kotlin.gradle.plugin.KotlinPluginWrapper expected enum ORG_JETBRAINS_KOTLIN_GRADLE_PLUGIN_KOTLINPLUGINWRAPPER
Analytics other plugin to proto: Unknown plugin type org.gradle.api.publish.plugins.PublishingPlugin expected enum ORG_GRADLE_API_PUBLISH_PLUGINS_PUBLISHINGPLUGIN
Analytics other plugin to proto: Unknown plugin type org.jetbrains.dokka.gradle.DokkaPlugin expected enum ORG_JETBRAINS_DOKKA_GRADLE_DOKKAPLUGIN
Analytics other plugin to proto: Unknown plugin type org.jetbrains.kotlin.gradle.scripting.internal.ScriptingGradleSubplugin expected enum ORG_JETBRAINS_KOTLIN_GRADLE_SCRIPTING_INTERNAL_SCRIPTINGGRADLESUBPLUGIN
Analytics other plugin to proto: Unknown plugin type org.jetbrains.kotlin.gradle.plugin.KotlinPluginWrapper expected enum ORG_JETBRAINS_KOTLIN_GRADLE_PLUGIN_KOTLINPLUGINWRAPPER
Analytics other plugin to proto: Unknown plugin type org.gradle.api.publish.plugins.PublishingPlugin expected enum ORG_GRADLE_API_PUBLISH_PLUGINS_PUBLISHINGPLUGIN
Analytics other plugin to proto: Unknown plugin type org.jetbrains.dokka.gradle.DokkaPlugin expected enum ORG_JETBRAINS_DOKKA_GRADLE_DOKKAPLUGIN
Analytics other plugin to proto: Unknown plugin type org.jetbrains.kotlin.gradle.scripting.internal.ScriptingGradleSubplugin expected enum ORG_JETBRAINS_KOTLIN_GRADLE_SCRIPTING_INTERNAL_SCRIPTINGGRADLESUBPLUGIN
Analytics other plugin to proto: Unknown plugin type org.jetbrains.kotlin.gradle.plugin.KotlinPluginWrapper expected enum ORG_JETBRAINS_KOTLIN_GRADLE_PLUGIN_KOTLINPLUGINWRAPPER
Analytics other plugin to proto: Unknown plugin type org.gradle.api.publish.plugins.PublishingPlugin expected enum ORG_GRADLE_API_PUBLISH_PLUGINS_PUBLISHINGPLUGIN
Analytics other plugin to proto: Unknown plugin type org.jetbrains.dokka.gradle.DokkaPlugin expected enum ORG_JETBRAINS_DOKKA_GRADLE_DOKKAPLUGIN
Analytics other plugin to proto: Unknown plugin type org.jetbrains.dokka.gradle.DokkaPlugin expected enum ORG_JETBRAINS_DOKKA_GRADLE_DOKKAPLUGIN
Analytics other plugin to proto: Unknown plugin type org.jetbrains.dokka.gradle.DokkaPlugin expected enum ORG_JETBRAINS_DOKKA_GRADLE_DOKKAPLUGIN
Analytics other plugin to proto: Unknown plugin type org.jetbrains.dokka.gradle.DokkaPlugin expected enum ORG_JETBRAINS_DOKKA_GRADLE_DOKKAPLUGIN
Analytics other plugin to proto: Unknown plugin type org.jetbrains.kotlin.gradle.scripting.internal.ScriptingGradleSubplugin expected enum ORG_JETBRAINS_KOTLIN_GRADLE_SCRIPTING_INTERNAL_SCRIPTINGGRADLESUBPLUGIN
Analytics other plugin to proto: Unknown plugin type org.jetbrains.kotlin.gradle.plugin.KotlinPluginWrapper expected enum ORG_JETBRAINS_KOTLIN_GRADLE_PLUGIN_KOTLINPLUGINWRAPPER
Analytics other plugin to proto: Unknown plugin type org.jetbrains.dokka.gradle.DokkaPlugin expected enum ORG_JETBRAINS_DOKKA_GRADLE_DOKKAPLUGIN
Analytics other plugin to proto: Unknown plugin type org.jetbrains.kotlin.gradle.scripting.internal.ScriptingGradleSubplugin expected enum ORG_JETBRAINS_KOTLIN_GRADLE_SCRIPTING_INTERNAL_SCRIPTINGGRADLESUBPLUGIN
Analytics other plugin to proto: Unknown plugin type org.jetbrains.kotlin.gradle.plugin.KotlinPluginWrapper expected enum ORG_JETBRAINS_KOTLIN_GRADLE_PLUGIN_KOTLINPLUGINWRAPPER
Selected primary task ':koin-core:test' from project :koin-core
Tasks to be executed: [task ':koin-core:compileKotlin', task ':koin-core:compileJava', task ':koin-core:processResources', task ':koin-core:classes', task ':koin-core:compileTestKotlin', task ':koin-core:compileTestJava', task ':koin-core:processTestResources', task ':koin-core:testClasses', task ':koin-core:test']
:koin-core:compileKotlin (Thread[Execution worker for ':',5,main]) started.

> Task :koin-core:compileKotlin UP-TO-DATE
Task :koin-core:compileKotlin in koin-android Starting
Build cache key for task ':koin-core:compileKotlin' is 4b12a9373b073531d9bf81e6b72ef5d0
Skipping task ':koin-core:compileKotlin' as it is up-to-date.
Task :koin-core:compileKotlin in koin-android Finished
:koin-core:compileKotlin (Thread[Execution worker for ':',5,main]) completed. Took 0.009 secs.
:koin-core:compileJava (Thread[Execution worker for ':',5,main]) started.

> Task :koin-core:compileJava NO-SOURCE
Task :koin-core:compileJava in koin-android Starting
file or directory '/Users/arnaudgiuliani/workspace/koin/koin/koin-projects/koin-core/src/main/java', not found
Skipping task ':koin-core:compileJava' as it has no source files and no previous output files.
Task :koin-core:compileJava in koin-android Finished
:koin-core:compileJava (Thread[Execution worker for ':',5,main]) completed. Took 0.0 secs.
:koin-core:processResources (Thread[Execution worker for ':',5,main]) started.

> Task :koin-core:processResources NO-SOURCE
Task :koin-core:processResources in koin-android Starting
file or directory '/Users/arnaudgiuliani/workspace/koin/koin/koin-projects/koin-core/src/main/resources', not found
Skipping task ':koin-core:processResources' as it has no source files and no previous output files.
Task :koin-core:processResources in koin-android Finished
:koin-core:processResources (Thread[Execution worker for ':',5,main]) completed. Took 0.0 secs.
:koin-core:classes (Thread[Execution worker for ':',5,main]) started.

> Task :koin-core:classes UP-TO-DATE
Task :koin-core:classes in koin-android Starting
Skipping task ':koin-core:classes' as it has no actions.
Task :koin-core:classes in koin-android Finished
:koin-core:classes (Thread[Execution worker for ':',5,main]) completed. Took 0.0 secs.
:koin-core:compileTestKotlin (Thread[Execution worker for ':' Thread 4,5,main]) started.

> Task :koin-core:compileTestKotlin UP-TO-DATE
Task :koin-core:compileTestKotlin in koin-android Starting
file or directory '/Users/arnaudgiuliani/workspace/koin/koin/koin-projects/koin-core/src/test/kotlin', not found
Build cache key for task ':koin-core:compileTestKotlin' is b00260ff6a6b989d0a3bb857f405188f
Skipping task ':koin-core:compileTestKotlin' as it is up-to-date.
Task :koin-core:compileTestKotlin in koin-android Finished
:koin-core:compileTestKotlin (Thread[Execution worker for ':' Thread 4,5,main]) completed. Took 0.019 secs.
:koin-core:compileTestJava (Thread[Execution worker for ':' Thread 4,5,main]) started.

> Task :koin-core:compileTestJava UP-TO-DATE
Task :koin-core:compileTestJava in koin-android Starting
Custom actions are attached to task ':koin-core:compileTestJava'.
Build cache key for task ':koin-core:compileTestJava' is 3548fe256d21cb0504c7350372995b8a
Skipping task ':koin-core:compileTestJava' as it is up-to-date.
Task :koin-core:compileTestJava in koin-android Finished
:koin-core:compileTestJava (Thread[Execution worker for ':' Thread 4,5,main]) completed. Took 0.003 secs.
:koin-core:processTestResources (Thread[Execution worker for ':' Thread 4,5,main]) started.

> Task :koin-core:processTestResources UP-TO-DATE
Task :koin-core:processTestResources in koin-android Starting
Caching disabled for task ':koin-core:processTestResources' because:
  Caching has not been enabled for the task
Skipping task ':koin-core:processTestResources' as it is up-to-date.
Task :koin-core:processTestResources in koin-android Finished
:koin-core:processTestResources (Thread[Execution worker for ':' Thread 4,5,main]) completed. Took 0.0 secs.
:koin-core:testClasses (Thread[Execution worker for ':' Thread 4,5,main]) started.

> Task :koin-core:testClasses UP-TO-DATE
Task :koin-core:testClasses in koin-android Starting
Skipping task ':koin-core:testClasses' as it has no actions.
Task :koin-core:testClasses in koin-android Finished
:koin-core:testClasses (Thread[Execution worker for ':' Thread 4,5,main]) completed. Took 0.0 secs.
:koin-core:test (Thread[Execution worker for ':' Thread 4,5,main]) started.
Gradle Test Executor 7 started executing tests.

> Task :koin-core:test
Task :koin-core:test in koin-android Starting
Build cache key for task ':koin-core:test' is cdfad01d495de32b214d7be8761d6941
Task ':koin-core:test' is not up-to-date because:
  Task has failed previously.
Starting process 'Gradle Test Executor 7'. Working directory: /Users/arnaudgiuliani/workspace/koin/koin/koin-projects/koin-core Command: /Library/Java/JavaVirtualMachines/jdk1.8.0_191.jdk/Contents/Home/bin/java -Djava.security.manager=worker.org.gradle.process.internal.worker.child.BootstrapSecurityManager -Dorg.gradle.native=false -Xmx512m -Dfile.encoding=UTF-8 -Duser.country=GB -Duser.language=en -Duser.variant -ea -cp /Users/arnaudgiuliani/.gradle/caches/5.4.1/workerMain/gradle-worker.jar worker.org.gradle.process.internal.worker.GradleWorkerMain 'Gradle Test Executor 7'
Successfully started process 'Gradle Test Executor 7'

org.koin.dsl.AdditionalTypeBindingTest > can resolve an additional types STANDARD_OUT
    [INFO] [Koin] loaded 1 definitions - 1.37565 ms
    [INFO] [Koin] create context - 5.404316 ms

org.koin.dsl.AdditionalTypeBindingTest > resolve first additional type STANDARD_OUT
    [INFO] [Koin] loaded 2 definitions - 0.028568 ms
    [DEBUG] [Koin] - [Single:'org.koin.Simple$Component1',binds:org.koin.Simple$ComponentInterface1]
    [DEBUG] [Koin] - [Single:'org.koin.Simple$Component2',binds:org.koin.Simple$ComponentInterface1]
    [INFO] [Koin] create context - 6.089898 ms
    [DEBUG] [Koin] +- get 'org.koin.Simple$ComponentInterface1' with qualifier 'null'
    [DEBUG] [Koin] | create instance for [Single:'org.koin.Simple$Component1',binds:org.koin.Simple$ComponentInterface1]
    [DEBUG] [Koin] +- got 'org.koin.Simple$ComponentInterface1' in 0.450444 ms
    [DEBUG] [Koin] | create instance for [Single:'org.koin.Simple$Component2',binds:org.koin.Simple$ComponentInterface1]

org.koin.dsl.AdditionalTypeBindingTest > additional type conflict STANDARD_OUT
    [INFO] [Koin] loaded 2 definitions - 0.022471 ms
    [DEBUG] [Koin] - [Single:'org.koin.Simple$ComponentInterface1']
    [DEBUG] [Koin] - [Single:'org.koin.Simple$Component2',binds:org.koin.Simple$ComponentInterface1]
    [INFO] [Koin] create context - 0.412984 ms
    [DEBUG] [Koin] | create instance for [Single:'org.koin.Simple$Component2',binds:org.koin.Simple$ComponentInterface1]
    [DEBUG] [Koin] | create instance for [Single:'org.koin.Simple$ComponentInterface1']
    [DEBUG] [Koin] +- get 'org.koin.Simple$ComponentInterface1' with qualifier 'null'
    [DEBUG] [Koin] +- got 'org.koin.Simple$ComponentInterface1' in 0.005694 ms

org.koin.dsl.AdditionalTypeBindingTest > can resolve an additional type STANDARD_OUT
    [INFO] [Koin] loaded 1 definitions - 0.022044 ms
    [INFO] [Koin] create context - 0.01732 ms

org.koin.dsl.AdditionalTypeBindingTest > can resolve an additional type - bind() STANDARD_OUT
    [INFO] [Koin] loaded 1 definitions - 0.023321 ms
    [INFO] [Koin] create context - 0.018877 ms

org.koin.dsl.AdditionalTypeBindingTest > should not conflict name & default type STANDARD_OUT
    [INFO] [Koin] loaded 2 definitions - 0.043732 ms
    [INFO] [Koin] create context - 0.03912 ms

org.koin.dsl.AdditionalTypeBindingTest > can resolve an additional type - bind STANDARD_OUT
    [INFO] [Koin] loaded 1 definitions - 0.024017 ms
    [INFO] [Koin] create context - 0.025772 ms

org.koin.dsl.AdditionalTypeBindingTest > conflicting with additional types SKIPPED

org.koin.dsl.AdditionalTypeBindingTest > additional type conflict - error STANDARD_OUT
    [INFO] [Koin] loaded 2 definitions - 0.032628 ms
    [DEBUG] [Koin] - [Single:'org.koin.Simple$ComponentInterface1']
    [DEBUG] [Koin] - [Single:'org.koin.Simple$Component2',binds:org.koin.Simple$ComponentInterface1]
    [INFO] [Koin] create context - 0.232851 ms

org.koin.dsl.AdditionalTypeBindingTest > can resolve an additional type in DSL STANDARD_OUT
    [INFO] [Koin] loaded 3 definitions - 0.055359 ms
    [DEBUG] [Koin] - [Single:'org.koin.Simple$Component1',binds:org.koin.Simple$ComponentInterface1]
    [DEBUG] [Koin] - [Single:'org.koin.Simple$Component2',binds:org.koin.Simple$ComponentInterface1]
    [DEBUG] [Koin] - [Single:'org.koin.Simple$UserComponent']
    [INFO] [Koin] create context - 0.256835 ms
    [DEBUG] [Koin] +- get 'org.koin.Simple$UserComponent' with qualifier 'null'
    [DEBUG] [Koin] | create instance for [Single:'org.koin.Simple$UserComponent']
    [DEBUG] [Koin] | create instance for [Single:'org.koin.Simple$Component1',binds:org.koin.Simple$ComponentInterface1]
    [DEBUG] [Koin] +- got 'org.koin.Simple$UserComponent' in 0.213962 ms
    [DEBUG] [Koin] +- get 'org.koin.Simple$Component1' with qualifier 'null'
    [DEBUG] [Koin] +- got 'org.koin.Simple$Component1' in 0.005993 ms

org.koin.java.UnitJavaTest > successful_get STANDARD_OUT
    [INFO] [Koin] loaded 4 definitions - 0.073067 ms
    [INFO] [Koin] create context - 0.032838 ms

org.koin.java.UnitJavaTest > successful_lazy STANDARD_OUT
    [INFO] [Koin] loaded 4 definitions - 0.043437 ms
    [INFO] [Koin] create context - 0.019667 ms

org.koin.full.TODOAppTest > overloaded module STANDARD_OUT
    [INFO] [Koin] loaded 2 definitions - 0.077687 ms
    [DEBUG] [Koin] - [Single:'org.koin.full.TODOAppTest$TasksDataSource']
    [DEBUG] [Koin] - [Single:'org.koin.full.TODOAppTest$TasksRepository']
    [INFO] [Koin] create context - 0.139849 ms
    [DEBUG] [Koin] +- get 'org.koin.full.TODOAppTest$TasksDataSource' with qualifier 'null'
    [DEBUG] [Koin] | create instance for [Single:'org.koin.full.TODOAppTest$TasksDataSource']
    [DEBUG] [Koin] +- got 'org.koin.full.TODOAppTest$TasksDataSource' in 0.455775 ms

org.koin.full.TODOAppTest > default module STANDARD_OUT
    [INFO] [Koin] loaded 2 definitions - 0.029879 ms
    [DEBUG] [Koin] - [Single:'org.koin.full.TODOAppTest$TasksDataSource']
    [DEBUG] [Koin] - [Single:'org.koin.full.TODOAppTest$TasksRepository']
    [INFO] [Koin] create context - 0.140941 ms
    [DEBUG] [Koin] +- get 'org.koin.full.TODOAppTest$TasksDataSource' with qualifier 'null'
    [DEBUG] [Koin] | create instance for [Single:'org.koin.full.TODOAppTest$TasksDataSource']
    [DEBUG] [Koin] +- got 'org.koin.full.TODOAppTest$TasksDataSource' in 0.302101 ms

org.koin.full.TODOAppTest > overloaded definition STANDARD_OUT
    [INFO] [Koin] loaded 2 definitions - 0.044999 ms
    [DEBUG] [Koin] - [Single:'org.koin.full.TODOAppTest$TasksDataSource']
    [DEBUG] [Koin] - [Single:'org.koin.full.TODOAppTest$TasksRepository']
    [INFO] [Koin] create context - 0.140479 ms
    [DEBUG] [Koin] +- get 'org.koin.full.TODOAppTest$TasksDataSource' with qualifier 'null'
    [DEBUG] [Koin] | create instance for [Single:'org.koin.full.TODOAppTest$TasksDataSource']
    [DEBUG] [Koin] +- got 'org.koin.full.TODOAppTest$TasksDataSource' in 0.073052 ms

org.koin.core.CoroutinesTest > KoinApp with coroutines gets STANDARD_OUT
    thread sleep  565
    thread sleep  340
    thread sleep  938

org.koin.core.OpenCloseScopeInstanceTest > can't get definition from another scope STANDARD_ERROR
    org.koin.core.error.NoScopeDefFoundException: No Scope Definition found for qualifer 'otherName'
    	at org.koin.core.registry.ScopeRegistry.createScope(ScopeRegistry.kt:128)
    	at org.koin.core.Koin.createScope(Koin.kt:180)
    	at org.koin.core.OpenCloseScopeInstanceTest.can't get definition from another scope(OpenCloseScopeInstanceTest.kt:46)
    	at sun.reflect.NativeMethodAccessorImpl.invoke0(Native Method)
    	at sun.reflect.NativeMethodAccessorImpl.invoke(NativeMethodAccessorImpl.java:62)
    	at sun.reflect.DelegatingMethodAccessorImpl.invoke(DelegatingMethodAccessorImpl.java:43)
    	at java.lang.reflect.Method.invoke(Method.java:498)
    	at org.junit.runners.model.FrameworkMethod$1.runReflectiveCall(FrameworkMethod.java:50)
    	at org.junit.internal.runners.model.ReflectiveCallable.run(ReflectiveCallable.java:12)
    	at org.junit.runners.model.FrameworkMethod.invokeExplosively(FrameworkMethod.java:47)
    	at org.junit.internal.runners.statements.InvokeMethod.evaluate(InvokeMethod.java:17)
    	at org.junit.runners.ParentRunner.runLeaf(ParentRunner.java:325)
    	at org.junit.runners.BlockJUnit4ClassRunner.runChild(BlockJUnit4ClassRunner.java:78)
    	at org.junit.runners.BlockJUnit4ClassRunner.runChild(BlockJUnit4ClassRunner.java:57)
    	at org.junit.runners.ParentRunner$3.run(ParentRunner.java:290)
    	at org.junit.runners.ParentRunner$1.schedule(ParentRunner.java:71)
    	at org.junit.runners.ParentRunner.runChildren(ParentRunner.java:288)
    	at org.junit.runners.ParentRunner.access$000(ParentRunner.java:58)
    	at org.junit.runners.ParentRunner$2.evaluate(ParentRunner.java:268)
    	at org.junit.runners.ParentRunner.run(ParentRunner.java:363)
    	at org.gradle.api.internal.tasks.testing.junit.JUnitTestClassExecutor.runTestClass(JUnitTestClassExecutor.java:110)
    	at org.gradle.api.internal.tasks.testing.junit.JUnitTestClassExecutor.execute(JUnitTestClassExecutor.java:58)
    	at org.gradle.api.internal.tasks.testing.junit.JUnitTestClassExecutor.execute(JUnitTestClassExecutor.java:38)
    	at org.gradle.api.internal.tasks.testing.junit.AbstractJUnitTestClassProcessor.processTestClass(AbstractJUnitTestClassProcessor.java:62)
    	at org.gradle.api.internal.tasks.testing.SuiteTestClassProcessor.processTestClass(SuiteTestClassProcessor.java:51)
    	at sun.reflect.NativeMethodAccessorImpl.invoke0(Native Method)
    	at sun.reflect.NativeMethodAccessorImpl.invoke(NativeMethodAccessorImpl.java:62)
    	at sun.reflect.DelegatingMethodAccessorImpl.invoke(DelegatingMethodAccessorImpl.java:43)
    	at java.lang.reflect.Method.invoke(Method.java:498)
    	at org.gradle.internal.dispatch.ReflectionDispatch.dispatch(ReflectionDispatch.java:35)
    	at org.gradle.internal.dispatch.ReflectionDispatch.dispatch(ReflectionDispatch.java:24)
    	at org.gradle.internal.dispatch.ContextClassLoaderDispatch.dispatch(ContextClassLoaderDispatch.java:32)
    	at org.gradle.internal.dispatch.ProxyDispatchAdapter$DispatchingInvocationHandler.invoke(ProxyDispatchAdapter.java:93)
    	at com.sun.proxy.$Proxy2.processTestClass(Unknown Source)
    	at org.gradle.api.internal.tasks.testing.worker.TestWorker.processTestClass(TestWorker.java:118)
    	at sun.reflect.NativeMethodAccessorImpl.invoke0(Native Method)
    	at sun.reflect.NativeMethodAccessorImpl.invoke(NativeMethodAccessorImpl.java:62)
    	at sun.reflect.DelegatingMethodAccessorImpl.invoke(DelegatingMethodAccessorImpl.java:43)
    	at java.lang.reflect.Method.invoke(Method.java:498)
    	at org.gradle.internal.dispatch.ReflectionDispatch.dispatch(ReflectionDispatch.java:35)
    	at org.gradle.internal.dispatch.ReflectionDispatch.dispatch(ReflectionDispatch.java:24)
    	at org.gradle.internal.remote.internal.hub.MessageHubBackedObjectConnection$DispatchWrapper.dispatch(MessageHubBackedObjectConnection.java:175)
    	at org.gradle.internal.remote.internal.hub.MessageHubBackedObjectConnection$DispatchWrapper.dispatch(MessageHubBackedObjectConnection.java:157)
    	at org.gradle.internal.remote.internal.hub.MessageHub$Handler.run(MessageHub.java:404)
    	at org.gradle.internal.concurrent.ExecutorPolicy$CatchAndRecordFailures.onExecute(ExecutorPolicy.java:63)
    	at org.gradle.internal.concurrent.ManagedExecutorImpl$1.run(ManagedExecutorImpl.java:46)
    	at java.util.concurrent.ThreadPoolExecutor.runWorker(ThreadPoolExecutor.java:1149)
    	at java.util.concurrent.ThreadPoolExecutor$Worker.run(ThreadPoolExecutor.java:624)
    	at org.gradle.internal.concurrent.ThreadFactoryImpl$ManagedThreadRunnable.run(ThreadFactoryImpl.java:55)
    	at java.lang.Thread.run(Thread.java:748)

org.koin.core.OpenCloseScopeInstanceTest > can't get definition from wrong scope STANDARD_ERROR
    org.koin.core.error.NoBeanDefFoundException: No definition found for class:'org.koin.Simple$ComponentA'. Check your definitions!
    	at org.koin.core.scope.Scope.throwDefinitionNotFound(Scope.kt:218)
    	at org.koin.core.scope.Scope.resolveInstance(Scope.kt:192)
    	at org.koin.core.scope.Scope.get(Scope.kt:149)
    	at org.koin.core.OpenCloseScopeInstanceTest.can't get definition from wrong scope(OpenCloseScopeInstanceTest.kt:121)
    	at sun.reflect.NativeMethodAccessorImpl.invoke0(Native Method)
    	at sun.reflect.NativeMethodAccessorImpl.invoke(NativeMethodAccessorImpl.java:62)
    	at sun.reflect.DelegatingMethodAccessorImpl.invoke(DelegatingMethodAccessorImpl.java:43)
    	at java.lang.reflect.Method.invoke(Method.java:498)
    	at org.junit.runners.model.FrameworkMethod$1.runReflectiveCall(FrameworkMethod.java:50)
    	at org.junit.internal.runners.model.ReflectiveCallable.run(ReflectiveCallable.java:12)
    	at org.junit.runners.model.FrameworkMethod.invokeExplosively(FrameworkMethod.java:47)
    	at org.junit.internal.runners.statements.InvokeMethod.evaluate(InvokeMethod.java:17)
    	at org.junit.runners.ParentRunner.runLeaf(ParentRunner.java:325)
    	at org.junit.runners.BlockJUnit4ClassRunner.runChild(BlockJUnit4ClassRunner.java:78)
    	at org.junit.runners.BlockJUnit4ClassRunner.runChild(BlockJUnit4ClassRunner.java:57)
    	at org.junit.runners.ParentRunner$3.run(ParentRunner.java:290)
    	at org.junit.runners.ParentRunner$1.schedule(ParentRunner.java:71)
    	at org.junit.runners.ParentRunner.runChildren(ParentRunner.java:288)
    	at org.junit.runners.ParentRunner.access$000(ParentRunner.java:58)
    	at org.junit.runners.ParentRunner$2.evaluate(ParentRunner.java:268)
    	at org.junit.runners.ParentRunner.run(ParentRunner.java:363)
    	at org.gradle.api.internal.tasks.testing.junit.JUnitTestClassExecutor.runTestClass(JUnitTestClassExecutor.java:110)
    	at org.gradle.api.internal.tasks.testing.junit.JUnitTestClassExecutor.execute(JUnitTestClassExecutor.java:58)
    	at org.gradle.api.internal.tasks.testing.junit.JUnitTestClassExecutor.execute(JUnitTestClassExecutor.java:38)
    	at org.gradle.api.internal.tasks.testing.junit.AbstractJUnitTestClassProcessor.processTestClass(AbstractJUnitTestClassProcessor.java:62)
    	at org.gradle.api.internal.tasks.testing.SuiteTestClassProcessor.processTestClass(SuiteTestClassProcessor.java:51)
    	at sun.reflect.NativeMethodAccessorImpl.invoke0(Native Method)
    	at sun.reflect.NativeMethodAccessorImpl.invoke(NativeMethodAccessorImpl.java:62)
    	at sun.reflect.DelegatingMethodAccessorImpl.invoke(DelegatingMethodAccessorImpl.java:43)
    	at java.lang.reflect.Method.invoke(Method.java:498)
    	at org.gradle.internal.dispatch.ReflectionDispatch.dispatch(ReflectionDispatch.java:35)
    	at org.gradle.internal.dispatch.ReflectionDispatch.dispatch(ReflectionDispatch.java:24)
    	at org.gradle.internal.dispatch.ContextClassLoaderDispatch.dispatch(ContextClassLoaderDispatch.java:32)
    	at org.gradle.internal.dispatch.ProxyDispatchAdapter$DispatchingInvocationHandler.invoke(ProxyDispatchAdapter.java:93)
    	at com.sun.proxy.$Proxy2.processTestClass(Unknown Source)
    	at org.gradle.api.internal.tasks.testing.worker.TestWorker.processTestClass(TestWorker.java:118)
    	at sun.reflect.NativeMethodAccessorImpl.invoke0(Native Method)
    	at sun.reflect.NativeMethodAccessorImpl.invoke(NativeMethodAccessorImpl.java:62)
    	at sun.reflect.DelegatingMethodAccessorImpl.invoke(DelegatingMethodAccessorImpl.java:43)
    	at java.lang.reflect.Method.invoke(Method.java:498)
    	at org.gradle.internal.dispatch.ReflectionDispatch.dispatch(ReflectionDispatch.java:35)
    	at org.gradle.internal.dispatch.ReflectionDispatch.dispatch(ReflectionDispatch.java:24)
    	at org.gradle.internal.remote.internal.hub.MessageHubBackedObjectConnection$DispatchWrapper.dispatch(MessageHubBackedObjectConnection.java:175)
    	at org.gradle.internal.remote.internal.hub.MessageHubBackedObjectConnection$DispatchWrapper.dispatch(MessageHubBackedObjectConnection.java:157)
    	at org.gradle.internal.remote.internal.hub.MessageHub$Handler.run(MessageHub.java:404)
    	at org.gradle.internal.concurrent.ExecutorPolicy$CatchAndRecordFailures.onExecute(ExecutorPolicy.java:63)
    	at org.gradle.internal.concurrent.ManagedExecutorImpl$1.run(ManagedExecutorImpl.java:46)
    	at java.util.concurrent.ThreadPoolExecutor.runWorker(ThreadPoolExecutor.java:1149)
    	at java.util.concurrent.ThreadPoolExecutor$Worker.run(ThreadPoolExecutor.java:624)
    	at org.gradle.internal.concurrent.ThreadFactoryImpl$ManagedThreadRunnable.run(ThreadFactoryImpl.java:55)
    	at java.lang.Thread.run(Thread.java:748)

org.koin.core.MultithreadTest > multi thread get STANDARD_OUT
    thread sleep  356
    thread sleep  43
    thread sleep  68

org.koin.core.ClosedScopeAPI > bad mix definition from a scope STANDARD_ERROR
    org.koin.core.error.InstanceCreationException: Could not create instance for [Single:'org.koin.Simple$ComponentB',scope:'SCOPE_2']
    	at org.koin.core.instance.InstanceFactory.create(InstanceFactory.kt:59)
    	at org.koin.core.instance.SingleInstanceFactory.create(SingleInstanceFactory.kt:40)
    	at org.koin.core.instance.SingleInstanceFactory.get(SingleInstanceFactory.kt:48)
    	at org.koin.core.registry.InstanceRegistry.resolveInstance$koin_core(InstanceRegistry.kt:87)
    	at org.koin.core.scope.Scope.resolveInstance(Scope.kt:190)
    	at org.koin.core.scope.Scope.get(Scope.kt:149)
    	at org.koin.core.ClosedScopeAPI.bad mix definition from a scope(ClosedScopeAPI.kt:365)
    	at sun.reflect.NativeMethodAccessorImpl.invoke0(Native Method)
    	at sun.reflect.NativeMethodAccessorImpl.invoke(NativeMethodAccessorImpl.java:62)
    	at sun.reflect.DelegatingMethodAccessorImpl.invoke(DelegatingMethodAccessorImpl.java:43)
    	at java.lang.reflect.Method.invoke(Method.java:498)
    	at org.junit.runners.model.FrameworkMethod$1.runReflectiveCall(FrameworkMethod.java:50)
    	at org.junit.internal.runners.model.ReflectiveCallable.run(ReflectiveCallable.java:12)
    	at org.junit.runners.model.FrameworkMethod.invokeExplosively(FrameworkMethod.java:47)
    	at org.junit.internal.runners.statements.InvokeMethod.evaluate(InvokeMethod.java:17)
    	at org.junit.runners.ParentRunner.runLeaf(ParentRunner.java:325)
    	at org.junit.runners.BlockJUnit4ClassRunner.runChild(BlockJUnit4ClassRunner.java:78)
    	at org.junit.runners.BlockJUnit4ClassRunner.runChild(BlockJUnit4ClassRunner.java:57)
    	at org.junit.runners.ParentRunner$3.run(ParentRunner.java:290)
    	at org.junit.runners.ParentRunner$1.schedule(ParentRunner.java:71)
    	at org.junit.runners.ParentRunner.runChildren(ParentRunner.java:288)
    	at org.junit.runners.ParentRunner.access$000(ParentRunner.java:58)
    	at org.junit.runners.ParentRunner$2.evaluate(ParentRunner.java:268)
    	at org.junit.runners.ParentRunner.run(ParentRunner.java:363)
    	at org.gradle.api.internal.tasks.testing.junit.JUnitTestClassExecutor.runTestClass(JUnitTestClassExecutor.java:110)
    	at org.gradle.api.internal.tasks.testing.junit.JUnitTestClassExecutor.execute(JUnitTestClassExecutor.java:58)
    	at org.gradle.api.internal.tasks.testing.junit.JUnitTestClassExecutor.execute(JUnitTestClassExecutor.java:38)
    	at org.gradle.api.internal.tasks.testing.junit.AbstractJUnitTestClassProcessor.processTestClass(AbstractJUnitTestClassProcessor.java:62)
    	at org.gradle.api.internal.tasks.testing.SuiteTestClassProcessor.processTestClass(SuiteTestClassProcessor.java:51)
    	at sun.reflect.NativeMethodAccessorImpl.invoke0(Native Method)
    	at sun.reflect.NativeMethodAccessorImpl.invoke(NativeMethodAccessorImpl.java:62)
    	at sun.reflect.DelegatingMethodAccessorImpl.invoke(DelegatingMethodAccessorImpl.java:43)
    	at java.lang.reflect.Method.invoke(Method.java:498)
    	at org.gradle.internal.dispatch.ReflectionDispatch.dispatch(ReflectionDispatch.java:35)
    	at org.gradle.internal.dispatch.ReflectionDispatch.dispatch(ReflectionDispatch.java:24)
    	at org.gradle.internal.dispatch.ContextClassLoaderDispatch.dispatch(ContextClassLoaderDispatch.java:32)
    	at org.gradle.internal.dispatch.ProxyDispatchAdapter$DispatchingInvocationHandler.invoke(ProxyDispatchAdapter.java:93)
    	at com.sun.proxy.$Proxy2.processTestClass(Unknown Source)
    	at org.gradle.api.internal.tasks.testing.worker.TestWorker.processTestClass(TestWorker.java:118)
    	at sun.reflect.NativeMethodAccessorImpl.invoke0(Native Method)
    	at sun.reflect.NativeMethodAccessorImpl.invoke(NativeMethodAccessorImpl.java:62)
    	at sun.reflect.DelegatingMethodAccessorImpl.invoke(DelegatingMethodAccessorImpl.java:43)
    	at java.lang.reflect.Method.invoke(Method.java:498)
    	at org.gradle.internal.dispatch.ReflectionDispatch.dispatch(ReflectionDispatch.java:35)
    	at org.gradle.internal.dispatch.ReflectionDispatch.dispatch(ReflectionDispatch.java:24)
    	at org.gradle.internal.remote.internal.hub.MessageHubBackedObjectConnection$DispatchWrapper.dispatch(MessageHubBackedObjectConnection.java:175)
    	at org.gradle.internal.remote.internal.hub.MessageHubBackedObjectConnection$DispatchWrapper.dispatch(MessageHubBackedObjectConnection.java:157)
    	at org.gradle.internal.remote.internal.hub.MessageHub$Handler.run(MessageHub.java:404)
    	at org.gradle.internal.concurrent.ExecutorPolicy$CatchAndRecordFailures.onExecute(ExecutorPolicy.java:63)
    	at org.gradle.internal.concurrent.ManagedExecutorImpl$1.run(ManagedExecutorImpl.java:46)
    	at java.util.concurrent.ThreadPoolExecutor.runWorker(ThreadPoolExecutor.java:1149)
    	at java.util.concurrent.ThreadPoolExecutor$Worker.run(ThreadPoolExecutor.java:624)
    	at org.gradle.internal.concurrent.ThreadFactoryImpl$ManagedThreadRunnable.run(ThreadFactoryImpl.java:55)
    	at java.lang.Thread.run(Thread.java:748)
    Caused by: org.koin.core.error.NoBeanDefFoundException: No definition found for class:'org.koin.Simple$ComponentA'. Check your definitions!
    	at org.koin.core.scope.Scope.throwDefinitionNotFound(Scope.kt:218)
    	at org.koin.core.scope.Scope.resolveInstance(Scope.kt:192)
    	at org.koin.core.scope.Scope.get(Scope.kt:149)
    	at org.koin.core.ClosedScopeAPI$bad mix definition from a scope$koin$1$1$2$1.invoke(ClosedScopeAPI.kt:239)
    	at org.koin.core.ClosedScopeAPI$bad mix definition from a scope$koin$1$1$2$1.invoke(ClosedScopeAPI.kt:13)
    	at org.koin.core.instance.InstanceFactory.create(InstanceFactory.kt:50)
    	... 53 more

org.koin.core.ClosedScopeAPI > get definition from current scopes type STANDARD_OUT
    [INFO] [Koin] loaded 1 definitions - 0.048303 ms
    [INFO] [Koin] create context - 0.012486 ms

org.koin.core.ParametersHolderTest > can't create parameters more than max params STANDARD_ERROR
    java.lang.IllegalStateException: Can't build DefinitionParameters for more than 5 arguments
    	at org.koin.core.parameter.DefinitionParametersKt.parametersOf(DefinitionParameters.kt:82)
    	at org.koin.core.ParametersHolderTest.can't create parameters more than max params(ParametersHolderTest.kt:43)
    	at sun.reflect.NativeMethodAccessorImpl.invoke0(Native Method)
    	at sun.reflect.NativeMethodAccessorImpl.invoke(NativeMethodAccessorImpl.java:62)
    	at sun.reflect.DelegatingMethodAccessorImpl.invoke(DelegatingMethodAccessorImpl.java:43)
    	at java.lang.reflect.Method.invoke(Method.java:498)
    	at org.junit.runners.model.FrameworkMethod$1.runReflectiveCall(FrameworkMethod.java:50)
    	at org.junit.internal.runners.model.ReflectiveCallable.run(ReflectiveCallable.java:12)
    	at org.junit.runners.model.FrameworkMethod.invokeExplosively(FrameworkMethod.java:47)
    	at org.junit.internal.runners.statements.InvokeMethod.evaluate(InvokeMethod.java:17)
    	at org.junit.runners.ParentRunner.runLeaf(ParentRunner.java:325)
    	at org.junit.runners.BlockJUnit4ClassRunner.runChild(BlockJUnit4ClassRunner.java:78)
    	at org.junit.runners.BlockJUnit4ClassRunner.runChild(BlockJUnit4ClassRunner.java:57)
    	at org.junit.runners.ParentRunner$3.run(ParentRunner.java:290)
    	at org.junit.runners.ParentRunner$1.schedule(ParentRunner.java:71)
    	at org.junit.runners.ParentRunner.runChildren(ParentRunner.java:288)
    	at org.junit.runners.ParentRunner.access$000(ParentRunner.java:58)
    	at org.junit.runners.ParentRunner$2.evaluate(ParentRunner.java:268)
    	at org.junit.runners.ParentRunner.run(ParentRunner.java:363)
    	at org.gradle.api.internal.tasks.testing.junit.JUnitTestClassExecutor.runTestClass(JUnitTestClassExecutor.java:110)
    	at org.gradle.api.internal.tasks.testing.junit.JUnitTestClassExecutor.execute(JUnitTestClassExecutor.java:58)
    	at org.gradle.api.internal.tasks.testing.junit.JUnitTestClassExecutor.execute(JUnitTestClassExecutor.java:38)
    	at org.gradle.api.internal.tasks.testing.junit.AbstractJUnitTestClassProcessor.processTestClass(AbstractJUnitTestClassProcessor.java:62)
    	at org.gradle.api.internal.tasks.testing.SuiteTestClassProcessor.processTestClass(SuiteTestClassProcessor.java:51)
    	at sun.reflect.NativeMethodAccessorImpl.invoke0(Native Method)
    	at sun.reflect.NativeMethodAccessorImpl.invoke(NativeMethodAccessorImpl.java:62)
    	at sun.reflect.DelegatingMethodAccessorImpl.invoke(DelegatingMethodAccessorImpl.java:43)
    	at java.lang.reflect.Method.invoke(Method.java:498)
    	at org.gradle.internal.dispatch.ReflectionDispatch.dispatch(ReflectionDispatch.java:35)
    	at org.gradle.internal.dispatch.ReflectionDispatch.dispatch(ReflectionDispatch.java:24)
    	at org.gradle.internal.dispatch.ContextClassLoaderDispatch.dispatch(ContextClassLoaderDispatch.java:32)
    	at org.gradle.internal.dispatch.ProxyDispatchAdapter$DispatchingInvocationHandler.invoke(ProxyDispatchAdapter.java:93)
    	at com.sun.proxy.$Proxy2.processTestClass(Unknown Source)
    	at org.gradle.api.internal.tasks.testing.worker.TestWorker.processTestClass(TestWorker.java:118)
    	at sun.reflect.NativeMethodAccessorImpl.invoke0(Native Method)
    	at sun.reflect.NativeMethodAccessorImpl.invoke(NativeMethodAccessorImpl.java:62)
    	at sun.reflect.DelegatingMethodAccessorImpl.invoke(DelegatingMethodAccessorImpl.java:43)
    	at java.lang.reflect.Method.invoke(Method.java:498)
    	at org.gradle.internal.dispatch.ReflectionDispatch.dispatch(ReflectionDispatch.java:35)
    	at org.gradle.internal.dispatch.ReflectionDispatch.dispatch(ReflectionDispatch.java:24)
    	at org.gradle.internal.remote.internal.hub.MessageHubBackedObjectConnection$DispatchWrapper.dispatch(MessageHubBackedObjectConnection.java:175)
    	at org.gradle.internal.remote.internal.hub.MessageHubBackedObjectConnection$DispatchWrapper.dispatch(MessageHubBackedObjectConnection.java:157)
    	at org.gradle.internal.remote.internal.hub.MessageHub$Handler.run(MessageHub.java:404)
    	at org.gradle.internal.concurrent.ExecutorPolicy$CatchAndRecordFailures.onExecute(ExecutorPolicy.java:63)
    	at org.gradle.internal.concurrent.ManagedExecutorImpl$1.run(ManagedExecutorImpl.java:46)
    	at java.util.concurrent.ThreadPoolExecutor.runWorker(ThreadPoolExecutor.java:1149)
    	at java.util.concurrent.ThreadPoolExecutor$Worker.run(ThreadPoolExecutor.java:624)
    	at org.gradle.internal.concurrent.ThreadFactoryImpl$ManagedThreadRunnable.run(ThreadFactoryImpl.java:55)
    	at java.lang.Thread.run(Thread.java:748)

org.koin.core.ScopeAPITest > can't create scope instance with unknown scope def STANDARD_ERROR
    org.koin.core.error.NoScopeDefFoundException: No Scope Definition found for qualifer 'a_scope'
    	at org.koin.core.registry.ScopeRegistry.createScope(ScopeRegistry.kt:128)
    	at org.koin.core.Koin.createScope(Koin.kt:180)
    	at org.koin.core.ScopeAPITest.can't create scope instance with unknown scope def(ScopeAPITest.kt:58)
    	at sun.reflect.NativeMethodAccessorImpl.invoke0(Native Method)
    	at sun.reflect.NativeMethodAccessorImpl.invoke(NativeMethodAccessorImpl.java:62)
    	at sun.reflect.DelegatingMethodAccessorImpl.invoke(DelegatingMethodAccessorImpl.java:43)
    	at java.lang.reflect.Method.invoke(Method.java:498)
    	at org.junit.runners.model.FrameworkMethod$1.runReflectiveCall(FrameworkMethod.java:50)
    	at org.junit.internal.runners.model.ReflectiveCallable.run(ReflectiveCallable.java:12)
    	at org.junit.runners.model.FrameworkMethod.invokeExplosively(FrameworkMethod.java:47)
    	at org.junit.internal.runners.statements.InvokeMethod.evaluate(InvokeMethod.java:17)
    	at org.junit.runners.ParentRunner.runLeaf(ParentRunner.java:325)
    	at org.junit.runners.BlockJUnit4ClassRunner.runChild(BlockJUnit4ClassRunner.java:78)
    	at org.junit.runners.BlockJUnit4ClassRunner.runChild(BlockJUnit4ClassRunner.java:57)
    	at org.junit.runners.ParentRunner$3.run(ParentRunner.java:290)
    	at org.junit.runners.ParentRunner$1.schedule(ParentRunner.java:71)
    	at org.junit.runners.ParentRunner.runChildren(ParentRunner.java:288)
    	at org.junit.runners.ParentRunner.access$000(ParentRunner.java:58)
    	at org.junit.runners.ParentRunner$2.evaluate(ParentRunner.java:268)
    	at org.junit.runners.ParentRunner.run(ParentRunner.java:363)
    	at org.gradle.api.internal.tasks.testing.junit.JUnitTestClassExecutor.runTestClass(JUnitTestClassExecutor.java:110)
    	at org.gradle.api.internal.tasks.testing.junit.JUnitTestClassExecutor.execute(JUnitTestClassExecutor.java:58)
    	at org.gradle.api.internal.tasks.testing.junit.JUnitTestClassExecutor.execute(JUnitTestClassExecutor.java:38)
    	at org.gradle.api.internal.tasks.testing.junit.AbstractJUnitTestClassProcessor.processTestClass(AbstractJUnitTestClassProcessor.java:62)
    	at org.gradle.api.internal.tasks.testing.SuiteTestClassProcessor.processTestClass(SuiteTestClassProcessor.java:51)
    	at sun.reflect.NativeMethodAccessorImpl.invoke0(Native Method)
    	at sun.reflect.NativeMethodAccessorImpl.invoke(NativeMethodAccessorImpl.java:62)
    	at sun.reflect.DelegatingMethodAccessorImpl.invoke(DelegatingMethodAccessorImpl.java:43)
    	at java.lang.reflect.Method.invoke(Method.java:498)
    	at org.gradle.internal.dispatch.ReflectionDispatch.dispatch(ReflectionDispatch.java:35)
    	at org.gradle.internal.dispatch.ReflectionDispatch.dispatch(ReflectionDispatch.java:24)
    	at org.gradle.internal.dispatch.ContextClassLoaderDispatch.dispatch(ContextClassLoaderDispatch.java:32)
    	at org.gradle.internal.dispatch.ProxyDispatchAdapter$DispatchingInvocationHandler.invoke(ProxyDispatchAdapter.java:93)
    	at com.sun.proxy.$Proxy2.processTestClass(Unknown Source)
    	at org.gradle.api.internal.tasks.testing.worker.TestWorker.processTestClass(TestWorker.java:118)
    	at sun.reflect.NativeMethodAccessorImpl.invoke0(Native Method)
    	at sun.reflect.NativeMethodAccessorImpl.invoke(NativeMethodAccessorImpl.java:62)
    	at sun.reflect.DelegatingMethodAccessorImpl.invoke(DelegatingMethodAccessorImpl.java:43)
    	at java.lang.reflect.Method.invoke(Method.java:498)
    	at org.gradle.internal.dispatch.ReflectionDispatch.dispatch(ReflectionDispatch.java:35)
    	at org.gradle.internal.dispatch.ReflectionDispatch.dispatch(ReflectionDispatch.java:24)
    	at org.gradle.internal.remote.internal.hub.MessageHubBackedObjectConnection$DispatchWrapper.dispatch(MessageHubBackedObjectConnection.java:175)
    	at org.gradle.internal.remote.internal.hub.MessageHubBackedObjectConnection$DispatchWrapper.dispatch(MessageHubBackedObjectConnection.java:157)
    	at org.gradle.internal.remote.internal.hub.MessageHub$Handler.run(MessageHub.java:404)
    	at org.gradle.internal.concurrent.ExecutorPolicy$CatchAndRecordFailures.onExecute(ExecutorPolicy.java:63)
    	at org.gradle.internal.concurrent.ManagedExecutorImpl$1.run(ManagedExecutorImpl.java:46)
    	at java.util.concurrent.ThreadPoolExecutor.runWorker(ThreadPoolExecutor.java:1149)
    	at java.util.concurrent.ThreadPoolExecutor$Worker.run(ThreadPoolExecutor.java:624)
    	at org.gradle.internal.concurrent.ThreadFactoryImpl$ManagedThreadRunnable.run(ThreadFactoryImpl.java:55)
    	at java.lang.Thread.run(Thread.java:748)

org.koin.core.ScopeAPITest > can't find a non created scope instance STANDARD_ERROR
    org.koin.core.error.ScopeNotCreatedException: No scope found for id 'myScope'
    	at org.koin.core.Koin.getScope(Koin.kt:198)
    	at org.koin.core.ScopeAPITest.can't find a non created scope instance(ScopeAPITest.kt:39)
    	at sun.reflect.NativeMethodAccessorImpl.invoke0(Native Method)
    	at sun.reflect.NativeMethodAccessorImpl.invoke(NativeMethodAccessorImpl.java:62)
    	at sun.reflect.DelegatingMethodAccessorImpl.invoke(DelegatingMethodAccessorImpl.java:43)
    	at java.lang.reflect.Method.invoke(Method.java:498)
    	at org.junit.runners.model.FrameworkMethod$1.runReflectiveCall(FrameworkMethod.java:50)
    	at org.junit.internal.runners.model.ReflectiveCallable.run(ReflectiveCallable.java:12)
    	at org.junit.runners.model.FrameworkMethod.invokeExplosively(FrameworkMethod.java:47)
    	at org.junit.internal.runners.statements.InvokeMethod.evaluate(InvokeMethod.java:17)
    	at org.junit.runners.ParentRunner.runLeaf(ParentRunner.java:325)
    	at org.junit.runners.BlockJUnit4ClassRunner.runChild(BlockJUnit4ClassRunner.java:78)
    	at org.junit.runners.BlockJUnit4ClassRunner.runChild(BlockJUnit4ClassRunner.java:57)
    	at org.junit.runners.ParentRunner$3.run(ParentRunner.java:290)
    	at org.junit.runners.ParentRunner$1.schedule(ParentRunner.java:71)
    	at org.junit.runners.ParentRunner.runChildren(ParentRunner.java:288)
    	at org.junit.runners.ParentRunner.access$000(ParentRunner.java:58)
    	at org.junit.runners.ParentRunner$2.evaluate(ParentRunner.java:268)
    	at org.junit.runners.ParentRunner.run(ParentRunner.java:363)
    	at org.gradle.api.internal.tasks.testing.junit.JUnitTestClassExecutor.runTestClass(JUnitTestClassExecutor.java:110)
    	at org.gradle.api.internal.tasks.testing.junit.JUnitTestClassExecutor.execute(JUnitTestClassExecutor.java:58)
    	at org.gradle.api.internal.tasks.testing.junit.JUnitTestClassExecutor.execute(JUnitTestClassExecutor.java:38)
    	at org.gradle.api.internal.tasks.testing.junit.AbstractJUnitTestClassProcessor.processTestClass(AbstractJUnitTestClassProcessor.java:62)
    	at org.gradle.api.internal.tasks.testing.SuiteTestClassProcessor.processTestClass(SuiteTestClassProcessor.java:51)
    	at sun.reflect.NativeMethodAccessorImpl.invoke0(Native Method)
    	at sun.reflect.NativeMethodAccessorImpl.invoke(NativeMethodAccessorImpl.java:62)
    	at sun.reflect.DelegatingMethodAccessorImpl.invoke(DelegatingMethodAccessorImpl.java:43)
    	at java.lang.reflect.Method.invoke(Method.java:498)
    	at org.gradle.internal.dispatch.ReflectionDispatch.dispatch(ReflectionDispatch.java:35)
    	at org.gradle.internal.dispatch.ReflectionDispatch.dispatch(ReflectionDispatch.java:24)
    	at org.gradle.internal.dispatch.ContextClassLoaderDispatch.dispatch(ContextClassLoaderDispatch.java:32)
    	at org.gradle.internal.dispatch.ProxyDispatchAdapter$DispatchingInvocationHandler.invoke(ProxyDispatchAdapter.java:93)
    	at com.sun.proxy.$Proxy2.processTestClass(Unknown Source)
    	at org.gradle.api.internal.tasks.testing.worker.TestWorker.processTestClass(TestWorker.java:118)
    	at sun.reflect.NativeMethodAccessorImpl.invoke0(Native Method)
    	at sun.reflect.NativeMethodAccessorImpl.invoke(NativeMethodAccessorImpl.java:62)
    	at sun.reflect.DelegatingMethodAccessorImpl.invoke(DelegatingMethodAccessorImpl.java:43)
    	at java.lang.reflect.Method.invoke(Method.java:498)
    	at org.gradle.internal.dispatch.ReflectionDispatch.dispatch(ReflectionDispatch.java:35)
    	at org.gradle.internal.dispatch.ReflectionDispatch.dispatch(ReflectionDispatch.java:24)
    	at org.gradle.internal.remote.internal.hub.MessageHubBackedObjectConnection$DispatchWrapper.dispatch(MessageHubBackedObjectConnection.java:175)
    	at org.gradle.internal.remote.internal.hub.MessageHubBackedObjectConnection$DispatchWrapper.dispatch(MessageHubBackedObjectConnection.java:157)
    	at org.gradle.internal.remote.internal.hub.MessageHub$Handler.run(MessageHub.java:404)
    	at org.gradle.internal.concurrent.ExecutorPolicy$CatchAndRecordFailures.onExecute(ExecutorPolicy.java:63)
    	at org.gradle.internal.concurrent.ManagedExecutorImpl$1.run(ManagedExecutorImpl.java:46)
    	at java.util.concurrent.ThreadPoolExecutor.runWorker(ThreadPoolExecutor.java:1149)
    	at java.util.concurrent.ThreadPoolExecutor$Worker.run(ThreadPoolExecutor.java:624)
    	at org.gradle.internal.concurrent.ThreadFactoryImpl$ManagedThreadRunnable.run(ThreadFactoryImpl.java:55)
    	at java.lang.Thread.run(Thread.java:748)

org.koin.core.ScopeAPITest > can't get a closed scope STANDARD_ERROR
    org.koin.core.error.ScopeNotCreatedException: No scope found for id 'myScope1'
    	at org.koin.core.Koin.getScope(Koin.kt:198)
    	at org.koin.core.ScopeAPITest.can't get a closed scope(ScopeAPITest.kt:88)
    	at sun.reflect.NativeMethodAccessorImpl.invoke0(Native Method)
    	at sun.reflect.NativeMethodAccessorImpl.invoke(NativeMethodAccessorImpl.java:62)
    	at sun.reflect.DelegatingMethodAccessorImpl.invoke(DelegatingMethodAccessorImpl.java:43)
    	at java.lang.reflect.Method.invoke(Method.java:498)
    	at org.junit.runners.model.FrameworkMethod$1.runReflectiveCall(FrameworkMethod.java:50)
    	at org.junit.internal.runners.model.ReflectiveCallable.run(ReflectiveCallable.java:12)
    	at org.junit.runners.model.FrameworkMethod.invokeExplosively(FrameworkMethod.java:47)
    	at org.junit.internal.runners.statements.InvokeMethod.evaluate(InvokeMethod.java:17)
    	at org.junit.runners.ParentRunner.runLeaf(ParentRunner.java:325)
    	at org.junit.runners.BlockJUnit4ClassRunner.runChild(BlockJUnit4ClassRunner.java:78)
    	at org.junit.runners.BlockJUnit4ClassRunner.runChild(BlockJUnit4ClassRunner.java:57)
    	at org.junit.runners.ParentRunner$3.run(ParentRunner.java:290)
    	at org.junit.runners.ParentRunner$1.schedule(ParentRunner.java:71)
    	at org.junit.runners.ParentRunner.runChildren(ParentRunner.java:288)
    	at org.junit.runners.ParentRunner.access$000(ParentRunner.java:58)
    	at org.junit.runners.ParentRunner$2.evaluate(ParentRunner.java:268)
    	at org.junit.runners.ParentRunner.run(ParentRunner.java:363)
    	at org.gradle.api.internal.tasks.testing.junit.JUnitTestClassExecutor.runTestClass(JUnitTestClassExecutor.java:110)
    	at org.gradle.api.internal.tasks.testing.junit.JUnitTestClassExecutor.execute(JUnitTestClassExecutor.java:58)
    	at org.gradle.api.internal.tasks.testing.junit.JUnitTestClassExecutor.execute(JUnitTestClassExecutor.java:38)
    	at org.gradle.api.internal.tasks.testing.junit.AbstractJUnitTestClassProcessor.processTestClass(AbstractJUnitTestClassProcessor.java:62)
    	at org.gradle.api.internal.tasks.testing.SuiteTestClassProcessor.processTestClass(SuiteTestClassProcessor.java:51)
    	at sun.reflect.NativeMethodAccessorImpl.invoke0(Native Method)
    	at sun.reflect.NativeMethodAccessorImpl.invoke(NativeMethodAccessorImpl.java:62)
    	at sun.reflect.DelegatingMethodAccessorImpl.invoke(DelegatingMethodAccessorImpl.java:43)
    	at java.lang.reflect.Method.invoke(Method.java:498)
    	at org.gradle.internal.dispatch.ReflectionDispatch.dispatch(ReflectionDispatch.java:35)
    	at org.gradle.internal.dispatch.ReflectionDispatch.dispatch(ReflectionDispatch.java:24)
    	at org.gradle.internal.dispatch.ContextClassLoaderDispatch.dispatch(ContextClassLoaderDispatch.java:32)
    	at org.gradle.internal.dispatch.ProxyDispatchAdapter$DispatchingInvocationHandler.invoke(ProxyDispatchAdapter.java:93)
    	at com.sun.proxy.$Proxy2.processTestClass(Unknown Source)
    	at org.gradle.api.internal.tasks.testing.worker.TestWorker.processTestClass(TestWorker.java:118)
    	at sun.reflect.NativeMethodAccessorImpl.invoke0(Native Method)
    	at sun.reflect.NativeMethodAccessorImpl.invoke(NativeMethodAccessorImpl.java:62)
    	at sun.reflect.DelegatingMethodAccessorImpl.invoke(DelegatingMethodAccessorImpl.java:43)
    	at java.lang.reflect.Method.invoke(Method.java:498)
    	at org.gradle.internal.dispatch.ReflectionDispatch.dispatch(ReflectionDispatch.java:35)
    	at org.gradle.internal.dispatch.ReflectionDispatch.dispatch(ReflectionDispatch.java:24)
    	at org.gradle.internal.remote.internal.hub.MessageHubBackedObjectConnection$DispatchWrapper.dispatch(MessageHubBackedObjectConnection.java:175)
    	at org.gradle.internal.remote.internal.hub.MessageHubBackedObjectConnection$DispatchWrapper.dispatch(MessageHubBackedObjectConnection.java:157)
    	at org.gradle.internal.remote.internal.hub.MessageHub$Handler.run(MessageHub.java:404)
    	at org.gradle.internal.concurrent.ExecutorPolicy$CatchAndRecordFailures.onExecute(ExecutorPolicy.java:63)
    	at org.gradle.internal.concurrent.ManagedExecutorImpl$1.run(ManagedExecutorImpl.java:46)
    	at java.util.concurrent.ThreadPoolExecutor.runWorker(ThreadPoolExecutor.java:1149)
    	at java.util.concurrent.ThreadPoolExecutor$Worker.run(ThreadPoolExecutor.java:624)
    	at org.gradle.internal.concurrent.ThreadFactoryImpl$ManagedThreadRunnable.run(ThreadFactoryImpl.java:55)
    	at java.lang.Thread.run(Thread.java:748)

org.koin.core.ScopeAPITest > reuse a closed scope STANDARD_ERROR
    org.koin.core.error.ClosedScopeException: Scope 'myScope1' is closed
    	at org.koin.core.scope.Scope.resolveInstance(Scope.kt:186)
    	at org.koin.core.scope.Scope.get(Scope.kt:149)
    	at org.koin.core.ScopeAPITest.reuse a closed scope(ScopeAPITest.kt:133)
    	at sun.reflect.NativeMethodAccessorImpl.invoke0(Native Method)
    	at sun.reflect.NativeMethodAccessorImpl.invoke(NativeMethodAccessorImpl.java:62)
    	at sun.reflect.DelegatingMethodAccessorImpl.invoke(DelegatingMethodAccessorImpl.java:43)
    	at java.lang.reflect.Method.invoke(Method.java:498)
    	at org.junit.runners.model.FrameworkMethod$1.runReflectiveCall(FrameworkMethod.java:50)
    	at org.junit.internal.runners.model.ReflectiveCallable.run(ReflectiveCallable.java:12)
    	at org.junit.runners.model.FrameworkMethod.invokeExplosively(FrameworkMethod.java:47)
    	at org.junit.internal.runners.statements.InvokeMethod.evaluate(InvokeMethod.java:17)
    	at org.junit.runners.ParentRunner.runLeaf(ParentRunner.java:325)
    	at org.junit.runners.BlockJUnit4ClassRunner.runChild(BlockJUnit4ClassRunner.java:78)
    	at org.junit.runners.BlockJUnit4ClassRunner.runChild(BlockJUnit4ClassRunner.java:57)
    	at org.junit.runners.ParentRunner$3.run(ParentRunner.java:290)
    	at org.junit.runners.ParentRunner$1.schedule(ParentRunner.java:71)
    	at org.junit.runners.ParentRunner.runChildren(ParentRunner.java:288)
    	at org.junit.runners.ParentRunner.access$000(ParentRunner.java:58)
    	at org.junit.runners.ParentRunner$2.evaluate(ParentRunner.java:268)
    	at org.junit.runners.ParentRunner.run(ParentRunner.java:363)
    	at org.gradle.api.internal.tasks.testing.junit.JUnitTestClassExecutor.runTestClass(JUnitTestClassExecutor.java:110)
    	at org.gradle.api.internal.tasks.testing.junit.JUnitTestClassExecutor.execute(JUnitTestClassExecutor.java:58)
    	at org.gradle.api.internal.tasks.testing.junit.JUnitTestClassExecutor.execute(JUnitTestClassExecutor.java:38)
    	at org.gradle.api.internal.tasks.testing.junit.AbstractJUnitTestClassProcessor.processTestClass(AbstractJUnitTestClassProcessor.java:62)
    	at org.gradle.api.internal.tasks.testing.SuiteTestClassProcessor.processTestClass(SuiteTestClassProcessor.java:51)
    	at sun.reflect.NativeMethodAccessorImpl.invoke0(Native Method)
    	at sun.reflect.NativeMethodAccessorImpl.invoke(NativeMethodAccessorImpl.java:62)
    	at sun.reflect.DelegatingMethodAccessorImpl.invoke(DelegatingMethodAccessorImpl.java:43)
    	at java.lang.reflect.Method.invoke(Method.java:498)
    	at org.gradle.internal.dispatch.ReflectionDispatch.dispatch(ReflectionDispatch.java:35)
    	at org.gradle.internal.dispatch.ReflectionDispatch.dispatch(ReflectionDispatch.java:24)
    	at org.gradle.internal.dispatch.ContextClassLoaderDispatch.dispatch(ContextClassLoaderDispatch.java:32)
    	at org.gradle.internal.dispatch.ProxyDispatchAdapter$DispatchingInvocationHandler.invoke(ProxyDispatchAdapter.java:93)
    	at com.sun.proxy.$Proxy2.processTestClass(Unknown Source)
    	at org.gradle.api.internal.tasks.testing.worker.TestWorker.processTestClass(TestWorker.java:118)
    	at sun.reflect.NativeMethodAccessorImpl.invoke0(Native Method)
    	at sun.reflect.NativeMethodAccessorImpl.invoke(NativeMethodAccessorImpl.java:62)
    	at sun.reflect.DelegatingMethodAccessorImpl.invoke(DelegatingMethodAccessorImpl.java:43)
    	at java.lang.reflect.Method.invoke(Method.java:498)
    	at org.gradle.internal.dispatch.ReflectionDispatch.dispatch(ReflectionDispatch.java:35)
    	at org.gradle.internal.dispatch.ReflectionDispatch.dispatch(ReflectionDispatch.java:24)
    	at org.gradle.internal.remote.internal.hub.MessageHubBackedObjectConnection$DispatchWrapper.dispatch(MessageHubBackedObjectConnection.java:175)
    	at org.gradle.internal.remote.internal.hub.MessageHubBackedObjectConnection$DispatchWrapper.dispatch(MessageHubBackedObjectConnection.java:157)
    	at org.gradle.internal.remote.internal.hub.MessageHub$Handler.run(MessageHub.java:404)
    	at org.gradle.internal.concurrent.ExecutorPolicy$CatchAndRecordFailures.onExecute(ExecutorPolicy.java:63)
    	at org.gradle.internal.concurrent.ManagedExecutorImpl$1.run(ManagedExecutorImpl.java:46)
    	at java.util.concurrent.ThreadPoolExecutor.runWorker(ThreadPoolExecutor.java:1149)
    	at java.util.concurrent.ThreadPoolExecutor$Worker.run(ThreadPoolExecutor.java:624)
    	at org.gradle.internal.concurrent.ThreadFactoryImpl$ManagedThreadRunnable.run(ThreadFactoryImpl.java:55)
    	at java.lang.Thread.run(Thread.java:748)

org.koin.core.ScopeAPITest > can't create a new scope if not closed STANDARD_ERROR
    org.koin.core.error.ScopeAlreadyCreatedException: Scope with id 'myScope1' is already created
    	at org.koin.core.registry.ScopeRegistry.createScope(ScopeRegistry.kt:119)
    	at org.koin.core.Koin.createScope(Koin.kt:180)
    	at org.koin.core.ScopeAPITest.can't create a new scope if not closed(ScopeAPITest.kt:75)
    	at sun.reflect.NativeMethodAccessorImpl.invoke0(Native Method)
    	at sun.reflect.NativeMethodAccessorImpl.invoke(NativeMethodAccessorImpl.java:62)
    	at sun.reflect.DelegatingMethodAccessorImpl.invoke(DelegatingMethodAccessorImpl.java:43)
    	at java.lang.reflect.Method.invoke(Method.java:498)
    	at org.junit.runners.model.FrameworkMethod$1.runReflectiveCall(FrameworkMethod.java:50)
    	at org.junit.internal.runners.model.ReflectiveCallable.run(ReflectiveCallable.java:12)
    	at org.junit.runners.model.FrameworkMethod.invokeExplosively(FrameworkMethod.java:47)
    	at org.junit.internal.runners.statements.InvokeMethod.evaluate(InvokeMethod.java:17)
    	at org.junit.runners.ParentRunner.runLeaf(ParentRunner.java:325)
    	at org.junit.runners.BlockJUnit4ClassRunner.runChild(BlockJUnit4ClassRunner.java:78)
    	at org.junit.runners.BlockJUnit4ClassRunner.runChild(BlockJUnit4ClassRunner.java:57)
    	at org.junit.runners.ParentRunner$3.run(ParentRunner.java:290)
    	at org.junit.runners.ParentRunner$1.schedule(ParentRunner.java:71)
    	at org.junit.runners.ParentRunner.runChildren(ParentRunner.java:288)
    	at org.junit.runners.ParentRunner.access$000(ParentRunner.java:58)
    	at org.junit.runners.ParentRunner$2.evaluate(ParentRunner.java:268)
    	at org.junit.runners.ParentRunner.run(ParentRunner.java:363)
    	at org.gradle.api.internal.tasks.testing.junit.JUnitTestClassExecutor.runTestClass(JUnitTestClassExecutor.java:110)
    	at org.gradle.api.internal.tasks.testing.junit.JUnitTestClassExecutor.execute(JUnitTestClassExecutor.java:58)
    	at org.gradle.api.internal.tasks.testing.junit.JUnitTestClassExecutor.execute(JUnitTestClassExecutor.java:38)
    	at org.gradle.api.internal.tasks.testing.junit.AbstractJUnitTestClassProcessor.processTestClass(AbstractJUnitTestClassProcessor.java:62)
    	at org.gradle.api.internal.tasks.testing.SuiteTestClassProcessor.processTestClass(SuiteTestClassProcessor.java:51)
    	at sun.reflect.NativeMethodAccessorImpl.invoke0(Native Method)
    	at sun.reflect.NativeMethodAccessorImpl.invoke(NativeMethodAccessorImpl.java:62)
    	at sun.reflect.DelegatingMethodAccessorImpl.invoke(DelegatingMethodAccessorImpl.java:43)
    	at java.lang.reflect.Method.invoke(Method.java:498)
    	at org.gradle.internal.dispatch.ReflectionDispatch.dispatch(ReflectionDispatch.java:35)
    	at org.gradle.internal.dispatch.ReflectionDispatch.dispatch(ReflectionDispatch.java:24)
    	at org.gradle.internal.dispatch.ContextClassLoaderDispatch.dispatch(ContextClassLoaderDispatch.java:32)
    	at org.gradle.internal.dispatch.ProxyDispatchAdapter$DispatchingInvocationHandler.invoke(ProxyDispatchAdapter.java:93)
    	at com.sun.proxy.$Proxy2.processTestClass(Unknown Source)
    	at org.gradle.api.internal.tasks.testing.worker.TestWorker.processTestClass(TestWorker.java:118)
    	at sun.reflect.NativeMethodAccessorImpl.invoke0(Native Method)
    	at sun.reflect.NativeMethodAccessorImpl.invoke(NativeMethodAccessorImpl.java:62)
    	at sun.reflect.DelegatingMethodAccessorImpl.invoke(DelegatingMethodAccessorImpl.java:43)
    	at java.lang.reflect.Method.invoke(Method.java:498)
    	at org.gradle.internal.dispatch.ReflectionDispatch.dispatch(ReflectionDispatch.java:35)
    	at org.gradle.internal.dispatch.ReflectionDispatch.dispatch(ReflectionDispatch.java:24)
    	at org.gradle.internal.remote.internal.hub.MessageHubBackedObjectConnection$DispatchWrapper.dispatch(MessageHubBackedObjectConnection.java:175)
    	at org.gradle.internal.remote.internal.hub.MessageHubBackedObjectConnection$DispatchWrapper.dispatch(MessageHubBackedObjectConnection.java:157)
    	at org.gradle.internal.remote.internal.hub.MessageHub$Handler.run(MessageHub.java:404)
    	at org.gradle.internal.concurrent.ExecutorPolicy$CatchAndRecordFailures.onExecute(ExecutorPolicy.java:63)
    	at org.gradle.internal.concurrent.ManagedExecutorImpl$1.run(ManagedExecutorImpl.java:46)
    	at java.util.concurrent.ThreadPoolExecutor.runWorker(ThreadPoolExecutor.java:1149)
    	at java.util.concurrent.ThreadPoolExecutor$Worker.run(ThreadPoolExecutor.java:624)
    	at org.gradle.internal.concurrent.ThreadFactoryImpl$ManagedThreadRunnable.run(ThreadFactoryImpl.java:55)
    	at java.lang.Thread.run(Thread.java:748)

org.koin.core.DeclareInstanceTest > can declare a single with secondary type on the fly STANDARD_OUT
    [INFO] [Koin] loaded 0 definitions - 0.005316 ms
    [INFO] [Koin] create context - 0.008316 ms

org.koin.core.DeclareInstanceTest > can declare and override a single with secondary type on the fly STANDARD_OUT
    [INFO] [Koin] loaded 0 definitions - 0.004862 ms
    [INFO] [Koin] create context - 0.008192 ms
    [DEBUG] [Koin] +- get 'org.koin.Simple$Component1' with qualifier 'null'
    [DEBUG] [Koin] | create instance for [Single:'org.koin.Simple$Component1',binds:org.koin.Simple$ComponentInterface1]
    [DEBUG] [Koin] +- got 'org.koin.Simple$Component1' in 0.130098 ms
    [DEBUG] [Koin] +- get 'org.koin.Simple$Component1' with qualifier 'null'
    [DEBUG] [Koin] +- got 'org.koin.Simple$Component1' in 0.01011 ms
    [DEBUG] [Koin] +- get 'org.koin.Simple$Component1' with qualifier 'null'
    [DEBUG] [Koin] +- got 'org.koin.Simple$Component1' in 0.00782 ms
    [DEBUG] [Koin] +- get 'org.koin.Simple$ComponentInterface1' with qualifier 'null'
    [DEBUG] [Koin] +- got 'org.koin.Simple$ComponentInterface1' in 0.005626 ms

org.koin.core.DeclareInstanceTest > can declare and override a single on the fly when override is set to false STANDARD_OUT
    [INFO] [Koin] loaded 1 definitions - 0.018072 ms
    [INFO] [Koin] create context - 0.019098 ms

org.koin.core.DeclareInstanceTest > can declare and override a single on the fly when override is set to false STANDARD_ERROR
    org.koin.core.error.DefinitionOverrideException: Trying to override existing definition '[Single:'org.koin.Simple$MySingle']' with new definition typed 'class org.koin.Simple$MySingle (Kotlin reflection is not available)'
    	at org.koin.core.scope.ScopeDefinition.saveNewDefinition(ScopeDefinition.kt:50)
    	at org.koin.core.scope.Scope.declare(Scope.kt:243)
    	at org.koin.core.Koin.declare(Koin.kt:129)
    	at org.koin.core.Koin.declare$default(Koin.kt:127)
    	at org.koin.core.DeclareInstanceTest.can declare and override a single on the fly when override is set to false(DeclareInstanceTest.kt:80)
    	at sun.reflect.NativeMethodAccessorImpl.invoke0(Native Method)
    	at sun.reflect.NativeMethodAccessorImpl.invoke(NativeMethodAccessorImpl.java:62)
    	at sun.reflect.DelegatingMethodAccessorImpl.invoke(DelegatingMethodAccessorImpl.java:43)
    	at java.lang.reflect.Method.invoke(Method.java:498)
    	at org.junit.runners.model.FrameworkMethod$1.runReflectiveCall(FrameworkMethod.java:50)
    	at org.junit.internal.runners.model.ReflectiveCallable.run(ReflectiveCallable.java:12)
    	at org.junit.runners.model.FrameworkMethod.invokeExplosively(FrameworkMethod.java:47)
    	at org.junit.internal.runners.statements.InvokeMethod.evaluate(InvokeMethod.java:17)
    	at org.junit.runners.ParentRunner.runLeaf(ParentRunner.java:325)
    	at org.junit.runners.BlockJUnit4ClassRunner.runChild(BlockJUnit4ClassRunner.java:78)
    	at org.junit.runners.BlockJUnit4ClassRunner.runChild(BlockJUnit4ClassRunner.java:57)
    	at org.junit.runners.ParentRunner$3.run(ParentRunner.java:290)
    	at org.junit.runners.ParentRunner$1.schedule(ParentRunner.java:71)
    	at org.junit.runners.ParentRunner.runChildren(ParentRunner.java:288)
    	at org.junit.runners.ParentRunner.access$000(ParentRunner.java:58)
    	at org.junit.runners.ParentRunner$2.evaluate(ParentRunner.java:268)
    	at org.junit.runners.ParentRunner.run(ParentRunner.java:363)
    	at org.gradle.api.internal.tasks.testing.junit.JUnitTestClassExecutor.runTestClass(JUnitTestClassExecutor.java:110)
    	at org.gradle.api.internal.tasks.testing.junit.JUnitTestClassExecutor.execute(JUnitTestClassExecutor.java:58)
    	at org.gradle.api.internal.tasks.testing.junit.JUnitTestClassExecutor.execute(JUnitTestClassExecutor.java:38)
    	at org.gradle.api.internal.tasks.testing.junit.AbstractJUnitTestClassProcessor.processTestClass(AbstractJUnitTestClassProcessor.java:62)
    	at org.gradle.api.internal.tasks.testing.SuiteTestClassProcessor.processTestClass(SuiteTestClassProcessor.java:51)
    	at sun.reflect.NativeMethodAccessorImpl.invoke0(Native Method)
    	at sun.reflect.NativeMethodAccessorImpl.invoke(NativeMethodAccessorImpl.java:62)
    	at sun.reflect.DelegatingMethodAccessorImpl.invoke(DelegatingMethodAccessorImpl.java:43)
    	at java.lang.reflect.Method.invoke(Method.java:498)
    	at org.gradle.internal.dispatch.ReflectionDispatch.dispatch(ReflectionDispatch.java:35)
    	at org.gradle.internal.dispatch.ReflectionDispatch.dispatch(ReflectionDispatch.java:24)
    	at org.gradle.internal.dispatch.ContextClassLoaderDispatch.dispatch(ContextClassLoaderDispatch.java:32)
    	at org.gradle.internal.dispatch.ProxyDispatchAdapter$DispatchingInvocationHandler.invoke(ProxyDispatchAdapter.java:93)
    	at com.sun.proxy.$Proxy2.processTestClass(Unknown Source)
    	at org.gradle.api.internal.tasks.testing.worker.TestWorker.processTestClass(TestWorker.java:118)
    	at sun.reflect.NativeMethodAccessorImpl.invoke0(Native Method)
    	at sun.reflect.NativeMethodAccessorImpl.invoke(NativeMethodAccessorImpl.java:62)
    	at sun.reflect.DelegatingMethodAccessorImpl.invoke(DelegatingMethodAccessorImpl.java:43)
    	at java.lang.reflect.Method.invoke(Method.java:498)
    	at org.gradle.internal.dispatch.ReflectionDispatch.dispatch(ReflectionDispatch.java:35)
    	at org.gradle.internal.dispatch.ReflectionDispatch.dispatch(ReflectionDispatch.java:24)
    	at org.gradle.internal.remote.internal.hub.MessageHubBackedObjectConnection$DispatchWrapper.dispatch(MessageHubBackedObjectConnection.java:175)
    	at org.gradle.internal.remote.internal.hub.MessageHubBackedObjectConnection$DispatchWrapper.dispatch(MessageHubBackedObjectConnection.java:157)
    	at org.gradle.internal.remote.internal.hub.MessageHub$Handler.run(MessageHub.java:404)
    	at org.gradle.internal.concurrent.ExecutorPolicy$CatchAndRecordFailures.onExecute(ExecutorPolicy.java:63)
    	at org.gradle.internal.concurrent.ManagedExecutorImpl$1.run(ManagedExecutorImpl.java:46)
    	at java.util.concurrent.ThreadPoolExecutor.runWorker(ThreadPoolExecutor.java:1149)
    	at java.util.concurrent.ThreadPoolExecutor$Worker.run(ThreadPoolExecutor.java:624)
    	at org.gradle.internal.concurrent.ThreadFactoryImpl$ManagedThreadRunnable.run(ThreadFactoryImpl.java:55)
    	at java.lang.Thread.run(Thread.java:748)

org.koin.core.DeclareInstanceTest > can't declare a other scoped on the fly STANDARD_OUT
    [INFO] [Koin] loaded 0 definitions - 0.024558 ms
    [INFO] [Koin] create context - 0.008239 ms

org.koin.core.DeclareInstanceTest > can't declare a other scoped on the fly STANDARD_ERROR
    [ERROR] [Koin] Can't get instance for org.koin.Simple$ComponentA
    org.koin.core.error.NoBeanDefFoundException: No definition found for class:'org.koin.Simple$ComponentA'. Check your definitions!
    	at org.koin.core.scope.Scope.throwDefinitionNotFound(Scope.kt:218)
    	at org.koin.core.scope.Scope.resolveInstance(Scope.kt:192)
    	at org.koin.core.scope.Scope.get(Scope.kt:149)
    	at org.koin.core.DeclareInstanceTest.can't declare a other scoped on the fly(DeclareInstanceTest.kt:310)
    	at sun.reflect.NativeMethodAccessorImpl.invoke0(Native Method)
    	at sun.reflect.NativeMethodAccessorImpl.invoke(NativeMethodAccessorImpl.java:62)
    	at sun.reflect.DelegatingMethodAccessorImpl.invoke(DelegatingMethodAccessorImpl.java:43)
    	at java.lang.reflect.Method.invoke(Method.java:498)
    	at org.junit.runners.model.FrameworkMethod$1.runReflectiveCall(FrameworkMethod.java:50)
    	at org.junit.internal.runners.model.ReflectiveCallable.run(ReflectiveCallable.java:12)
    	at org.junit.runners.model.FrameworkMethod.invokeExplosively(FrameworkMethod.java:47)
    	at org.junit.internal.runners.statements.InvokeMethod.evaluate(InvokeMethod.java:17)
    	at org.junit.runners.ParentRunner.runLeaf(ParentRunner.java:325)
    	at org.junit.runners.BlockJUnit4ClassRunner.runChild(BlockJUnit4ClassRunner.java:78)
    	at org.junit.runners.BlockJUnit4ClassRunner.runChild(BlockJUnit4ClassRunner.java:57)
    	at org.junit.runners.ParentRunner$3.run(ParentRunner.java:290)
    	at org.junit.runners.ParentRunner$1.schedule(ParentRunner.java:71)
    	at org.junit.runners.ParentRunner.runChildren(ParentRunner.java:288)
    	at org.junit.runners.ParentRunner.access$000(ParentRunner.java:58)
    	at org.junit.runners.ParentRunner$2.evaluate(ParentRunner.java:268)
    	at org.junit.runners.ParentRunner.run(ParentRunner.java:363)
    	at org.gradle.api.internal.tasks.testing.junit.JUnitTestClassExecutor.runTestClass(JUnitTestClassExecutor.java:110)
    	at org.gradle.api.internal.tasks.testing.junit.JUnitTestClassExecutor.execute(JUnitTestClassExecutor.java:58)
    	at org.gradle.api.internal.tasks.testing.junit.JUnitTestClassExecutor.execute(JUnitTestClassExecutor.java:38)
    	at org.gradle.api.internal.tasks.testing.junit.AbstractJUnitTestClassProcessor.processTestClass(AbstractJUnitTestClassProcessor.java:62)
    	at org.gradle.api.internal.tasks.testing.SuiteTestClassProcessor.processTestClass(SuiteTestClassProcessor.java:51)
    	at sun.reflect.NativeMethodAccessorImpl.invoke0(Native Method)
    	at sun.reflect.NativeMethodAccessorImpl.invoke(NativeMethodAccessorImpl.java:62)
    	at sun.reflect.DelegatingMethodAccessorImpl.invoke(DelegatingMethodAccessorImpl.java:43)
    	at java.lang.reflect.Method.invoke(Method.java:498)
    	at org.gradle.internal.dispatch.ReflectionDispatch.dispatch(ReflectionDispatch.java:35)
    	at org.gradle.internal.dispatch.ReflectionDispatch.dispatch(ReflectionDispatch.java:24)
    	at org.gradle.internal.dispatch.ContextClassLoaderDispatch.dispatch(ContextClassLoaderDispatch.java:32)
    	at org.gradle.internal.dispatch.ProxyDispatchAdapter$DispatchingInvocationHandler.invoke(ProxyDispatchAdapter.java:93)
    	at com.sun.proxy.$Proxy2.processTestClass(Unknown Source)
    	at org.gradle.api.internal.tasks.testing.worker.TestWorker.processTestClass(TestWorker.java:118)
    	at sun.reflect.NativeMethodAccessorImpl.invoke0(Native Method)
    	at sun.reflect.NativeMethodAccessorImpl.invoke(NativeMethodAccessorImpl.java:62)
    	at sun.reflect.DelegatingMethodAccessorImpl.invoke(DelegatingMethodAccessorImpl.java:43)
    	at java.lang.reflect.Method.invoke(Method.java:498)
    	at org.gradle.internal.dispatch.ReflectionDispatch.dispatch(ReflectionDispatch.java:35)
    	at org.gradle.internal.dispatch.ReflectionDispatch.dispatch(ReflectionDispatch.java:24)
    	at org.gradle.internal.remote.internal.hub.MessageHubBackedObjectConnection$DispatchWrapper.dispatch(MessageHubBackedObjectConnection.java:175)
    	at org.gradle.internal.remote.internal.hub.MessageHubBackedObjectConnection$DispatchWrapper.dispatch(MessageHubBackedObjectConnection.java:157)
    	at org.gradle.internal.remote.internal.hub.MessageHub$Handler.run(MessageHub.java:404)
    	at org.gradle.internal.concurrent.ExecutorPolicy$CatchAndRecordFailures.onExecute(ExecutorPolicy.java:63)
    	at org.gradle.internal.concurrent.ManagedExecutorImpl$1.run(ManagedExecutorImpl.java:46)
    	at java.util.concurrent.ThreadPoolExecutor.runWorker(ThreadPoolExecutor.java:1149)
    	at java.util.concurrent.ThreadPoolExecutor$Worker.run(ThreadPoolExecutor.java:624)
    	at org.gradle.internal.concurrent.ThreadFactoryImpl$ManagedThreadRunnable.run(ThreadFactoryImpl.java:55)
    	at java.lang.Thread.run(Thread.java:748)

org.koin.core.DeclareInstanceTest > can declare a single with qualifier on the fly STANDARD_OUT
    [INFO] [Koin] loaded 1 definitions - 0.029533 ms
    [INFO] [Koin] create context - 0.013616 ms

org.koin.core.DeclareInstanceTest > can declare and override a single on the fly STANDARD_OUT
    [INFO] [Koin] loaded 1 definitions - 0.014645 ms
    [INFO] [Koin] create context - 0.016801 ms

org.koin.core.DeclareInstanceTest > can override a single on the fly STANDARD_OUT
    [INFO] [Koin] loaded 0 definitions - 0.003894 ms
    [INFO] [Koin] create context - 0.006939 ms
    [DEBUG] [Koin] +- get 'org.koin.Simple$Component1' with qualifier 'null'
    [DEBUG] [Koin] | create instance for [Single:'org.koin.Simple$Component1']
    [DEBUG] [Koin] +- got 'org.koin.Simple$Component1' in 0.020334 ms

org.koin.core.DeclareInstanceTest > can't declare a single on the fly STANDARD_OUT
    [INFO] [Koin] loaded 1 definitions - 0.013795 ms
    [DEBUG] [Koin] - [Single:'org.koin.Simple$ComponentA']
    [INFO] [Koin] create context - 0.026037 ms

org.koin.core.DeclareInstanceTest > can't declare a single on the fly STANDARD_ERROR
    org.koin.core.error.DefinitionOverrideException: Trying to override existing definition '[Single:'org.koin.Simple$ComponentA']' with new definition typed 'class org.koin.Simple$ComponentA (Kotlin reflection is not available)'
    	at org.koin.core.scope.ScopeDefinition.saveNewDefinition(ScopeDefinition.kt:50)
    	at org.koin.core.scope.Scope.declare(Scope.kt:243)
    	at org.koin.core.Koin.declare(Koin.kt:129)
    	at org.koin.core.Koin.declare$default(Koin.kt:127)
    	at org.koin.core.DeclareInstanceTest.can't declare a single on the fly(DeclareInstanceTest.kt:44)
    	at sun.reflect.NativeMethodAccessorImpl.invoke0(Native Method)
    	at sun.reflect.NativeMethodAccessorImpl.invoke(NativeMethodAccessorImpl.java:62)
    	at sun.reflect.DelegatingMethodAccessorImpl.invoke(DelegatingMethodAccessorImpl.java:43)
    	at java.lang.reflect.Method.invoke(Method.java:498)
    	at org.junit.runners.model.FrameworkMethod$1.runReflectiveCall(FrameworkMethod.java:50)
    	at org.junit.internal.runners.model.ReflectiveCallable.run(ReflectiveCallable.java:12)
    	at org.junit.runners.model.FrameworkMethod.invokeExplosively(FrameworkMethod.java:47)
    	at org.junit.internal.runners.statements.InvokeMethod.evaluate(InvokeMethod.java:17)
    	at org.junit.runners.ParentRunner.runLeaf(ParentRunner.java:325)
    	at org.junit.runners.BlockJUnit4ClassRunner.runChild(BlockJUnit4ClassRunner.java:78)
    	at org.junit.runners.BlockJUnit4ClassRunner.runChild(BlockJUnit4ClassRunner.java:57)
    	at org.junit.runners.ParentRunner$3.run(ParentRunner.java:290)
    	at org.junit.runners.ParentRunner$1.schedule(ParentRunner.java:71)
    	at org.junit.runners.ParentRunner.runChildren(ParentRunner.java:288)
    	at org.junit.runners.ParentRunner.access$000(ParentRunner.java:58)
    	at org.junit.runners.ParentRunner$2.evaluate(ParentRunner.java:268)
    	at org.junit.runners.ParentRunner.run(ParentRunner.java:363)
    	at org.gradle.api.internal.tasks.testing.junit.JUnitTestClassExecutor.runTestClass(JUnitTestClassExecutor.java:110)
    	at org.gradle.api.internal.tasks.testing.junit.JUnitTestClassExecutor.execute(JUnitTestClassExecutor.java:58)
    	at org.gradle.api.internal.tasks.testing.junit.JUnitTestClassExecutor.execute(JUnitTestClassExecutor.java:38)
    	at org.gradle.api.internal.tasks.testing.junit.AbstractJUnitTestClassProcessor.processTestClass(AbstractJUnitTestClassProcessor.java:62)
    	at org.gradle.api.internal.tasks.testing.SuiteTestClassProcessor.processTestClass(SuiteTestClassProcessor.java:51)
    	at sun.reflect.NativeMethodAccessorImpl.invoke0(Native Method)
    	at sun.reflect.NativeMethodAccessorImpl.invoke(NativeMethodAccessorImpl.java:62)
    	at sun.reflect.DelegatingMethodAccessorImpl.invoke(DelegatingMethodAccessorImpl.java:43)
    	at java.lang.reflect.Method.invoke(Method.java:498)
    	at org.gradle.internal.dispatch.ReflectionDispatch.dispatch(ReflectionDispatch.java:35)
    	at org.gradle.internal.dispatch.ReflectionDispatch.dispatch(ReflectionDispatch.java:24)
    	at org.gradle.internal.dispatch.ContextClassLoaderDispatch.dispatch(ContextClassLoaderDispatch.java:32)
    	at org.gradle.internal.dispatch.ProxyDispatchAdapter$DispatchingInvocationHandler.invoke(ProxyDispatchAdapter.java:93)
    	at com.sun.proxy.$Proxy2.processTestClass(Unknown Source)
    	at org.gradle.api.internal.tasks.testing.worker.TestWorker.processTestClass(TestWorker.java:118)
    	at sun.reflect.NativeMethodAccessorImpl.invoke0(Native Method)
    	at sun.reflect.NativeMethodAccessorImpl.invoke(NativeMethodAccessorImpl.java:62)
    	at sun.reflect.DelegatingMethodAccessorImpl.invoke(DelegatingMethodAccessorImpl.java:43)
    	at java.lang.reflect.Method.invoke(Method.java:498)
    	at org.gradle.internal.dispatch.ReflectionDispatch.dispatch(ReflectionDispatch.java:35)
    	at org.gradle.internal.dispatch.ReflectionDispatch.dispatch(ReflectionDispatch.java:24)
    	at org.gradle.internal.remote.internal.hub.MessageHubBackedObjectConnection$DispatchWrapper.dispatch(MessageHubBackedObjectConnection.java:175)
    	at org.gradle.internal.remote.internal.hub.MessageHubBackedObjectConnection$DispatchWrapper.dispatch(MessageHubBackedObjectConnection.java:157)
    	at org.gradle.internal.remote.internal.hub.MessageHub$Handler.run(MessageHub.java:404)
    	at org.gradle.internal.concurrent.ExecutorPolicy$CatchAndRecordFailures.onExecute(ExecutorPolicy.java:63)
    	at org.gradle.internal.concurrent.ManagedExecutorImpl$1.run(ManagedExecutorImpl.java:46)
    	at java.util.concurrent.ThreadPoolExecutor.runWorker(ThreadPoolExecutor.java:1149)
    	at java.util.concurrent.ThreadPoolExecutor$Worker.run(ThreadPoolExecutor.java:624)
    	at org.gradle.internal.concurrent.ThreadFactoryImpl$ManagedThreadRunnable.run(ThreadFactoryImpl.java:55)
    	at java.lang.Thread.run(Thread.java:748)

org.koin.core.DeclareInstanceTest > can declare a single on the fly STANDARD_OUT
    [INFO] [Koin] loaded 0 definitions - 0.004444 ms
    [INFO] [Koin] create context - 0.007363 ms

org.koin.core.DeclareInstanceTest > can't declare a scoped-single on the fly STANDARD_OUT
    [INFO] [Koin] loaded 0 definitions - 0.015185 ms
    [INFO] [Koin] create context - 0.00604 ms

org.koin.core.DeclareInstanceTest > can't declare a scoped-single on the fly STANDARD_ERROR
    org.koin.core.error.NoBeanDefFoundException: No definition found for class:'org.koin.Simple$ComponentA'. Check your definitions!
    	at org.koin.core.scope.Scope.throwDefinitionNotFound(Scope.kt:218)
    	at org.koin.core.scope.Scope.resolveInstance(Scope.kt:192)
    	at org.koin.core.scope.Scope.get(Scope.kt:149)
    	at org.koin.core.DeclareInstanceTest.can't declare a scoped-single on the fly(DeclareInstanceTest.kt:306)
    	at sun.reflect.NativeMethodAccessorImpl.invoke0(Native Method)
    	at sun.reflect.NativeMethodAccessorImpl.invoke(NativeMethodAccessorImpl.java:62)
    	at sun.reflect.DelegatingMethodAccessorImpl.invoke(DelegatingMethodAccessorImpl.java:43)
    	at java.lang.reflect.Method.invoke(Method.java:498)
    	at org.junit.runners.model.FrameworkMethod$1.runReflectiveCall(FrameworkMethod.java:50)
    	at org.junit.internal.runners.model.ReflectiveCallable.run(ReflectiveCallable.java:12)
    	at org.junit.runners.model.FrameworkMethod.invokeExplosively(FrameworkMethod.java:47)
    	at org.junit.internal.runners.statements.InvokeMethod.evaluate(InvokeMethod.java:17)
    	at org.junit.runners.ParentRunner.runLeaf(ParentRunner.java:325)
    	at org.junit.runners.BlockJUnit4ClassRunner.runChild(BlockJUnit4ClassRunner.java:78)
    	at org.junit.runners.BlockJUnit4ClassRunner.runChild(BlockJUnit4ClassRunner.java:57)
    	at org.junit.runners.ParentRunner$3.run(ParentRunner.java:290)
    	at org.junit.runners.ParentRunner$1.schedule(ParentRunner.java:71)
    	at org.junit.runners.ParentRunner.runChildren(ParentRunner.java:288)
    	at org.junit.runners.ParentRunner.access$000(ParentRunner.java:58)
    	at org.junit.runners.ParentRunner$2.evaluate(ParentRunner.java:268)
    	at org.junit.runners.ParentRunner.run(ParentRunner.java:363)
    	at org.gradle.api.internal.tasks.testing.junit.JUnitTestClassExecutor.runTestClass(JUnitTestClassExecutor.java:110)
    	at org.gradle.api.internal.tasks.testing.junit.JUnitTestClassExecutor.execute(JUnitTestClassExecutor.java:58)
    	at org.gradle.api.internal.tasks.testing.junit.JUnitTestClassExecutor.execute(JUnitTestClassExecutor.java:38)
    	at org.gradle.api.internal.tasks.testing.junit.AbstractJUnitTestClassProcessor.processTestClass(AbstractJUnitTestClassProcessor.java:62)
    	at org.gradle.api.internal.tasks.testing.SuiteTestClassProcessor.processTestClass(SuiteTestClassProcessor.java:51)
    	at sun.reflect.NativeMethodAccessorImpl.invoke0(Native Method)
    	at sun.reflect.NativeMethodAccessorImpl.invoke(NativeMethodAccessorImpl.java:62)
    	at sun.reflect.DelegatingMethodAccessorImpl.invoke(DelegatingMethodAccessorImpl.java:43)
    	at java.lang.reflect.Method.invoke(Method.java:498)
    	at org.gradle.internal.dispatch.ReflectionDispatch.dispatch(ReflectionDispatch.java:35)
    	at org.gradle.internal.dispatch.ReflectionDispatch.dispatch(ReflectionDispatch.java:24)
    	at org.gradle.internal.dispatch.ContextClassLoaderDispatch.dispatch(ContextClassLoaderDispatch.java:32)
    	at org.gradle.internal.dispatch.ProxyDispatchAdapter$DispatchingInvocationHandler.invoke(ProxyDispatchAdapter.java:93)
    	at com.sun.proxy.$Proxy2.processTestClass(Unknown Source)
    	at org.gradle.api.internal.tasks.testing.worker.TestWorker.processTestClass(TestWorker.java:118)
    	at sun.reflect.NativeMethodAccessorImpl.invoke0(Native Method)
    	at sun.reflect.NativeMethodAccessorImpl.invoke(NativeMethodAccessorImpl.java:62)
    	at sun.reflect.DelegatingMethodAccessorImpl.invoke(DelegatingMethodAccessorImpl.java:43)
    	at java.lang.reflect.Method.invoke(Method.java:498)
    	at org.gradle.internal.dispatch.ReflectionDispatch.dispatch(ReflectionDispatch.java:35)
    	at org.gradle.internal.dispatch.ReflectionDispatch.dispatch(ReflectionDispatch.java:24)
    	at org.gradle.internal.remote.internal.hub.MessageHubBackedObjectConnection$DispatchWrapper.dispatch(MessageHubBackedObjectConnection.java:175)
    	at org.gradle.internal.remote.internal.hub.MessageHubBackedObjectConnection$DispatchWrapper.dispatch(MessageHubBackedObjectConnection.java:157)
    	at org.gradle.internal.remote.internal.hub.MessageHub$Handler.run(MessageHub.java:404)
    	at org.gradle.internal.concurrent.ExecutorPolicy$CatchAndRecordFailures.onExecute(ExecutorPolicy.java:63)
    	at org.gradle.internal.concurrent.ManagedExecutorImpl$1.run(ManagedExecutorImpl.java:46)
    	at java.util.concurrent.ThreadPoolExecutor.runWorker(ThreadPoolExecutor.java:1149)
    	at java.util.concurrent.ThreadPoolExecutor$Worker.run(ThreadPoolExecutor.java:624)
    	at org.gradle.internal.concurrent.ThreadFactoryImpl$ManagedThreadRunnable.run(ThreadFactoryImpl.java:55)
    	at java.lang.Thread.run(Thread.java:748)

org.koin.core.DeclareInstanceTest > can declare a scoped on the fly STANDARD_OUT
    [INFO] [Koin] loaded 1 definitions - 0.017106 ms
    [INFO] [Koin] create context - 0.008748 ms

org.koin.core.DeclareInstanceTest > can declare and override a single with qualifier on the fly STANDARD_OUT
    [INFO] [Koin] loaded 2 definitions - 0.015216 ms
    [INFO] [Koin] create context - 0.01831 ms

org.koin.core.ScopeShadowingTest > can't get scoped dependency without scope from single STANDARD_OUT
    [INFO] [Koin] loaded 2 definitions - 0.022667 ms
    [DEBUG] [Koin] - [Single:'org.koin.Simple$MySingle']
    [INFO] [Koin] create context - 0.02091 ms
    [DEBUG] [Koin] !- create scope - id:'scope' q:'org.koin.core.ClosedScopeAPI$ScopeType'
    [DEBUG] [Koin] ['scope'] -> [Single:'org.koin.Simple$MySingle',scope:'org.koin.core.ClosedScopeAPI$ScopeType']
    [DEBUG] [Koin] +- get 'org.koin.Simple$MySingle' with qualifier 'null'
    [DEBUG] [Koin] | create instance for [Single:'org.koin.Simple$MySingle',scope:'org.koin.core.ClosedScopeAPI$ScopeType']
    [DEBUG] [Koin] +- got 'org.koin.Simple$MySingle' in 0.023224 ms
    [DEBUG] [Koin] +- get 'org.koin.Simple$MySingle' with qualifier 'null'
    [DEBUG] [Koin] | create instance for [Single:'org.koin.Simple$MySingle']
    [DEBUG] [Koin] +- got 'org.koin.Simple$MySingle' in 0.016578 ms

org.koin.core.ParametersInjectionTest > chained factory injection STANDARD_OUT
    [INFO] [Koin] loaded 3 definitions - 0.012428 ms
    [DEBUG] [Koin] - [Factory:'org.koin.Simple$MyIntFactory']
    [DEBUG] [Koin] - [Factory:'org.koin.Simple$MyStringFactory']
    [DEBUG] [Koin] - [Factory:'org.koin.Simple$AllFactory']
    [INFO] [Koin] create context - 0.060089 ms
    [DEBUG] [Koin] +- get 'org.koin.Simple$AllFactory' with qualifier 'null'
    [DEBUG] [Koin] | create instance for [Factory:'org.koin.Simple$AllFactory']
    [DEBUG] [Koin] +- get 'org.koin.Simple$MyIntFactory' with qualifier 'null'
    [DEBUG] [Koin] | create instance for [Factory:'org.koin.Simple$MyIntFactory']
    [DEBUG] [Koin] +- got 'org.koin.Simple$MyIntFactory' in 0.034529 ms
    [DEBUG] [Koin] +- get 'org.koin.Simple$MyStringFactory' with qualifier 'null'
    [DEBUG] [Koin] | create instance for [Factory:'org.koin.Simple$MyStringFactory']
    [DEBUG] [Koin] +- got 'org.koin.Simple$MyStringFactory' in 0.077811 ms
    [DEBUG] [Koin] +- got 'org.koin.Simple$AllFactory' in 0.84396 ms

org.koin.core.DefinitionCreatedAtStartTest > is created at start STANDARD_OUT
    [INFO] [Koin] loaded 1 definitions - 0.013099 ms
    [DEBUG] [Koin] - [Single:'org.koin.Simple$ComponentA']
    [INFO] [Koin] create context - 0.022964 ms
    [DEBUG] [Koin] | create instance for [Single:'org.koin.Simple$ComponentA']
    [DEBUG] [Koin] instances started in 0.048386 ms
    [INFO] [Koin] closing scope:'-Root-'

org.koin.core.DefinitionCreatedAtStartTest > is declared as created at start STANDARD_OUT
    [INFO] [Koin] loaded 1 definitions - 0.013211 ms
    [DEBUG] [Koin] - [Single:'org.koin.Simple$ComponentA']
    [INFO] [Koin] create context - 0.019413 ms

org.koin.core.InstanceResolutionTest > cannot inject a single STANDARD_OUT
    [INFO] [Koin] loaded 0 definitions - 0.011824 ms
    [INFO] [Koin] create context - 0.005999 ms
    [DEBUG] [Koin] +- get 'org.koin.Simple$ComponentA' with qualifier 'null'

org.koin.core.InstanceResolutionTest > cannot inject a single STANDARD_ERROR
    [ERROR] [Koin] Can't get instance for org.koin.Simple$ComponentA

org.koin.core.InstanceResolutionTest > cannot resolve a single STANDARD_OUT
    [INFO] [Koin] loaded 0 definitions - 0.011331 ms
    [INFO] [Koin] create context - 0.00616 ms
    [DEBUG] [Koin] +- get 'org.koin.Simple$ComponentA' with qualifier 'null'

org.koin.core.InstanceResolutionTest > cannot resolve a single STANDARD_ERROR
    [ERROR] [Koin] Can't get instance for org.koin.Simple$ComponentA

org.koin.core.DynamicModulesTest > should unload scoped definition STANDARD_OUT
    [INFO] [Koin] loaded 1 definitions - 0.034229 ms
    [INFO] [Koin] create context - 0.006681 ms
    [DEBUG] [Koin] !- create scope - id:'id' q:'-SCOPE-'
    [DEBUG] [Koin] ['id'] -> [Single:'org.koin.Simple$ComponentA',scope:'-SCOPE-']
    [DEBUG] [Koin] +- get 'org.koin.Simple$ComponentA' with qualifier 'null'
    [DEBUG] [Koin] | create instance for [Single:'org.koin.Simple$ComponentA',scope:'-SCOPE-']
    [DEBUG] [Koin] +- got 'org.koin.Simple$ComponentA' in 0.081806 ms
    [DEBUG] [Koin] +- get 'org.koin.Simple$ComponentA' with qualifier 'null'
    [DEBUG] [Koin] +- get 'org.koin.Simple$ComponentA' with qualifier 'null'

org.koin.core.DynamicModulesTest > should unload scoped definition STANDARD_ERROR
    [ERROR] [Koin] Can't get instance for org.koin.Simple$ComponentA
    org.koin.core.error.NoBeanDefFoundException: No definition found for class:'org.koin.Simple$ComponentA'. Check your definitions!
    	at org.koin.core.scope.Scope.throwDefinitionNotFound(Scope.kt:218)
    	at org.koin.core.scope.Scope.resolveInstance(Scope.kt:192)
    	at org.koin.core.scope.Scope.access$resolveInstance(Scope.kt:31)
    	at org.koin.core.scope.Scope$get$1.invoke(Scope.kt:144)
    	at org.koin.core.time.MeasureKt.measureDurationForResult(Measure.kt:50)
    	at org.koin.core.scope.Scope.get(Scope.kt:143)
    	at org.koin.core.DynamicModulesTest.should unload scoped definition(DynamicModulesTest.kt:386)
    	at sun.reflect.NativeMethodAccessorImpl.invoke0(Native Method)
    	at sun.reflect.NativeMethodAccessorImpl.invoke(NativeMethodAccessorImpl.java:62)
    	at sun.reflect.DelegatingMethodAccessorImpl.invoke(DelegatingMethodAccessorImpl.java:43)
    	at java.lang.reflect.Method.invoke(Method.java:498)
    	at org.junit.runners.model.FrameworkMethod$1.runReflectiveCall(FrameworkMethod.java:50)
    	at org.junit.internal.runners.model.ReflectiveCallable.run(ReflectiveCallable.java:12)
    	at org.junit.runners.model.FrameworkMethod.invokeExplosively(FrameworkMethod.java:47)
    	at org.junit.internal.runners.statements.InvokeMethod.evaluate(InvokeMethod.java:17)
    	at org.junit.internal.runners.statements.RunAfters.evaluate(RunAfters.java:27)
    	at org.junit.runners.ParentRunner.runLeaf(ParentRunner.java:325)
    	at org.junit.runners.BlockJUnit4ClassRunner.runChild(BlockJUnit4ClassRunner.java:78)
    	at org.junit.runners.BlockJUnit4ClassRunner.runChild(BlockJUnit4ClassRunner.java:57)
    	at org.junit.runners.ParentRunner$3.run(ParentRunner.java:290)
    	at org.junit.runners.ParentRunner$1.schedule(ParentRunner.java:71)
    	at org.junit.runners.ParentRunner.runChildren(ParentRunner.java:288)
    	at org.junit.runners.ParentRunner.access$000(ParentRunner.java:58)
    	at org.junit.runners.ParentRunner$2.evaluate(ParentRunner.java:268)
    	at org.junit.runners.ParentRunner.run(ParentRunner.java:363)
    	at org.gradle.api.internal.tasks.testing.junit.JUnitTestClassExecutor.runTestClass(JUnitTestClassExecutor.java:110)
    	at org.gradle.api.internal.tasks.testing.junit.JUnitTestClassExecutor.execute(JUnitTestClassExecutor.java:58)
    	at org.gradle.api.internal.tasks.testing.junit.JUnitTestClassExecutor.execute(JUnitTestClassExecutor.java:38)
    	at org.gradle.api.internal.tasks.testing.junit.AbstractJUnitTestClassProcessor.processTestClass(AbstractJUnitTestClassProcessor.java:62)
    	at org.gradle.api.internal.tasks.testing.SuiteTestClassProcessor.processTestClass(SuiteTestClassProcessor.java:51)
    	at sun.reflect.GeneratedMethodAccessor5.invoke(Unknown Source)
    	at sun.reflect.DelegatingMethodAccessorImpl.invoke(DelegatingMethodAccessorImpl.java:43)
    	at java.lang.reflect.Method.invoke(Method.java:498)
    	at org.gradle.internal.dispatch.ReflectionDispatch.dispatch(ReflectionDispatch.java:35)
    	at org.gradle.internal.dispatch.ReflectionDispatch.dispatch(ReflectionDispatch.java:24)
    	at org.gradle.internal.dispatch.ContextClassLoaderDispatch.dispatch(ContextClassLoaderDispatch.java:32)
    	at org.gradle.internal.dispatch.ProxyDispatchAdapter$DispatchingInvocationHandler.invoke(ProxyDispatchAdapter.java:93)
    	at com.sun.proxy.$Proxy2.processTestClass(Unknown Source)
    	at org.gradle.api.internal.tasks.testing.worker.TestWorker.processTestClass(TestWorker.java:118)
    	at sun.reflect.GeneratedMethodAccessor4.invoke(Unknown Source)
    	at sun.reflect.DelegatingMethodAccessorImpl.invoke(DelegatingMethodAccessorImpl.java:43)
    	at java.lang.reflect.Method.invoke(Method.java:498)
    	at org.gradle.internal.dispatch.ReflectionDispatch.dispatch(ReflectionDispatch.java:35)
    	at org.gradle.internal.dispatch.ReflectionDispatch.dispatch(ReflectionDispatch.java:24)
    	at org.gradle.internal.remote.internal.hub.MessageHubBackedObjectConnection$DispatchWrapper.dispatch(MessageHubBackedObjectConnection.java:175)
    	at org.gradle.internal.remote.internal.hub.MessageHubBackedObjectConnection$DispatchWrapper.dispatch(MessageHubBackedObjectConnection.java:157)
    	at org.gradle.internal.remote.internal.hub.MessageHub$Handler.run(MessageHub.java:404)
    	at org.gradle.internal.concurrent.ExecutorPolicy$CatchAndRecordFailures.onExecute(ExecutorPolicy.java:63)
    	at org.gradle.internal.concurrent.ManagedExecutorImpl$1.run(ManagedExecutorImpl.java:46)
    	at java.util.concurrent.ThreadPoolExecutor.runWorker(ThreadPoolExecutor.java:1149)
    	at java.util.concurrent.ThreadPoolExecutor$Worker.run(ThreadPoolExecutor.java:624)
    	at org.gradle.internal.concurrent.ThreadFactoryImpl$ManagedThreadRunnable.run(ThreadFactoryImpl.java:55)
    	at java.lang.Thread.run(Thread.java:748)

org.koin.core.DynamicModulesTest > should reload module definition - global context STANDARD_OUT
    [INFO] [Koin] loaded 1 definitions - 0.019179 ms
    [DEBUG] [Koin] - [Single:'org.koin.Simple$MySingle']
    [INFO] [Koin] create context - 0.021877 ms
    [DEBUG] [Koin] instances started in 0.005916 ms
    [DEBUG] [Koin] +- get 'org.koin.Simple$MySingle' with qualifier 'null'
    [DEBUG] [Koin] | create instance for [Single:'org.koin.Simple$MySingle']
    [DEBUG] [Koin] +- got 'org.koin.Simple$MySingle' in 0.044984 ms
    [DEBUG] [Koin] +- get 'org.koin.Simple$MySingle' with qualifier 'null'
    [DEBUG] [Koin] | create instance for [Single:'org.koin.Simple$MySingle']
    [DEBUG] [Koin] +- got 'org.koin.Simple$MySingle' in 0.028264 ms
    [INFO] [Koin] closing scope:'-Root-'

org.koin.core.DynamicModulesTest > should reload scoped definition - global STANDARD_OUT
    [INFO] [Koin] loaded 1 definitions - 0.015614 ms
    [INFO] [Koin] create context - 0.006968 ms
    [DEBUG] [Koin] instances started in 0.004324 ms
    [DEBUG] [Koin] !- create scope - id:'id' q:'-SCOPE-'
    [DEBUG] [Koin] ['id'] -> [Single:'org.koin.Simple$ComponentA',scope:'-SCOPE-']
    [DEBUG] [Koin] +- get 'org.koin.Simple$ComponentA' with qualifier 'null'
    [DEBUG] [Koin] | create instance for [Single:'org.koin.Simple$ComponentA',scope:'-SCOPE-']
    [DEBUG] [Koin] +- got 'org.koin.Simple$ComponentA' in 0.045717 ms
    [DEBUG] [Koin] +- get 'org.koin.Simple$ComponentA' with qualifier 'null'
    [DEBUG] [Koin] | create instance for [Single:'org.koin.Simple$ComponentA',scope:'-SCOPE-']
    [DEBUG] [Koin] +- got 'org.koin.Simple$ComponentA' in 0.022273 ms
    [INFO] [Koin] closing scope:'-Root-'

org.koin.core.DynamicModulesTest > should reload module definition STANDARD_OUT
    [INFO] [Koin] loaded 1 definitions - 0.01719 ms
    [DEBUG] [Koin] - [Single:'org.koin.Simple$MySingle']
    [INFO] [Koin] create context - 0.045731 ms
    [DEBUG] [Koin] +- get 'org.koin.Simple$MySingle' with qualifier 'null'
    [DEBUG] [Koin] | create instance for [Single:'org.koin.Simple$MySingle']
    [DEBUG] [Koin] +- got 'org.koin.Simple$MySingle' in 0.044185 ms
    [DEBUG] [Koin] +- get 'org.koin.Simple$MySingle' with qualifier 'null'
    [DEBUG] [Koin] | create instance for [Single:'org.koin.Simple$MySingle']
    [DEBUG] [Koin] +- got 'org.koin.Simple$MySingle' in 0.024919 ms

org.koin.core.DynamicModulesTest > should unload one module definition - factory STANDARD_OUT
    [INFO] [Koin] loaded 2 definitions - 0.017027 ms
    [DEBUG] [Koin] - [Single:'org.koin.Simple$ComponentA']
    [DEBUG] [Koin] - [Factory:'org.koin.Simple$ComponentB']
    [INFO] [Koin] create context - 0.046314 ms
    [DEBUG] [Koin] +- get 'org.koin.Simple$ComponentA' with qualifier 'null'
    [DEBUG] [Koin] | create instance for [Single:'org.koin.Simple$ComponentA']
    [DEBUG] [Koin] +- got 'org.koin.Simple$ComponentA' in 0.076943 ms
    [DEBUG] [Koin] +- get 'org.koin.Simple$ComponentB' with qualifier 'null'
    [DEBUG] [Koin] | create instance for [Factory:'org.koin.Simple$ComponentB']
    [DEBUG] [Koin] +- get 'org.koin.Simple$ComponentA' with qualifier 'null'
    [DEBUG] [Koin] +- got 'org.koin.Simple$ComponentA' in 0.003452 ms
    [DEBUG] [Koin] +- got 'org.koin.Simple$ComponentB' in 0.06396 ms
    [DEBUG] [Koin] +- get 'org.koin.Simple$ComponentB' with qualifier 'null'

org.koin.core.DynamicModulesTest > should unload one module definition - factory STANDARD_ERROR
    org.koin.core.error.NoBeanDefFoundException: No definition found for class:'org.koin.Simple$ComponentB'. Check your definitions!
    	at org.koin.core.scope.Scope.throwDefinitionNotFound(Scope.kt:218)
    	at org.koin.core.scope.Scope.resolveInstance(Scope.kt:192)
    	at org.koin.core.scope.Scope.access$resolveInstance(Scope.kt:31)
    	at org.koin.core.scope.Scope$get$1.invoke(Scope.kt:144)
    	at org.koin.core.time.MeasureKt.measureDurationForResult(Measure.kt:50)
    	at org.koin.core.scope.Scope.get(Scope.kt:143)
    	at org.koin.core.DynamicModulesTest.should unload one module definition - factory(DynamicModulesTest.kt:354)
    	at sun.reflect.NativeMethodAccessorImpl.invoke0(Native Method)
    	at sun.reflect.NativeMethodAccessorImpl.invoke(NativeMethodAccessorImpl.java:62)
    	at sun.reflect.DelegatingMethodAccessorImpl.invoke(DelegatingMethodAccessorImpl.java:43)
    	at java.lang.reflect.Method.invoke(Method.java:498)
    	at org.junit.runners.model.FrameworkMethod$1.runReflectiveCall(FrameworkMethod.java:50)
    	at org.junit.internal.runners.model.ReflectiveCallable.run(ReflectiveCallable.java:12)
    	at org.junit.runners.model.FrameworkMethod.invokeExplosively(FrameworkMethod.java:47)
    	at org.junit.internal.runners.statements.InvokeMethod.evaluate(InvokeMethod.java:17)
    	at org.junit.internal.runners.statements.RunAfters.evaluate(RunAfters.java:27)
    	at org.junit.runners.ParentRunner.runLeaf(ParentRunner.java:325)
    	at org.junit.runners.BlockJUnit4ClassRunner.runChild(BlockJUnit4ClassRunner.java:78)
    	at org.junit.runners.BlockJUnit4ClassRunner.runChild(BlockJUnit4ClassRunner.java:57)
    	at org.junit.runners.ParentRunner$3.run(ParentRunner.java:290)
    	at org.junit.runners.ParentRunner$1.schedule(ParentRunner.java:71)
    	at org.junit.runners.ParentRunner.runChildren(ParentRunner.java:288)
    	at org.junit.runners.ParentRunner.access$000(ParentRunner.java:58)
    	at org.junit.runners.ParentRunner$2.evaluate(ParentRunner.java:268)
    	at org.junit.runners.ParentRunner.run(ParentRunner.java:363)
    	at org.gradle.api.internal.tasks.testing.junit.JUnitTestClassExecutor.runTestClass(JUnitTestClassExecutor.java:110)
    	at org.gradle.api.internal.tasks.testing.junit.JUnitTestClassExecutor.execute(JUnitTestClassExecutor.java:58)
    	at org.gradle.api.internal.tasks.testing.junit.JUnitTestClassExecutor.execute(JUnitTestClassExecutor.java:38)
    	at org.gradle.api.internal.tasks.testing.junit.AbstractJUnitTestClassProcessor.processTestClass(AbstractJUnitTestClassProcessor.java:62)
    	at org.gradle.api.internal.tasks.testing.SuiteTestClassProcessor.processTestClass(SuiteTestClassProcessor.java:51)
    	at sun.reflect.GeneratedMethodAccessor5.invoke(Unknown Source)
    	at sun.reflect.DelegatingMethodAccessorImpl.invoke(DelegatingMethodAccessorImpl.java:43)
    	at java.lang.reflect.Method.invoke(Method.java:498)
    	at org.gradle.internal.dispatch.ReflectionDispatch.dispatch(ReflectionDispatch.java:35)
    	at org.gradle.internal.dispatch.ReflectionDispatch.dispatch(ReflectionDispatch.java:24)
    	at org.gradle.internal.dispatch.ContextClassLoaderDispatch.dispatch(ContextClassLoaderDispatch.java:32)
    	at org.gradle.internal.dispatch.ProxyDispatchAdapter$DispatchingInvocationHandler.invoke(ProxyDispatchAdapter.java:93)
    	at com.sun.proxy.$Proxy2.processTestClass(Unknown Source)
    	at org.gradle.api.internal.tasks.testing.worker.TestWorker.processTestClass(TestWorker.java:118)
    	at sun.reflect.GeneratedMethodAccessor4.invoke(Unknown Source)
    	at sun.reflect.DelegatingMethodAccessorImpl.invoke(DelegatingMethodAccessorImpl.java:43)
    	at java.lang.reflect.Method.invoke(Method.java:498)
    	at org.gradle.internal.dispatch.ReflectionDispatch.dispatch(ReflectionDispatch.java:35)
    	at org.gradle.internal.dispatch.ReflectionDispatch.dispatch(ReflectionDispatch.java:24)
    	at org.gradle.internal.remote.internal.hub.MessageHubBackedObjectConnection$DispatchWrapper.dispatch(MessageHubBackedObjectConnection.java:175)
    	at org.gradle.internal.remote.internal.hub.MessageHubBackedObjectConnection$DispatchWrapper.dispatch(MessageHubBackedObjectConnection.java:157)
    	at org.gradle.internal.remote.internal.hub.MessageHub$Handler.run(MessageHub.java:404)
    	at org.gradle.internal.concurrent.ExecutorPolicy$CatchAndRecordFailures.onExecute(ExecutorPolicy.java:63)
    	at org.gradle.internal.concurrent.ManagedExecutorImpl$1.run(ManagedExecutorImpl.java:46)
    	at java.util.concurrent.ThreadPoolExecutor.runWorker(ThreadPoolExecutor.java:1149)
    	at java.util.concurrent.ThreadPoolExecutor$Worker.run(ThreadPoolExecutor.java:624)
    	at org.gradle.internal.concurrent.ThreadFactoryImpl$ManagedThreadRunnable.run(ThreadFactoryImpl.java:55)
    	at java.lang.Thread.run(Thread.java:748)

org.koin.core.DynamicModulesTest > should reload scoped definition STANDARD_OUT
    [INFO] [Koin] loaded 1 definitions - 0.019372 ms
    [INFO] [Koin] create context - 0.006048 ms
    [DEBUG] [Koin] !- create scope - id:'id' q:'-SCOPE-'
    [DEBUG] [Koin] ['id'] -> [Single:'org.koin.Simple$ComponentA',scope:'-SCOPE-']
    [DEBUG] [Koin] +- get 'org.koin.Simple$ComponentA' with qualifier 'null'
    [DEBUG] [Koin] | create instance for [Single:'org.koin.Simple$ComponentA',scope:'-SCOPE-']
    [DEBUG] [Koin] +- got 'org.koin.Simple$ComponentA' in 0.057663 ms
    [DEBUG] [Koin] +- get 'org.koin.Simple$ComponentA' with qualifier 'null'
    [DEBUG] [Koin] | create instance for [Single:'org.koin.Simple$ComponentA',scope:'-SCOPE-']
    [DEBUG] [Koin] +- got 'org.koin.Simple$ComponentA' in 0.016213 ms

org.koin.core.DynamicModulesTest > should unload module override definition STANDARD_OUT
    [INFO] [Koin] loaded 1 definitions - 0.042138 ms
    [DEBUG] [Koin] - [Single:'org.koin.Simple$MySingle']
    [INFO] [Koin] create context - 0.026308 ms
    [DEBUG] [Koin] +- get 'org.koin.Simple$MySingle' with qualifier 'null'
    [DEBUG] [Koin] | create instance for [Single:'org.koin.Simple$MySingle']
    [DEBUG] [Koin] +- got 'org.koin.Simple$MySingle' in 0.02122 ms
    [DEBUG] [Koin] +- get 'org.koin.Simple$MySingle' with qualifier 'null'

org.koin.core.DynamicModulesTest > should unload module override definition STANDARD_ERROR
    org.koin.core.error.NoBeanDefFoundException: No definition found for class:'org.koin.Simple$MySingle'. Check your definitions!
    	at org.koin.core.scope.Scope.throwDefinitionNotFound(Scope.kt:218)
    	at org.koin.core.scope.Scope.resolveInstance(Scope.kt:192)
    	at org.koin.core.scope.Scope.access$resolveInstance(Scope.kt:31)
    	at org.koin.core.scope.Scope$get$1.invoke(Scope.kt:144)
    	at org.koin.core.time.MeasureKt.measureDurationForResult(Measure.kt:50)
    	at org.koin.core.scope.Scope.get(Scope.kt:143)
    	at org.koin.core.DynamicModulesTest.should unload module override definition(DynamicModulesTest.kt:362)
    	at sun.reflect.NativeMethodAccessorImpl.invoke0(Native Method)
    	at sun.reflect.NativeMethodAccessorImpl.invoke(NativeMethodAccessorImpl.java:62)
    	at sun.reflect.DelegatingMethodAccessorImpl.invoke(DelegatingMethodAccessorImpl.java:43)
    	at java.lang.reflect.Method.invoke(Method.java:498)
    	at org.junit.runners.model.FrameworkMethod$1.runReflectiveCall(FrameworkMethod.java:50)
    	at org.junit.internal.runners.model.ReflectiveCallable.run(ReflectiveCallable.java:12)
    	at org.junit.runners.model.FrameworkMethod.invokeExplosively(FrameworkMethod.java:47)
    	at org.junit.internal.runners.statements.InvokeMethod.evaluate(InvokeMethod.java:17)
    	at org.junit.internal.runners.statements.RunAfters.evaluate(RunAfters.java:27)
    	at org.junit.runners.ParentRunner.runLeaf(ParentRunner.java:325)
    	at org.junit.runners.BlockJUnit4ClassRunner.runChild(BlockJUnit4ClassRunner.java:78)
    	at org.junit.runners.BlockJUnit4ClassRunner.runChild(BlockJUnit4ClassRunner.java:57)
    	at org.junit.runners.ParentRunner$3.run(ParentRunner.java:290)
    	at org.junit.runners.ParentRunner$1.schedule(ParentRunner.java:71)
    	at org.junit.runners.ParentRunner.runChildren(ParentRunner.java:288)
    	at org.junit.runners.ParentRunner.access$000(ParentRunner.java:58)
    	at org.junit.runners.ParentRunner$2.evaluate(ParentRunner.java:268)
    	at org.junit.runners.ParentRunner.run(ParentRunner.java:363)
    	at org.gradle.api.internal.tasks.testing.junit.JUnitTestClassExecutor.runTestClass(JUnitTestClassExecutor.java:110)
    	at org.gradle.api.internal.tasks.testing.junit.JUnitTestClassExecutor.execute(JUnitTestClassExecutor.java:58)
    	at org.gradle.api.internal.tasks.testing.junit.JUnitTestClassExecutor.execute(JUnitTestClassExecutor.java:38)
    	at org.gradle.api.internal.tasks.testing.junit.AbstractJUnitTestClassProcessor.processTestClass(AbstractJUnitTestClassProcessor.java:62)
    	at org.gradle.api.internal.tasks.testing.SuiteTestClassProcessor.processTestClass(SuiteTestClassProcessor.java:51)
    	at sun.reflect.GeneratedMethodAccessor5.invoke(Unknown Source)
    	at sun.reflect.DelegatingMethodAccessorImpl.invoke(DelegatingMethodAccessorImpl.java:43)
    	at java.lang.reflect.Method.invoke(Method.java:498)
    	at org.gradle.internal.dispatch.ReflectionDispatch.dispatch(ReflectionDispatch.java:35)
    	at org.gradle.internal.dispatch.ReflectionDispatch.dispatch(ReflectionDispatch.java:24)
    	at org.gradle.internal.dispatch.ContextClassLoaderDispatch.dispatch(ContextClassLoaderDispatch.java:32)
    	at org.gradle.internal.dispatch.ProxyDispatchAdapter$DispatchingInvocationHandler.invoke(ProxyDispatchAdapter.java:93)
    	at com.sun.proxy.$Proxy2.processTestClass(Unknown Source)
    	at org.gradle.api.internal.tasks.testing.worker.TestWorker.processTestClass(TestWorker.java:118)
    	at sun.reflect.GeneratedMethodAccessor4.invoke(Unknown Source)
    	at sun.reflect.DelegatingMethodAccessorImpl.invoke(DelegatingMethodAccessorImpl.java:43)
    	at java.lang.reflect.Method.invoke(Method.java:498)
    	at org.gradle.internal.dispatch.ReflectionDispatch.dispatch(ReflectionDispatch.java:35)
    	at org.gradle.internal.dispatch.ReflectionDispatch.dispatch(ReflectionDispatch.java:24)
    	at org.gradle.internal.remote.internal.hub.MessageHubBackedObjectConnection$DispatchWrapper.dispatch(MessageHubBackedObjectConnection.java:175)
    	at org.gradle.internal.remote.internal.hub.MessageHubBackedObjectConnection$DispatchWrapper.dispatch(MessageHubBackedObjectConnection.java:157)
    	at org.gradle.internal.remote.internal.hub.MessageHub$Handler.run(MessageHub.java:404)
    	at org.gradle.internal.concurrent.ExecutorPolicy$CatchAndRecordFailures.onExecute(ExecutorPolicy.java:63)
    	at org.gradle.internal.concurrent.ManagedExecutorImpl$1.run(ManagedExecutorImpl.java:46)
    	at java.util.concurrent.ThreadPoolExecutor.runWorker(ThreadPoolExecutor.java:1149)
    	at java.util.concurrent.ThreadPoolExecutor$Worker.run(ThreadPoolExecutor.java:624)
    	at org.gradle.internal.concurrent.ThreadFactoryImpl$ManagedThreadRunnable.run(ThreadFactoryImpl.java:55)
    	at java.lang.Thread.run(Thread.java:748)

org.koin.core.DynamicModulesTest > should unload single definition STANDARD_OUT
    [INFO] [Koin] loaded 1 definitions - 0.021846 ms
    [DEBUG] [Koin] - [Single:'org.koin.Simple$ComponentA']
    [INFO] [Koin] create context - 0.023959 ms
    [DEBUG] [Koin] +- get 'org.koin.Simple$ComponentA' with qualifier 'null'
    [DEBUG] [Koin] | create instance for [Single:'org.koin.Simple$ComponentA']
    [DEBUG] [Koin] +- got 'org.koin.Simple$ComponentA' in 0.032616 ms
    [DEBUG] [Koin] +- get 'org.koin.Simple$ComponentA' with qualifier 'null'

org.koin.core.DynamicModulesTest > should unload single definition STANDARD_ERROR
    org.koin.core.error.NoBeanDefFoundException: No definition found for class:'org.koin.Simple$ComponentA'. Check your definitions!
    	at org.koin.core.scope.Scope.throwDefinitionNotFound(Scope.kt:218)
    	at org.koin.core.scope.Scope.resolveInstance(Scope.kt:192)
    	at org.koin.core.scope.Scope.access$resolveInstance(Scope.kt:31)
    	at org.koin.core.scope.Scope$get$1.invoke(Scope.kt:144)
    	at org.koin.core.time.MeasureKt.measureDurationForResult(Measure.kt:50)
    	at org.koin.core.scope.Scope.get(Scope.kt:143)
    	at org.koin.core.DynamicModulesTest.should unload single definition(DynamicModulesTest.kt:314)
    	at sun.reflect.NativeMethodAccessorImpl.invoke0(Native Method)
    	at sun.reflect.NativeMethodAccessorImpl.invoke(NativeMethodAccessorImpl.java:62)
    	at sun.reflect.DelegatingMethodAccessorImpl.invoke(DelegatingMethodAccessorImpl.java:43)
    	at java.lang.reflect.Method.invoke(Method.java:498)
    	at org.junit.runners.model.FrameworkMethod$1.runReflectiveCall(FrameworkMethod.java:50)
    	at org.junit.internal.runners.model.ReflectiveCallable.run(ReflectiveCallable.java:12)
    	at org.junit.runners.model.FrameworkMethod.invokeExplosively(FrameworkMethod.java:47)
    	at org.junit.internal.runners.statements.InvokeMethod.evaluate(InvokeMethod.java:17)
    	at org.junit.internal.runners.statements.RunAfters.evaluate(RunAfters.java:27)
    	at org.junit.runners.ParentRunner.runLeaf(ParentRunner.java:325)
    	at org.junit.runners.BlockJUnit4ClassRunner.runChild(BlockJUnit4ClassRunner.java:78)
    	at org.junit.runners.BlockJUnit4ClassRunner.runChild(BlockJUnit4ClassRunner.java:57)
    	at org.junit.runners.ParentRunner$3.run(ParentRunner.java:290)
    	at org.junit.runners.ParentRunner$1.schedule(ParentRunner.java:71)
    	at org.junit.runners.ParentRunner.runChildren(ParentRunner.java:288)
    	at org.junit.runners.ParentRunner.access$000(ParentRunner.java:58)
    	at org.junit.runners.ParentRunner$2.evaluate(ParentRunner.java:268)
    	at org.junit.runners.ParentRunner.run(ParentRunner.java:363)
    	at org.gradle.api.internal.tasks.testing.junit.JUnitTestClassExecutor.runTestClass(JUnitTestClassExecutor.java:110)
    	at org.gradle.api.internal.tasks.testing.junit.JUnitTestClassExecutor.execute(JUnitTestClassExecutor.java:58)
    	at org.gradle.api.internal.tasks.testing.junit.JUnitTestClassExecutor.execute(JUnitTestClassExecutor.java:38)
    	at org.gradle.api.internal.tasks.testing.junit.AbstractJUnitTestClassProcessor.processTestClass(AbstractJUnitTestClassProcessor.java:62)
    	at org.gradle.api.internal.tasks.testing.SuiteTestClassProcessor.processTestClass(SuiteTestClassProcessor.java:51)
    	at sun.reflect.GeneratedMethodAccessor5.invoke(Unknown Source)
    	at sun.reflect.DelegatingMethodAccessorImpl.invoke(DelegatingMethodAccessorImpl.java:43)
    	at java.lang.reflect.Method.invoke(Method.java:498)
    	at org.gradle.internal.dispatch.ReflectionDispatch.dispatch(ReflectionDispatch.java:35)
    	at org.gradle.internal.dispatch.ReflectionDispatch.dispatch(ReflectionDispatch.java:24)
    	at org.gradle.internal.dispatch.ContextClassLoaderDispatch.dispatch(ContextClassLoaderDispatch.java:32)
    	at org.gradle.internal.dispatch.ProxyDispatchAdapter$DispatchingInvocationHandler.invoke(ProxyDispatchAdapter.java:93)
    	at com.sun.proxy.$Proxy2.processTestClass(Unknown Source)
    	at org.gradle.api.internal.tasks.testing.worker.TestWorker.processTestClass(TestWorker.java:118)
    	at sun.reflect.GeneratedMethodAccessor4.invoke(Unknown Source)
    	at sun.reflect.DelegatingMethodAccessorImpl.invoke(DelegatingMethodAccessorImpl.java:43)
    	at java.lang.reflect.Method.invoke(Method.java:498)
    	at org.gradle.internal.dispatch.ReflectionDispatch.dispatch(ReflectionDispatch.java:35)
    	at org.gradle.internal.dispatch.ReflectionDispatch.dispatch(ReflectionDispatch.java:24)
    	at org.gradle.internal.remote.internal.hub.MessageHubBackedObjectConnection$DispatchWrapper.dispatch(MessageHubBackedObjectConnection.java:175)
    	at org.gradle.internal.remote.internal.hub.MessageHubBackedObjectConnection$DispatchWrapper.dispatch(MessageHubBackedObjectConnection.java:157)
    	at org.gradle.internal.remote.internal.hub.MessageHub$Handler.run(MessageHub.java:404)
    	at org.gradle.internal.concurrent.ExecutorPolicy$CatchAndRecordFailures.onExecute(ExecutorPolicy.java:63)
    	at org.gradle.internal.concurrent.ManagedExecutorImpl$1.run(ManagedExecutorImpl.java:46)
    	at java.util.concurrent.ThreadPoolExecutor.runWorker(ThreadPoolExecutor.java:1149)
    	at java.util.concurrent.ThreadPoolExecutor$Worker.run(ThreadPoolExecutor.java:624)
    	at org.gradle.internal.concurrent.ThreadFactoryImpl$ManagedThreadRunnable.run(ThreadFactoryImpl.java:55)
    	at java.lang.Thread.run(Thread.java:748)

org.koin.core.DynamicModulesTest > should unload additional bound definition STANDARD_OUT
    [INFO] [Koin] loaded 1 definitions - 0.014229 ms
    [DEBUG] [Koin] - [Single:'org.koin.Simple$Component1',binds:org.koin.Simple$ComponentInterface1]
    [INFO] [Koin] create context - 0.030449 ms
    [DEBUG] [Koin] +- get 'org.koin.Simple$Component1' with qualifier 'null'
    [DEBUG] [Koin] | create instance for [Single:'org.koin.Simple$Component1',binds:org.koin.Simple$ComponentInterface1]
    [DEBUG] [Koin] +- got 'org.koin.Simple$Component1' in 0.035423 ms
    [DEBUG] [Koin] +- get 'org.koin.Simple$ComponentInterface1' with qualifier 'null'
    [DEBUG] [Koin] +- got 'org.koin.Simple$ComponentInterface1' in 0.004911 ms
    [DEBUG] [Koin] +- get 'org.koin.Simple$Component1' with qualifier 'null'

org.koin.core.DynamicModulesTest > should unload additional bound definition STANDARD_ERROR
    org.koin.core.error.NoBeanDefFoundException: No definition found for class:'org.koin.Simple$Component1'. Check your definitions!
    	at org.koin.core.scope.Scope.throwDefinitionNotFound(Scope.kt:218)
    	at org.koin.core.scope.Scope.resolveInstance(Scope.kt:192)
    	at org.koin.core.scope.Scope.access$resolveInstance(Scope.kt:31)
    	at org.koin.core.scope.Scope$get$1.invoke(Scope.kt:144)
    	at org.koin.core.time.MeasureKt.measureDurationForResult(Measure.kt:50)
    	at org.koin.core.scope.Scope.get(Scope.kt:143)
    	at org.koin.core.DynamicModulesTest.should unload additional bound definition(DynamicModulesTest.kt:326)
    	at sun.reflect.NativeMethodAccessorImpl.invoke0(Native Method)
    	at sun.reflect.NativeMethodAccessorImpl.invoke(NativeMethodAccessorImpl.java:62)
    	at sun.reflect.DelegatingMethodAccessorImpl.invoke(DelegatingMethodAccessorImpl.java:43)
    	at java.lang.reflect.Method.invoke(Method.java:498)
    	at org.junit.runners.model.FrameworkMethod$1.runReflectiveCall(FrameworkMethod.java:50)
    	at org.junit.internal.runners.model.ReflectiveCallable.run(ReflectiveCallable.java:12)
    	at org.junit.runners.model.FrameworkMethod.invokeExplosively(FrameworkMethod.java:47)
    	at org.junit.internal.runners.statements.InvokeMethod.evaluate(InvokeMethod.java:17)
    	at org.junit.internal.runners.statements.RunAfters.evaluate(RunAfters.java:27)
    	at org.junit.runners.ParentRunner.runLeaf(ParentRunner.java:325)
    	at org.junit.runners.BlockJUnit4ClassRunner.runChild(BlockJUnit4ClassRunner.java:78)
    	at org.junit.runners.BlockJUnit4ClassRunner.runChild(BlockJUnit4ClassRunner.java:57)
    	at org.junit.runners.ParentRunner$3.run(ParentRunner.java:290)
    	at org.junit.runners.ParentRunner$1.schedule(ParentRunner.java:71)
    	at org.junit.runners.ParentRunner.runChildren(ParentRunner.java:288)
    	at org.junit.runners.ParentRunner.access$000(ParentRunner.java:58)
    	at org.junit.runners.ParentRunner$2.evaluate(ParentRunner.java:268)
    	at org.junit.runners.ParentRunner.run(ParentRunner.java:363)
    	at org.gradle.api.internal.tasks.testing.junit.JUnitTestClassExecutor.runTestClass(JUnitTestClassExecutor.java:110)
    	at org.gradle.api.internal.tasks.testing.junit.JUnitTestClassExecutor.execute(JUnitTestClassExecutor.java:58)
    	at org.gradle.api.internal.tasks.testing.junit.JUnitTestClassExecutor.execute(JUnitTestClassExecutor.java:38)
    	at org.gradle.api.internal.tasks.testing.junit.AbstractJUnitTestClassProcessor.processTestClass(AbstractJUnitTestClassProcessor.java:62)
    	at org.gradle.api.internal.tasks.testing.SuiteTestClassProcessor.processTestClass(SuiteTestClassProcessor.java:51)
    	at sun.reflect.GeneratedMethodAccessor5.invoke(Unknown Source)
    	at sun.reflect.DelegatingMethodAccessorImpl.invoke(DelegatingMethodAccessorImpl.java:43)
    	at java.lang.reflect.Method.invoke(Method.java:498)
    	at org.gradle.internal.dispatch.ReflectionDispatch.dispatch(ReflectionDispatch.java:35)
    	at org.gradle.internal.dispatch.ReflectionDispatch.dispatch(ReflectionDispatch.java:24)
    	at org.gradle.internal.dispatch.ContextClassLoaderDispatch.dispatch(ContextClassLoaderDispatch.java:32)
    	at org.gradle.internal.dispatch.ProxyDispatchAdapter$DispatchingInvocationHandler.invoke(ProxyDispatchAdapter.java:93)
    	at com.sun.proxy.$Proxy2.processTestClass(Unknown Source)
    	at org.gradle.api.internal.tasks.testing.worker.TestWorker.processTestClass(TestWorker.java:118)
    	at sun.reflect.GeneratedMethodAccessor4.invoke(Unknown Source)
    	at sun.reflect.DelegatingMethodAccessorImpl.invoke(DelegatingMethodAccessorImpl.java:43)
    	at java.lang.reflect.Method.invoke(Method.java:498)
    	at org.gradle.internal.dispatch.ReflectionDispatch.dispatch(ReflectionDispatch.java:35)
    	at org.gradle.internal.dispatch.ReflectionDispatch.dispatch(ReflectionDispatch.java:24)
    	at org.gradle.internal.remote.internal.hub.MessageHubBackedObjectConnection$DispatchWrapper.dispatch(MessageHubBackedObjectConnection.java:175)
    	at org.gradle.internal.remote.internal.hub.MessageHubBackedObjectConnection$DispatchWrapper.dispatch(MessageHubBackedObjectConnection.java:157)
    	at org.gradle.internal.remote.internal.hub.MessageHub$Handler.run(MessageHub.java:404)
    	at org.gradle.internal.concurrent.ExecutorPolicy$CatchAndRecordFailures.onExecute(ExecutorPolicy.java:63)
    	at org.gradle.internal.concurrent.ManagedExecutorImpl$1.run(ManagedExecutorImpl.java:46)
    	at java.util.concurrent.ThreadPoolExecutor.runWorker(ThreadPoolExecutor.java:1149)
    	at java.util.concurrent.ThreadPoolExecutor$Worker.run(ThreadPoolExecutor.java:624)
    	at org.gradle.internal.concurrent.ThreadFactoryImpl$ManagedThreadRunnable.run(ThreadFactoryImpl.java:55)
    	at java.lang.Thread.run(Thread.java:748)

org.koin.core.DynamicModulesTest > should unload additional bound definition STANDARD_OUT
    [DEBUG] [Koin] +- get 'org.koin.Simple$ComponentInterface1' with qualifier 'null'

org.koin.core.DynamicModulesTest > should unload additional bound definition STANDARD_ERROR
    org.koin.core.error.NoBeanDefFoundException: No definition found for class:'org.koin.Simple$ComponentInterface1'. Check your definitions!
    	at org.koin.core.scope.Scope.throwDefinitionNotFound(Scope.kt:218)
    	at org.koin.core.scope.Scope.resolveInstance(Scope.kt:192)
    	at org.koin.core.scope.Scope.access$resolveInstance(Scope.kt:31)
    	at org.koin.core.scope.Scope$get$1.invoke(Scope.kt:144)
    	at org.koin.core.time.MeasureKt.measureDurationForResult(Measure.kt:50)
    	at org.koin.core.scope.Scope.get(Scope.kt:143)
    	at org.koin.core.DynamicModulesTest.should unload additional bound definition(DynamicModulesTest.kt:330)
    	at sun.reflect.NativeMethodAccessorImpl.invoke0(Native Method)
    	at sun.reflect.NativeMethodAccessorImpl.invoke(NativeMethodAccessorImpl.java:62)
    	at sun.reflect.DelegatingMethodAccessorImpl.invoke(DelegatingMethodAccessorImpl.java:43)
    	at java.lang.reflect.Method.invoke(Method.java:498)
    	at org.junit.runners.model.FrameworkMethod$1.runReflectiveCall(FrameworkMethod.java:50)
    	at org.junit.internal.runners.model.ReflectiveCallable.run(ReflectiveCallable.java:12)
    	at org.junit.runners.model.FrameworkMethod.invokeExplosively(FrameworkMethod.java:47)
    	at org.junit.internal.runners.statements.InvokeMethod.evaluate(InvokeMethod.java:17)
    	at org.junit.internal.runners.statements.RunAfters.evaluate(RunAfters.java:27)
    	at org.junit.runners.ParentRunner.runLeaf(ParentRunner.java:325)
    	at org.junit.runners.BlockJUnit4ClassRunner.runChild(BlockJUnit4ClassRunner.java:78)
    	at org.junit.runners.BlockJUnit4ClassRunner.runChild(BlockJUnit4ClassRunner.java:57)
    	at org.junit.runners.ParentRunner$3.run(ParentRunner.java:290)
    	at org.junit.runners.ParentRunner$1.schedule(ParentRunner.java:71)
    	at org.junit.runners.ParentRunner.runChildren(ParentRunner.java:288)
    	at org.junit.runners.ParentRunner.access$000(ParentRunner.java:58)
    	at org.junit.runners.ParentRunner$2.evaluate(ParentRunner.java:268)
    	at org.junit.runners.ParentRunner.run(ParentRunner.java:363)
    	at org.gradle.api.internal.tasks.testing.junit.JUnitTestClassExecutor.runTestClass(JUnitTestClassExecutor.java:110)
    	at org.gradle.api.internal.tasks.testing.junit.JUnitTestClassExecutor.execute(JUnitTestClassExecutor.java:58)
    	at org.gradle.api.internal.tasks.testing.junit.JUnitTestClassExecutor.execute(JUnitTestClassExecutor.java:38)
    	at org.gradle.api.internal.tasks.testing.junit.AbstractJUnitTestClassProcessor.processTestClass(AbstractJUnitTestClassProcessor.java:62)
    	at org.gradle.api.internal.tasks.testing.SuiteTestClassProcessor.processTestClass(SuiteTestClassProcessor.java:51)
    	at sun.reflect.GeneratedMethodAccessor5.invoke(Unknown Source)
    	at sun.reflect.DelegatingMethodAccessorImpl.invoke(DelegatingMethodAccessorImpl.java:43)
    	at java.lang.reflect.Method.invoke(Method.java:498)
    	at org.gradle.internal.dispatch.ReflectionDispatch.dispatch(ReflectionDispatch.java:35)
    	at org.gradle.internal.dispatch.ReflectionDispatch.dispatch(ReflectionDispatch.java:24)
    	at org.gradle.internal.dispatch.ContextClassLoaderDispatch.dispatch(ContextClassLoaderDispatch.java:32)
    	at org.gradle.internal.dispatch.ProxyDispatchAdapter$DispatchingInvocationHandler.invoke(ProxyDispatchAdapter.java:93)
    	at com.sun.proxy.$Proxy2.processTestClass(Unknown Source)
    	at org.gradle.api.internal.tasks.testing.worker.TestWorker.processTestClass(TestWorker.java:118)
    	at sun.reflect.GeneratedMethodAccessor4.invoke(Unknown Source)
    	at sun.reflect.DelegatingMethodAccessorImpl.invoke(DelegatingMethodAccessorImpl.java:43)
    	at java.lang.reflect.Method.invoke(Method.java:498)
    	at org.gradle.internal.dispatch.ReflectionDispatch.dispatch(ReflectionDispatch.java:35)
    	at org.gradle.internal.dispatch.ReflectionDispatch.dispatch(ReflectionDispatch.java:24)
    	at org.gradle.internal.remote.internal.hub.MessageHubBackedObjectConnection$DispatchWrapper.dispatch(MessageHubBackedObjectConnection.java:175)
    	at org.gradle.internal.remote.internal.hub.MessageHubBackedObjectConnection$DispatchWrapper.dispatch(MessageHubBackedObjectConnection.java:157)
    	at org.gradle.internal.remote.internal.hub.MessageHub$Handler.run(MessageHub.java:404)
    	at org.gradle.internal.concurrent.ExecutorPolicy$CatchAndRecordFailures.onExecute(ExecutorPolicy.java:63)
    	at org.gradle.internal.concurrent.ManagedExecutorImpl$1.run(ManagedExecutorImpl.java:46)
    	at java.util.concurrent.ThreadPoolExecutor.runWorker(ThreadPoolExecutor.java:1149)
    	at java.util.concurrent.ThreadPoolExecutor$Worker.run(ThreadPoolExecutor.java:624)
    	at org.gradle.internal.concurrent.ThreadFactoryImpl$ManagedThreadRunnable.run(ThreadFactoryImpl.java:55)
    	at java.lang.Thread.run(Thread.java:748)

org.koin.core.DynamicModulesTest > should unload one module definition STANDARD_OUT
    [INFO] [Koin] loaded 2 definitions - 0.020554 ms
    [DEBUG] [Koin] - [Single:'org.koin.Simple$ComponentA']
    [DEBUG] [Koin] - [Single:'org.koin.Simple$ComponentB']
    [INFO] [Koin] create context - 0.028223 ms
    [DEBUG] [Koin] +- get 'org.koin.Simple$ComponentA' with qualifier 'null'
    [DEBUG] [Koin] | create instance for [Single:'org.koin.Simple$ComponentA']
    [DEBUG] [Koin] +- got 'org.koin.Simple$ComponentA' in 0.02257 ms
    [DEBUG] [Koin] +- get 'org.koin.Simple$ComponentB' with qualifier 'null'
    [DEBUG] [Koin] | create instance for [Single:'org.koin.Simple$ComponentB']
    [DEBUG] [Koin] +- get 'org.koin.Simple$ComponentA' with qualifier 'null'
    [DEBUG] [Koin] +- got 'org.koin.Simple$ComponentA' in 0.003916 ms
    [DEBUG] [Koin] +- got 'org.koin.Simple$ComponentB' in 0.085673 ms
    [DEBUG] [Koin] +- get 'org.koin.Simple$ComponentB' with qualifier 'null'

org.koin.core.DynamicModulesTest > should unload one module definition STANDARD_ERROR
    org.koin.core.error.NoBeanDefFoundException: No definition found for class:'org.koin.Simple$ComponentB'. Check your definitions!
    	at org.koin.core.scope.Scope.throwDefinitionNotFound(Scope.kt:218)
    	at org.koin.core.scope.Scope.resolveInstance(Scope.kt:192)
    	at org.koin.core.scope.Scope.access$resolveInstance(Scope.kt:31)
    	at org.koin.core.scope.Scope$get$1.invoke(Scope.kt:144)
    	at org.koin.core.time.MeasureKt.measureDurationForResult(Measure.kt:50)
    	at org.koin.core.scope.Scope.get(Scope.kt:143)
    	at org.koin.core.DynamicModulesTest.should unload one module definition(DynamicModulesTest.kt:342)
    	at sun.reflect.NativeMethodAccessorImpl.invoke0(Native Method)
    	at sun.reflect.NativeMethodAccessorImpl.invoke(NativeMethodAccessorImpl.java:62)
    	at sun.reflect.DelegatingMethodAccessorImpl.invoke(DelegatingMethodAccessorImpl.java:43)
    	at java.lang.reflect.Method.invoke(Method.java:498)
    	at org.junit.runners.model.FrameworkMethod$1.runReflectiveCall(FrameworkMethod.java:50)
    	at org.junit.internal.runners.model.ReflectiveCallable.run(ReflectiveCallable.java:12)
    	at org.junit.runners.model.FrameworkMethod.invokeExplosively(FrameworkMethod.java:47)
    	at org.junit.internal.runners.statements.InvokeMethod.evaluate(InvokeMethod.java:17)
    	at org.junit.internal.runners.statements.RunAfters.evaluate(RunAfters.java:27)
    	at org.junit.runners.ParentRunner.runLeaf(ParentRunner.java:325)
    	at org.junit.runners.BlockJUnit4ClassRunner.runChild(BlockJUnit4ClassRunner.java:78)
    	at org.junit.runners.BlockJUnit4ClassRunner.runChild(BlockJUnit4ClassRunner.java:57)
    	at org.junit.runners.ParentRunner$3.run(ParentRunner.java:290)
    	at org.junit.runners.ParentRunner$1.schedule(ParentRunner.java:71)
    	at org.junit.runners.ParentRunner.runChildren(ParentRunner.java:288)
    	at org.junit.runners.ParentRunner.access$000(ParentRunner.java:58)
    	at org.junit.runners.ParentRunner$2.evaluate(ParentRunner.java:268)
    	at org.junit.runners.ParentRunner.run(ParentRunner.java:363)
    	at org.gradle.api.internal.tasks.testing.junit.JUnitTestClassExecutor.runTestClass(JUnitTestClassExecutor.java:110)
    	at org.gradle.api.internal.tasks.testing.junit.JUnitTestClassExecutor.execute(JUnitTestClassExecutor.java:58)
    	at org.gradle.api.internal.tasks.testing.junit.JUnitTestClassExecutor.execute(JUnitTestClassExecutor.java:38)
    	at org.gradle.api.internal.tasks.testing.junit.AbstractJUnitTestClassProcessor.processTestClass(AbstractJUnitTestClassProcessor.java:62)
    	at org.gradle.api.internal.tasks.testing.SuiteTestClassProcessor.processTestClass(SuiteTestClassProcessor.java:51)
    	at sun.reflect.GeneratedMethodAccessor5.invoke(Unknown Source)
    	at sun.reflect.DelegatingMethodAccessorImpl.invoke(DelegatingMethodAccessorImpl.java:43)
    	at java.lang.reflect.Method.invoke(Method.java:498)
    	at org.gradle.internal.dispatch.ReflectionDispatch.dispatch(ReflectionDispatch.java:35)
    	at org.gradle.internal.dispatch.ReflectionDispatch.dispatch(ReflectionDispatch.java:24)
    	at org.gradle.internal.dispatch.ContextClassLoaderDispatch.dispatch(ContextClassLoaderDispatch.java:32)
    	at org.gradle.internal.dispatch.ProxyDispatchAdapter$DispatchingInvocationHandler.invoke(ProxyDispatchAdapter.java:93)
    	at com.sun.proxy.$Proxy2.processTestClass(Unknown Source)
    	at org.gradle.api.internal.tasks.testing.worker.TestWorker.processTestClass(TestWorker.java:118)
    	at sun.reflect.GeneratedMethodAccessor4.invoke(Unknown Source)
    	at sun.reflect.DelegatingMethodAccessorImpl.invoke(DelegatingMethodAccessorImpl.java:43)
    	at java.lang.reflect.Method.invoke(Method.java:498)
    	at org.gradle.internal.dispatch.ReflectionDispatch.dispatch(ReflectionDispatch.java:35)
    	at org.gradle.internal.dispatch.ReflectionDispatch.dispatch(ReflectionDispatch.java:24)
    	at org.gradle.internal.remote.internal.hub.MessageHubBackedObjectConnection$DispatchWrapper.dispatch(MessageHubBackedObjectConnection.java:175)
    	at org.gradle.internal.remote.internal.hub.MessageHubBackedObjectConnection$DispatchWrapper.dispatch(MessageHubBackedObjectConnection.java:157)
    	at org.gradle.internal.remote.internal.hub.MessageHub$Handler.run(MessageHub.java:404)
    	at org.gradle.internal.concurrent.ExecutorPolicy$CatchAndRecordFailures.onExecute(ExecutorPolicy.java:63)
    	at org.gradle.internal.concurrent.ManagedExecutorImpl$1.run(ManagedExecutorImpl.java:46)
    	at java.util.concurrent.ThreadPoolExecutor.runWorker(ThreadPoolExecutor.java:1149)
    	at java.util.concurrent.ThreadPoolExecutor$Worker.run(ThreadPoolExecutor.java:624)
    	at org.gradle.internal.concurrent.ThreadFactoryImpl$ManagedThreadRunnable.run(ThreadFactoryImpl.java:55)
    	at java.lang.Thread.run(Thread.java:748)

org.koin.core.GlobalToScopeTest > can't get scoped dependency without scope STANDARD_OUT
    [INFO] [Koin] loaded 1 definitions - 0.019848 ms
    [INFO] [Koin] create context - 0.008875 ms
    [DEBUG] [Koin] +- get 'org.koin.Simple$ComponentA' with qualifier 'null'

org.koin.core.GlobalToScopeTest > can't get scoped dependency without scope STANDARD_ERROR
    org.koin.core.error.NoBeanDefFoundException: No definition found for class:'org.koin.Simple$ComponentA'. Check your definitions!
    	at org.koin.core.scope.Scope.throwDefinitionNotFound(Scope.kt:218)
    	at org.koin.core.scope.Scope.resolveInstance(Scope.kt:192)
    	at org.koin.core.scope.Scope.access$resolveInstance(Scope.kt:31)
    	at org.koin.core.scope.Scope$get$1.invoke(Scope.kt:144)
    	at org.koin.core.time.MeasureKt.measureDurationForResult(Measure.kt:50)
    	at org.koin.core.scope.Scope.get(Scope.kt:143)
    	at org.koin.core.GlobalToScopeTest.can't get scoped dependency without scope(GlobalToScopeTest.kt:84)
    	at sun.reflect.NativeMethodAccessorImpl.invoke0(Native Method)
    	at sun.reflect.NativeMethodAccessorImpl.invoke(NativeMethodAccessorImpl.java:62)
    	at sun.reflect.DelegatingMethodAccessorImpl.invoke(DelegatingMethodAccessorImpl.java:43)
    	at java.lang.reflect.Method.invoke(Method.java:498)
    	at org.junit.runners.model.FrameworkMethod$1.runReflectiveCall(FrameworkMethod.java:50)
    	at org.junit.internal.runners.model.ReflectiveCallable.run(ReflectiveCallable.java:12)
    	at org.junit.runners.model.FrameworkMethod.invokeExplosively(FrameworkMethod.java:47)
    	at org.junit.internal.runners.statements.InvokeMethod.evaluate(InvokeMethod.java:17)
    	at org.junit.runners.ParentRunner.runLeaf(ParentRunner.java:325)
    	at org.junit.runners.BlockJUnit4ClassRunner.runChild(BlockJUnit4ClassRunner.java:78)
    	at org.junit.runners.BlockJUnit4ClassRunner.runChild(BlockJUnit4ClassRunner.java:57)
    	at org.junit.runners.ParentRunner$3.run(ParentRunner.java:290)
    	at org.junit.runners.ParentRunner$1.schedule(ParentRunner.java:71)
    	at org.junit.runners.ParentRunner.runChildren(ParentRunner.java:288)
    	at org.junit.runners.ParentRunner.access$000(ParentRunner.java:58)
    	at org.junit.runners.ParentRunner$2.evaluate(ParentRunner.java:268)
    	at org.junit.runners.ParentRunner.run(ParentRunner.java:363)
    	at org.gradle.api.internal.tasks.testing.junit.JUnitTestClassExecutor.runTestClass(JUnitTestClassExecutor.java:110)
    	at org.gradle.api.internal.tasks.testing.junit.JUnitTestClassExecutor.execute(JUnitTestClassExecutor.java:58)
    	at org.gradle.api.internal.tasks.testing.junit.JUnitTestClassExecutor.execute(JUnitTestClassExecutor.java:38)
    	at org.gradle.api.internal.tasks.testing.junit.AbstractJUnitTestClassProcessor.processTestClass(AbstractJUnitTestClassProcessor.java:62)
    	at org.gradle.api.internal.tasks.testing.SuiteTestClassProcessor.processTestClass(SuiteTestClassProcessor.java:51)
    	at sun.reflect.GeneratedMethodAccessor5.invoke(Unknown Source)
    	at sun.reflect.DelegatingMethodAccessorImpl.invoke(DelegatingMethodAccessorImpl.java:43)
    	at java.lang.reflect.Method.invoke(Method.java:498)
    	at org.gradle.internal.dispatch.ReflectionDispatch.dispatch(ReflectionDispatch.java:35)
    	at org.gradle.internal.dispatch.ReflectionDispatch.dispatch(ReflectionDispatch.java:24)
    	at org.gradle.internal.dispatch.ContextClassLoaderDispatch.dispatch(ContextClassLoaderDispatch.java:32)
    	at org.gradle.internal.dispatch.ProxyDispatchAdapter$DispatchingInvocationHandler.invoke(ProxyDispatchAdapter.java:93)
    	at com.sun.proxy.$Proxy2.processTestClass(Unknown Source)
    	at org.gradle.api.internal.tasks.testing.worker.TestWorker.processTestClass(TestWorker.java:118)
    	at sun.reflect.GeneratedMethodAccessor4.invoke(Unknown Source)
    	at sun.reflect.DelegatingMethodAccessorImpl.invoke(DelegatingMethodAccessorImpl.java:43)
    	at java.lang.reflect.Method.invoke(Method.java:498)
    	at org.gradle.internal.dispatch.ReflectionDispatch.dispatch(ReflectionDispatch.java:35)
    	at org.gradle.internal.dispatch.ReflectionDispatch.dispatch(ReflectionDispatch.java:24)
    	at org.gradle.internal.remote.internal.hub.MessageHubBackedObjectConnection$DispatchWrapper.dispatch(MessageHubBackedObjectConnection.java:175)
    	at org.gradle.internal.remote.internal.hub.MessageHubBackedObjectConnection$DispatchWrapper.dispatch(MessageHubBackedObjectConnection.java:157)
    	at org.gradle.internal.remote.internal.hub.MessageHub$Handler.run(MessageHub.java:404)
    	at org.gradle.internal.concurrent.ExecutorPolicy$CatchAndRecordFailures.onExecute(ExecutorPolicy.java:63)
    	at org.gradle.internal.concurrent.ManagedExecutorImpl$1.run(ManagedExecutorImpl.java:46)
    	at java.util.concurrent.ThreadPoolExecutor.runWorker(ThreadPoolExecutor.java:1149)
    	at java.util.concurrent.ThreadPoolExecutor$Worker.run(ThreadPoolExecutor.java:624)
    	at org.gradle.internal.concurrent.ThreadFactoryImpl$ManagedThreadRunnable.run(ThreadFactoryImpl.java:55)
    	at java.lang.Thread.run(Thread.java:748)

org.koin.core.GlobalToScopeTest > get scoped dependency without scope from single STANDARD_OUT
    [INFO] [Koin] loaded 2 definitions - 0.017221 ms
    [DEBUG] [Koin] - [Single:'org.koin.Simple$ComponentB']
    [INFO] [Koin] create context - 0.022374 ms
    [DEBUG] [Koin] !- create scope - id:'MY_SCOPE_ID' q:'org.koin.core.ClosedScopeAPI$ScopeType'
    [DEBUG] [Koin] ['MY_SCOPE_ID'] -> [Single:'org.koin.Simple$ComponentA',scope:'org.koin.core.ClosedScopeAPI$ScopeType']
    [DEBUG] [Koin] +- get 'org.koin.Simple$ComponentB' with qualifier 'null'
    [DEBUG] [Koin] | create instance for [Single:'org.koin.Simple$ComponentB']
    [DEBUG] [Koin] +- get 'org.koin.Simple$ComponentA' with qualifier 'null'
    [DEBUG] [Koin] | create instance for [Single:'org.koin.Simple$ComponentA',scope:'org.koin.core.ClosedScopeAPI$ScopeType']
    [DEBUG] [Koin] +- got 'org.koin.Simple$ComponentA' in 0.028719 ms
    [DEBUG] [Koin] +- got 'org.koin.Simple$ComponentB' in 0.147279 ms
    [DEBUG] [Koin] +- get 'org.koin.Simple$ComponentA' with qualifier 'null'
    [DEBUG] [Koin] +- got 'org.koin.Simple$ComponentA' in 0.004368 ms

org.koin.core.GlobalToScopeTest > can't get scoped dependency without scope from single STANDARD_OUT
    [INFO] [Koin] loaded 2 definitions - 0.022739 ms
    [DEBUG] [Koin] - [Single:'org.koin.Simple$ComponentB']
    [INFO] [Koin] create context - 0.020417 ms
    [DEBUG] [Koin] +- get 'org.koin.Simple$ComponentA' with qualifier 'null'

org.koin.core.GlobalToScopeTest > can't get scoped dependency without scope from single STANDARD_ERROR
    org.koin.core.error.NoBeanDefFoundException: No definition found for class:'org.koin.Simple$ComponentA'. Check your definitions!
    	at org.koin.core.scope.Scope.throwDefinitionNotFound(Scope.kt:218)
    	at org.koin.core.scope.Scope.resolveInstance(Scope.kt:192)
    	at org.koin.core.scope.Scope.access$resolveInstance(Scope.kt:31)
    	at org.koin.core.scope.Scope$get$1.invoke(Scope.kt:144)
    	at org.koin.core.time.MeasureKt.measureDurationForResult(Measure.kt:50)
    	at org.koin.core.scope.Scope.get(Scope.kt:143)
    	at org.koin.core.GlobalToScopeTest.can't get scoped dependency without scope from single(GlobalToScopeTest.kt:88)
    	at sun.reflect.NativeMethodAccessorImpl.invoke0(Native Method)
    	at sun.reflect.NativeMethodAccessorImpl.invoke(NativeMethodAccessorImpl.java:62)
    	at sun.reflect.DelegatingMethodAccessorImpl.invoke(DelegatingMethodAccessorImpl.java:43)
    	at java.lang.reflect.Method.invoke(Method.java:498)
    	at org.junit.runners.model.FrameworkMethod$1.runReflectiveCall(FrameworkMethod.java:50)
    	at org.junit.internal.runners.model.ReflectiveCallable.run(ReflectiveCallable.java:12)
    	at org.junit.runners.model.FrameworkMethod.invokeExplosively(FrameworkMethod.java:47)
    	at org.junit.internal.runners.statements.InvokeMethod.evaluate(InvokeMethod.java:17)
    	at org.junit.runners.ParentRunner.runLeaf(ParentRunner.java:325)
    	at org.junit.runners.BlockJUnit4ClassRunner.runChild(BlockJUnit4ClassRunner.java:78)
    	at org.junit.runners.BlockJUnit4ClassRunner.runChild(BlockJUnit4ClassRunner.java:57)
    	at org.junit.runners.ParentRunner$3.run(ParentRunner.java:290)
    	at org.junit.runners.ParentRunner$1.schedule(ParentRunner.java:71)
    	at org.junit.runners.ParentRunner.runChildren(ParentRunner.java:288)
    	at org.junit.runners.ParentRunner.access$000(ParentRunner.java:58)
    	at org.junit.runners.ParentRunner$2.evaluate(ParentRunner.java:268)
    	at org.junit.runners.ParentRunner.run(ParentRunner.java:363)
    	at org.gradle.api.internal.tasks.testing.junit.JUnitTestClassExecutor.runTestClass(JUnitTestClassExecutor.java:110)
    	at org.gradle.api.internal.tasks.testing.junit.JUnitTestClassExecutor.execute(JUnitTestClassExecutor.java:58)
    	at org.gradle.api.internal.tasks.testing.junit.JUnitTestClassExecutor.execute(JUnitTestClassExecutor.java:38)
    	at org.gradle.api.internal.tasks.testing.junit.AbstractJUnitTestClassProcessor.processTestClass(AbstractJUnitTestClassProcessor.java:62)
    	at org.gradle.api.internal.tasks.testing.SuiteTestClassProcessor.processTestClass(SuiteTestClassProcessor.java:51)
    	at sun.reflect.GeneratedMethodAccessor5.invoke(Unknown Source)
    	at sun.reflect.DelegatingMethodAccessorImpl.invoke(DelegatingMethodAccessorImpl.java:43)
    	at java.lang.reflect.Method.invoke(Method.java:498)
    	at org.gradle.internal.dispatch.ReflectionDispatch.dispatch(ReflectionDispatch.java:35)
    	at org.gradle.internal.dispatch.ReflectionDispatch.dispatch(ReflectionDispatch.java:24)
    	at org.gradle.internal.dispatch.ContextClassLoaderDispatch.dispatch(ContextClassLoaderDispatch.java:32)
    	at org.gradle.internal.dispatch.ProxyDispatchAdapter$DispatchingInvocationHandler.invoke(ProxyDispatchAdapter.java:93)
    	at com.sun.proxy.$Proxy2.processTestClass(Unknown Source)
    	at org.gradle.api.internal.tasks.testing.worker.TestWorker.processTestClass(TestWorker.java:118)
    	at sun.reflect.GeneratedMethodAccessor4.invoke(Unknown Source)
    	at sun.reflect.DelegatingMethodAccessorImpl.invoke(DelegatingMethodAccessorImpl.java:43)
    	at java.lang.reflect.Method.invoke(Method.java:498)
    	at org.gradle.internal.dispatch.ReflectionDispatch.dispatch(ReflectionDispatch.java:35)
    	at org.gradle.internal.dispatch.ReflectionDispatch.dispatch(ReflectionDispatch.java:24)
    	at org.gradle.internal.remote.internal.hub.MessageHubBackedObjectConnection$DispatchWrapper.dispatch(MessageHubBackedObjectConnection.java:175)
    	at org.gradle.internal.remote.internal.hub.MessageHubBackedObjectConnection$DispatchWrapper.dispatch(MessageHubBackedObjectConnection.java:157)
    	at org.gradle.internal.remote.internal.hub.MessageHub$Handler.run(MessageHub.java:404)
    	at org.gradle.internal.concurrent.ExecutorPolicy$CatchAndRecordFailures.onExecute(ExecutorPolicy.java:63)
    	at org.gradle.internal.concurrent.ManagedExecutorImpl$1.run(ManagedExecutorImpl.java:46)
    	at java.util.concurrent.ThreadPoolExecutor.runWorker(ThreadPoolExecutor.java:1149)
    	at java.util.concurrent.ThreadPoolExecutor$Worker.run(ThreadPoolExecutor.java:624)
    	at org.gradle.internal.concurrent.ThreadFactoryImpl$ManagedThreadRunnable.run(ThreadFactoryImpl.java:55)
    	at java.lang.Thread.run(Thread.java:748)

org.koin.core.ErrorCheckTest > error while creating instance STANDARD_ERROR
    org.koin.core.error.InstanceCreationException: Could not create instance for [Single:'org.koin.Errors$Boom']
    	at org.koin.core.instance.InstanceFactory.create(InstanceFactory.kt:59)
    	at org.koin.core.instance.SingleInstanceFactory.create(SingleInstanceFactory.kt:40)
    	at org.koin.core.instance.SingleInstanceFactory.get(SingleInstanceFactory.kt:48)
    	at org.koin.core.registry.InstanceRegistry.resolveInstance$koin_core(InstanceRegistry.kt:87)
    	at org.koin.core.scope.Scope.resolveInstance(Scope.kt:190)
    	at org.koin.core.scope.Scope.get(Scope.kt:149)
    	at org.koin.core.ErrorCheckTest.error while creating instance(ErrorCheckTest.kt:90)
    	at sun.reflect.NativeMethodAccessorImpl.invoke0(Native Method)
    	at sun.reflect.NativeMethodAccessorImpl.invoke(NativeMethodAccessorImpl.java:62)
    	at sun.reflect.DelegatingMethodAccessorImpl.invoke(DelegatingMethodAccessorImpl.java:43)
    	at java.lang.reflect.Method.invoke(Method.java:498)
    	at org.junit.runners.model.FrameworkMethod$1.runReflectiveCall(FrameworkMethod.java:50)
    	at org.junit.internal.runners.model.ReflectiveCallable.run(ReflectiveCallable.java:12)
    	at org.junit.runners.model.FrameworkMethod.invokeExplosively(FrameworkMethod.java:47)
    	at org.junit.internal.runners.statements.InvokeMethod.evaluate(InvokeMethod.java:17)
    	at org.junit.runners.ParentRunner.runLeaf(ParentRunner.java:325)
    	at org.junit.runners.BlockJUnit4ClassRunner.runChild(BlockJUnit4ClassRunner.java:78)
    	at org.junit.runners.BlockJUnit4ClassRunner.runChild(BlockJUnit4ClassRunner.java:57)
    	at org.junit.runners.ParentRunner$3.run(ParentRunner.java:290)
    	at org.junit.runners.ParentRunner$1.schedule(ParentRunner.java:71)
    	at org.junit.runners.ParentRunner.runChildren(ParentRunner.java:288)
    	at org.junit.runners.ParentRunner.access$000(ParentRunner.java:58)
    	at org.junit.runners.ParentRunner$2.evaluate(ParentRunner.java:268)
    	at org.junit.runners.ParentRunner.run(ParentRunner.java:363)
    	at org.gradle.api.internal.tasks.testing.junit.JUnitTestClassExecutor.runTestClass(JUnitTestClassExecutor.java:110)
    	at org.gradle.api.internal.tasks.testing.junit.JUnitTestClassExecutor.execute(JUnitTestClassExecutor.java:58)
    	at org.gradle.api.internal.tasks.testing.junit.JUnitTestClassExecutor.execute(JUnitTestClassExecutor.java:38)
    	at org.gradle.api.internal.tasks.testing.junit.AbstractJUnitTestClassProcessor.processTestClass(AbstractJUnitTestClassProcessor.java:62)
    	at org.gradle.api.internal.tasks.testing.SuiteTestClassProcessor.processTestClass(SuiteTestClassProcessor.java:51)
    	at sun.reflect.GeneratedMethodAccessor5.invoke(Unknown Source)
    	at sun.reflect.DelegatingMethodAccessorImpl.invoke(DelegatingMethodAccessorImpl.java:43)
    	at java.lang.reflect.Method.invoke(Method.java:498)
    	at org.gradle.internal.dispatch.ReflectionDispatch.dispatch(ReflectionDispatch.java:35)
    	at org.gradle.internal.dispatch.ReflectionDispatch.dispatch(ReflectionDispatch.java:24)
    	at org.gradle.internal.dispatch.ContextClassLoaderDispatch.dispatch(ContextClassLoaderDispatch.java:32)
    	at org.gradle.internal.dispatch.ProxyDispatchAdapter$DispatchingInvocationHandler.invoke(ProxyDispatchAdapter.java:93)
    	at com.sun.proxy.$Proxy2.processTestClass(Unknown Source)
    	at org.gradle.api.internal.tasks.testing.worker.TestWorker.processTestClass(TestWorker.java:118)
    	at sun.reflect.GeneratedMethodAccessor4.invoke(Unknown Source)
    	at sun.reflect.DelegatingMethodAccessorImpl.invoke(DelegatingMethodAccessorImpl.java:43)
    	at java.lang.reflect.Method.invoke(Method.java:498)
    	at org.gradle.internal.dispatch.ReflectionDispatch.dispatch(ReflectionDispatch.java:35)
    	at org.gradle.internal.dispatch.ReflectionDispatch.dispatch(ReflectionDispatch.java:24)
    	at org.gradle.internal.remote.internal.hub.MessageHubBackedObjectConnection$DispatchWrapper.dispatch(MessageHubBackedObjectConnection.java:175)
    	at org.gradle.internal.remote.internal.hub.MessageHubBackedObjectConnection$DispatchWrapper.dispatch(MessageHubBackedObjectConnection.java:157)
    	at org.gradle.internal.remote.internal.hub.MessageHub$Handler.run(MessageHub.java:404)
    	at org.gradle.internal.concurrent.ExecutorPolicy$CatchAndRecordFailures.onExecute(ExecutorPolicy.java:63)
    	at org.gradle.internal.concurrent.ManagedExecutorImpl$1.run(ManagedExecutorImpl.java:46)
    	at java.util.concurrent.ThreadPoolExecutor.runWorker(ThreadPoolExecutor.java:1149)
    	at java.util.concurrent.ThreadPoolExecutor$Worker.run(ThreadPoolExecutor.java:624)
    	at org.gradle.internal.concurrent.ThreadFactoryImpl$ManagedThreadRunnable.run(ThreadFactoryImpl.java:55)
    	at java.lang.Thread.run(Thread.java:748)
    Caused by: java.lang.IllegalStateException: Got error while init :(
    	at org.koin.Errors$Boom.<init>(Components.kt:26)
    	at org.koin.core.ErrorCheckTest$error while creating instance$app$1$1$1.invoke(ErrorCheckTest.kt:48)
    	at org.koin.core.ErrorCheckTest$error while creating instance$app$1$1$1.invoke(ErrorCheckTest.kt:14)
    	at org.koin.core.instance.InstanceFactory.create(InstanceFactory.kt:50)
    	... 51 more

org.koin.core.ErrorCheckTest > unknown linked dependency STANDARD_ERROR
    org.koin.core.error.InstanceCreationException: Could not create instance for [Single:'org.koin.Simple$ComponentB']
    	at org.koin.core.instance.InstanceFactory.create(InstanceFactory.kt:59)
    	at org.koin.core.instance.SingleInstanceFactory.create(SingleInstanceFactory.kt:40)
    	at org.koin.core.instance.SingleInstanceFactory.get(SingleInstanceFactory.kt:48)
    	at org.koin.core.registry.InstanceRegistry.resolveInstance$koin_core(InstanceRegistry.kt:87)
    	at org.koin.core.scope.Scope.resolveInstance(Scope.kt:190)
    	at org.koin.core.scope.Scope.get(Scope.kt:149)
    	at org.koin.core.ErrorCheckTest.unknown linked dependency(ErrorCheckTest.kt:86)
    	at sun.reflect.NativeMethodAccessorImpl.invoke0(Native Method)
    	at sun.reflect.NativeMethodAccessorImpl.invoke(NativeMethodAccessorImpl.java:62)
    	at sun.reflect.DelegatingMethodAccessorImpl.invoke(DelegatingMethodAccessorImpl.java:43)
    	at java.lang.reflect.Method.invoke(Method.java:498)
    	at org.junit.runners.model.FrameworkMethod$1.runReflectiveCall(FrameworkMethod.java:50)
    	at org.junit.internal.runners.model.ReflectiveCallable.run(ReflectiveCallable.java:12)
    	at org.junit.runners.model.FrameworkMethod.invokeExplosively(FrameworkMethod.java:47)
    	at org.junit.internal.runners.statements.InvokeMethod.evaluate(InvokeMethod.java:17)
    	at org.junit.runners.ParentRunner.runLeaf(ParentRunner.java:325)
    	at org.junit.runners.BlockJUnit4ClassRunner.runChild(BlockJUnit4ClassRunner.java:78)
    	at org.junit.runners.BlockJUnit4ClassRunner.runChild(BlockJUnit4ClassRunner.java:57)
    	at org.junit.runners.ParentRunner$3.run(ParentRunner.java:290)
    	at org.junit.runners.ParentRunner$1.schedule(ParentRunner.java:71)
    	at org.junit.runners.ParentRunner.runChildren(ParentRunner.java:288)
    	at org.junit.runners.ParentRunner.access$000(ParentRunner.java:58)
    	at org.junit.runners.ParentRunner$2.evaluate(ParentRunner.java:268)
    	at org.junit.runners.ParentRunner.run(ParentRunner.java:363)
    	at org.gradle.api.internal.tasks.testing.junit.JUnitTestClassExecutor.runTestClass(JUnitTestClassExecutor.java:110)
    	at org.gradle.api.internal.tasks.testing.junit.JUnitTestClassExecutor.execute(JUnitTestClassExecutor.java:58)
    	at org.gradle.api.internal.tasks.testing.junit.JUnitTestClassExecutor.execute(JUnitTestClassExecutor.java:38)
    	at org.gradle.api.internal.tasks.testing.junit.AbstractJUnitTestClassProcessor.processTestClass(AbstractJUnitTestClassProcessor.java:62)
    	at org.gradle.api.internal.tasks.testing.SuiteTestClassProcessor.processTestClass(SuiteTestClassProcessor.java:51)
    	at sun.reflect.GeneratedMethodAccessor5.invoke(Unknown Source)
    	at sun.reflect.DelegatingMethodAccessorImpl.invoke(DelegatingMethodAccessorImpl.java:43)
    	at java.lang.reflect.Method.invoke(Method.java:498)
    	at org.gradle.internal.dispatch.ReflectionDispatch.dispatch(ReflectionDispatch.java:35)
    	at org.gradle.internal.dispatch.ReflectionDispatch.dispatch(ReflectionDispatch.java:24)
    	at org.gradle.internal.dispatch.ContextClassLoaderDispatch.dispatch(ContextClassLoaderDispatch.java:32)
    	at org.gradle.internal.dispatch.ProxyDispatchAdapter$DispatchingInvocationHandler.invoke(ProxyDispatchAdapter.java:93)
    	at com.sun.proxy.$Proxy2.processTestClass(Unknown Source)
    	at org.gradle.api.internal.tasks.testing.worker.TestWorker.processTestClass(TestWorker.java:118)
    	at sun.reflect.GeneratedMethodAccessor4.invoke(Unknown Source)
    	at sun.reflect.DelegatingMethodAccessorImpl.invoke(DelegatingMethodAccessorImpl.java:43)
    	at java.lang.reflect.Method.invoke(Method.java:498)
    	at org.gradle.internal.dispatch.ReflectionDispatch.dispatch(ReflectionDispatch.java:35)
    	at org.gradle.internal.dispatch.ReflectionDispatch.dispatch(ReflectionDispatch.java:24)
    	at org.gradle.internal.remote.internal.hub.MessageHubBackedObjectConnection$DispatchWrapper.dispatch(MessageHubBackedObjectConnection.java:175)
    	at org.gradle.internal.remote.internal.hub.MessageHubBackedObjectConnection$DispatchWrapper.dispatch(MessageHubBackedObjectConnection.java:157)
    	at org.gradle.internal.remote.internal.hub.MessageHub$Handler.run(MessageHub.java:404)
    	at org.gradle.internal.concurrent.ExecutorPolicy$CatchAndRecordFailures.onExecute(ExecutorPolicy.java:63)
    	at org.gradle.internal.concurrent.ManagedExecutorImpl$1.run(ManagedExecutorImpl.java:46)
    	at java.util.concurrent.ThreadPoolExecutor.runWorker(ThreadPoolExecutor.java:1149)
    	at java.util.concurrent.ThreadPoolExecutor$Worker.run(ThreadPoolExecutor.java:624)
    	at org.gradle.internal.concurrent.ThreadFactoryImpl$ManagedThreadRunnable.run(ThreadFactoryImpl.java:55)
    	at java.lang.Thread.run(Thread.java:748)
    Caused by: org.koin.core.error.NoBeanDefFoundException: No definition found for class:'org.koin.Simple$ComponentA'. Check your definitions!
    	at org.koin.core.scope.Scope.throwDefinitionNotFound(Scope.kt:218)
    	at org.koin.core.scope.Scope.resolveInstance(Scope.kt:192)
    	at org.koin.core.scope.Scope.get(Scope.kt:149)
    	at org.koin.core.ErrorCheckTest$unknown linked dependency$app$1$1$1.invoke(ErrorCheckTest.kt:82)
    	at org.koin.core.ErrorCheckTest$unknown linked dependency$app$1$1$1.invoke(ErrorCheckTest.kt:14)
    	at org.koin.core.instance.InstanceFactory.create(InstanceFactory.kt:50)
    	... 51 more

org.koin.core.ErrorCheckTest > unknown definition STANDARD_ERROR
    org.koin.core.error.NoBeanDefFoundException: No definition found for class:'org.koin.Simple$ComponentA'. Check your definitions!
    	at org.koin.core.scope.Scope.throwDefinitionNotFound(Scope.kt:218)
    	at org.koin.core.scope.Scope.resolveInstance(Scope.kt:192)
    	at org.koin.core.scope.Scope.get(Scope.kt:149)
    	at org.koin.core.ErrorCheckTest.unknown definition(ErrorCheckTest.kt:82)
    	at sun.reflect.NativeMethodAccessorImpl.invoke0(Native Method)
    	at sun.reflect.NativeMethodAccessorImpl.invoke(NativeMethodAccessorImpl.java:62)
    	at sun.reflect.DelegatingMethodAccessorImpl.invoke(DelegatingMethodAccessorImpl.java:43)
    	at java.lang.reflect.Method.invoke(Method.java:498)
    	at org.junit.runners.model.FrameworkMethod$1.runReflectiveCall(FrameworkMethod.java:50)
    	at org.junit.internal.runners.model.ReflectiveCallable.run(ReflectiveCallable.java:12)
    	at org.junit.runners.model.FrameworkMethod.invokeExplosively(FrameworkMethod.java:47)
    	at org.junit.internal.runners.statements.InvokeMethod.evaluate(InvokeMethod.java:17)
    	at org.junit.runners.ParentRunner.runLeaf(ParentRunner.java:325)
    	at org.junit.runners.BlockJUnit4ClassRunner.runChild(BlockJUnit4ClassRunner.java:78)
    	at org.junit.runners.BlockJUnit4ClassRunner.runChild(BlockJUnit4ClassRunner.java:57)
    	at org.junit.runners.ParentRunner$3.run(ParentRunner.java:290)
    	at org.junit.runners.ParentRunner$1.schedule(ParentRunner.java:71)
    	at org.junit.runners.ParentRunner.runChildren(ParentRunner.java:288)
    	at org.junit.runners.ParentRunner.access$000(ParentRunner.java:58)
    	at org.junit.runners.ParentRunner$2.evaluate(ParentRunner.java:268)
    	at org.junit.runners.ParentRunner.run(ParentRunner.java:363)
    	at org.gradle.api.internal.tasks.testing.junit.JUnitTestClassExecutor.runTestClass(JUnitTestClassExecutor.java:110)
    	at org.gradle.api.internal.tasks.testing.junit.JUnitTestClassExecutor.execute(JUnitTestClassExecutor.java:58)
    	at org.gradle.api.internal.tasks.testing.junit.JUnitTestClassExecutor.execute(JUnitTestClassExecutor.java:38)
    	at org.gradle.api.internal.tasks.testing.junit.AbstractJUnitTestClassProcessor.processTestClass(AbstractJUnitTestClassProcessor.java:62)
    	at org.gradle.api.internal.tasks.testing.SuiteTestClassProcessor.processTestClass(SuiteTestClassProcessor.java:51)
    	at sun.reflect.GeneratedMethodAccessor5.invoke(Unknown Source)
    	at sun.reflect.DelegatingMethodAccessorImpl.invoke(DelegatingMethodAccessorImpl.java:43)
    	at java.lang.reflect.Method.invoke(Method.java:498)
    	at org.gradle.internal.dispatch.ReflectionDispatch.dispatch(ReflectionDispatch.java:35)
    	at org.gradle.internal.dispatch.ReflectionDispatch.dispatch(ReflectionDispatch.java:24)
    	at org.gradle.internal.dispatch.ContextClassLoaderDispatch.dispatch(ContextClassLoaderDispatch.java:32)
    	at org.gradle.internal.dispatch.ProxyDispatchAdapter$DispatchingInvocationHandler.invoke(ProxyDispatchAdapter.java:93)
    	at com.sun.proxy.$Proxy2.processTestClass(Unknown Source)
    	at org.gradle.api.internal.tasks.testing.worker.TestWorker.processTestClass(TestWorker.java:118)
    	at sun.reflect.GeneratedMethodAccessor4.invoke(Unknown Source)
    	at sun.reflect.DelegatingMethodAccessorImpl.invoke(DelegatingMethodAccessorImpl.java:43)
    	at java.lang.reflect.Method.invoke(Method.java:498)
    	at org.gradle.internal.dispatch.ReflectionDispatch.dispatch(ReflectionDispatch.java:35)
    	at org.gradle.internal.dispatch.ReflectionDispatch.dispatch(ReflectionDispatch.java:24)
    	at org.gradle.internal.remote.internal.hub.MessageHubBackedObjectConnection$DispatchWrapper.dispatch(MessageHubBackedObjectConnection.java:175)
    	at org.gradle.internal.remote.internal.hub.MessageHubBackedObjectConnection$DispatchWrapper.dispatch(MessageHubBackedObjectConnection.java:157)
    	at org.gradle.internal.remote.internal.hub.MessageHub$Handler.run(MessageHub.java:404)
    	at org.gradle.internal.concurrent.ExecutorPolicy$CatchAndRecordFailures.onExecute(ExecutorPolicy.java:63)
    	at org.gradle.internal.concurrent.ManagedExecutorImpl$1.run(ManagedExecutorImpl.java:46)
    	at java.util.concurrent.ThreadPoolExecutor.runWorker(ThreadPoolExecutor.java:1149)
    	at java.util.concurrent.ThreadPoolExecutor$Worker.run(ThreadPoolExecutor.java:624)
    	at org.gradle.internal.concurrent.ThreadFactoryImpl$ManagedThreadRunnable.run(ThreadFactoryImpl.java:55)
    	at java.lang.Thread.run(Thread.java:748)

org.koin.core.ErrorCheckTest > cycle error SKIPPED

org.koin.core.GenericDeclarationTest > declare and retrieve generic definitions STANDARD_OUT
    [INFO] [Koin] loaded 2 definitions - 0.015701 ms
    [DEBUG] [Koin] - [Single:'java.util.List',qualifier:'strings']
    [DEBUG] [Koin] - [Single:'java.util.List',qualifier:'ints']
    [INFO] [Koin] create context - 0.036503 ms
    [DEBUG] [Koin] +- get 'java.util.List' with qualifier ''strings''
    [DEBUG] [Koin] | create instance for [Single:'java.util.List',qualifier:'strings']
    [DEBUG] [Koin] +- got 'java.util.List' in 0.034785 ms
    [DEBUG] [Koin] +- get 'java.util.List' with qualifier ''ints''
    [DEBUG] [Koin] | create instance for [Single:'java.util.List',qualifier:'ints']
    [DEBUG] [Koin] +- got 'java.util.List' in 0.026446 ms

org.koin.core.GenericDeclarationTest > declare and not retrieve generic definitions STANDARD_OUT
    [INFO] [Koin] loaded 2 definitions - 0.011408 ms
    [DEBUG] [Koin] - [Single:'java.util.List',qualifier:'strings']
    [DEBUG] [Koin] - [Single:'java.util.List',qualifier:'ints']
    [INFO] [Koin] create context - 0.04544 ms
    [DEBUG] [Koin] +- get 'java.util.List' with qualifier 'null'

org.koin.koincomponent.AppTest > can run KoinComponent app STANDARD_OUT
    [INFO] [Koin] loaded 2 definitions - 0.015289 ms
    [INFO] [Koin] create context - 0.019456 ms

org.koin.koincomponent.TODOAppTest > should create all components STANDARD_OUT
    [INFO] [Koin] loaded 5 definitions - 0.018351 ms
    [DEBUG] [Koin] - [Single:'org.koin.koincomponent.TODOAppTest$TasksDataSource',qualifier:'localDataSource']
    [DEBUG] [Koin] - [Single:'org.koin.koincomponent.TODOAppTest$TasksView',binds:org.koin.koincomponent.TODOAppTest$TasksContract$View]
    [DEBUG] [Koin] - [Single:'org.koin.koincomponent.TODOAppTest$TasksRepository',binds:org.koin.koincomponent.TODOAppTest$TasksDataSource]
    [DEBUG] [Koin] - [Single:'org.koin.koincomponent.TODOAppTest$TasksContract$Presenter']
    [DEBUG] [Koin] - [Single:'org.koin.koincomponent.TODOAppTest$TasksDataSource',qualifier:'remoteDataSource']
    [INFO] [Koin] create context - 0.080092 ms
    [DEBUG] [Koin] instances started in 0.009342 ms
    [DEBUG] [Koin] +- get 'org.koin.koincomponent.TODOAppTest$TasksView' with qualifier 'null'
    [DEBUG] [Koin] | create instance for [Single:'org.koin.koincomponent.TODOAppTest$TasksView',binds:org.koin.koincomponent.TODOAppTest$TasksContract$View]
    [DEBUG] [Koin] +- got 'org.koin.koincomponent.TODOAppTest$TasksView' in 0.432173 ms
    [DEBUG] [Koin] +- get 'org.koin.koincomponent.TODOAppTest$TasksContract$Presenter' with qualifier 'null'
    [DEBUG] [Koin] | create instance for [Single:'org.koin.koincomponent.TODOAppTest$TasksContract$Presenter']
    [DEBUG] [Koin] +- get 'org.koin.koincomponent.TODOAppTest$TasksRepository' with qualifier 'null'
    [DEBUG] [Koin] | create instance for [Single:'org.koin.koincomponent.TODOAppTest$TasksRepository',binds:org.koin.koincomponent.TODOAppTest$TasksDataSource]
    [DEBUG] [Koin] +- get 'org.koin.koincomponent.TODOAppTest$TasksDataSource' with qualifier ''remoteDataSource''
    [DEBUG] [Koin] | create instance for [Single:'org.koin.koincomponent.TODOAppTest$TasksDataSource',qualifier:'remoteDataSource']
    [DEBUG] [Koin] +- got 'org.koin.koincomponent.TODOAppTest$TasksDataSource' in 0.205528 ms
    [DEBUG] [Koin] +- get 'org.koin.koincomponent.TODOAppTest$TasksDataSource' with qualifier ''localDataSource''
    [DEBUG] [Koin] | create instance for [Single:'org.koin.koincomponent.TODOAppTest$TasksDataSource',qualifier:'localDataSource']
    [DEBUG] [Koin] +- got 'org.koin.koincomponent.TODOAppTest$TasksDataSource' in 0.14825 ms
    [DEBUG] [Koin] +- got 'org.koin.koincomponent.TODOAppTest$TasksRepository' in 0.488839 ms
    [DEBUG] [Koin] +- got 'org.koin.koincomponent.TODOAppTest$TasksContract$Presenter' in 0.70364 ms
    -> org.koin.koincomponent.TODOAppTest$TasksPresenter@50a8112c
    [INFO] [Koin] closing scope:'-Root-'

org.koin.koincomponent.KoinComponentTest > can lazy inject before starting Koin STANDARD_OUT
    [INFO] [Koin] loaded 1 definitions - 0.019561 ms
    [INFO] [Koin] create context - 0.013592 ms

org.koin.koincomponent.KoinComponentTest > can lazy inject from KoinComponent STANDARD_OUT
    [INFO] [Koin] loaded 1 definitions - 0.018406 ms
    [INFO] [Koin] create context - 0.011876 ms

org.koin.perfs.PerfsTest > perfModule400 module perfs STANDARD_ERROR
    Exception in thread "Thread-6" java.lang.IllegalStateException: No root scoped initialized
    	at org.koin.core.registry.ScopeRegistry.getRootScope(ScopeRegistry.kt:48)
    	at org.koin.core.MultithreadTest$multi thread get$3.run(MultithreadTest.kt:64)
    	at java.lang.Thread.run(Thread.java:748)

org.koin.perfs.PerfsTest > perfModule400 module perfs STANDARD_OUT
    perf400 - start  - 204.842435 ms
    perf400 - executed - 0.237445 ms
    perf400 - start  - 0.429289 ms
    perf400 - executed - 0.031915 ms

org.koin.perfs.PerfsTest > empty module perfs STANDARD_OUT
    empty - start  - 0.280239 ms

org.koin.dsl.ModuleAndPropertiesTest > missing property from a module STANDARD_ERROR
    org.koin.core.error.InstanceCreationException: Could not create instance for [Single:'org.koin.Simple$MyStringFactory']
    	at org.koin.core.instance.InstanceFactory.create(InstanceFactory.kt:59)
    	at org.koin.core.instance.SingleInstanceFactory.create(SingleInstanceFactory.kt:40)
    	at org.koin.core.instance.SingleInstanceFactory.get(SingleInstanceFactory.kt:48)
    	at org.koin.core.registry.InstanceRegistry.resolveInstance$koin_core(InstanceRegistry.kt:87)
    	at org.koin.core.scope.Scope.resolveInstance(Scope.kt:190)
    	at org.koin.core.scope.Scope.get(Scope.kt:149)
    	at org.koin.dsl.ModuleAndPropertiesTest.missing property from a module(ModuleAndPropertiesTest.kt:53)
    	at sun.reflect.NativeMethodAccessorImpl.invoke0(Native Method)
    	at sun.reflect.NativeMethodAccessorImpl.invoke(NativeMethodAccessorImpl.java:62)
    	at sun.reflect.DelegatingMethodAccessorImpl.invoke(DelegatingMethodAccessorImpl.java:43)
    	at java.lang.reflect.Method.invoke(Method.java:498)
    	at org.junit.runners.model.FrameworkMethod$1.runReflectiveCall(FrameworkMethod.java:50)
    	at org.junit.internal.runners.model.ReflectiveCallable.run(ReflectiveCallable.java:12)
    	at org.junit.runners.model.FrameworkMethod.invokeExplosively(FrameworkMethod.java:47)
    	at org.junit.internal.runners.statements.InvokeMethod.evaluate(InvokeMethod.java:17)
    	at org.junit.runners.ParentRunner.runLeaf(ParentRunner.java:325)
    	at org.junit.runners.BlockJUnit4ClassRunner.runChild(BlockJUnit4ClassRunner.java:78)
    	at org.junit.runners.BlockJUnit4ClassRunner.runChild(BlockJUnit4ClassRunner.java:57)
    	at org.junit.runners.ParentRunner$3.run(ParentRunner.java:290)
    	at org.junit.runners.ParentRunner$1.schedule(ParentRunner.java:71)
    	at org.junit.runners.ParentRunner.runChildren(ParentRunner.java:288)
    	at org.junit.runners.ParentRunner.access$000(ParentRunner.java:58)
    	at org.junit.runners.ParentRunner$2.evaluate(ParentRunner.java:268)
    	at org.junit.runners.ParentRunner.run(ParentRunner.java:363)
    	at org.gradle.api.internal.tasks.testing.junit.JUnitTestClassExecutor.runTestClass(JUnitTestClassExecutor.java:110)
    	at org.gradle.api.internal.tasks.testing.junit.JUnitTestClassExecutor.execute(JUnitTestClassExecutor.java:58)
    	at org.gradle.api.internal.tasks.testing.junit.JUnitTestClassExecutor.execute(JUnitTestClassExecutor.java:38)
    	at org.gradle.api.internal.tasks.testing.junit.AbstractJUnitTestClassProcessor.processTestClass(AbstractJUnitTestClassProcessor.java:62)
    	at org.gradle.api.internal.tasks.testing.SuiteTestClassProcessor.processTestClass(SuiteTestClassProcessor.java:51)
    	at sun.reflect.GeneratedMethodAccessor5.invoke(Unknown Source)
    	at sun.reflect.DelegatingMethodAccessorImpl.invoke(DelegatingMethodAccessorImpl.java:43)
    	at java.lang.reflect.Method.invoke(Method.java:498)
    	at org.gradle.internal.dispatch.ReflectionDispatch.dispatch(ReflectionDispatch.java:35)
    	at org.gradle.internal.dispatch.ReflectionDispatch.dispatch(ReflectionDispatch.java:24)
    	at org.gradle.internal.dispatch.ContextClassLoaderDispatch.dispatch(ContextClassLoaderDispatch.java:32)
    	at org.gradle.internal.dispatch.ProxyDispatchAdapter$DispatchingInvocationHandler.invoke(ProxyDispatchAdapter.java:93)
    	at com.sun.proxy.$Proxy2.processTestClass(Unknown Source)
    	at org.gradle.api.internal.tasks.testing.worker.TestWorker.processTestClass(TestWorker.java:118)
    	at sun.reflect.GeneratedMethodAccessor4.invoke(Unknown Source)
    	at sun.reflect.DelegatingMethodAccessorImpl.invoke(DelegatingMethodAccessorImpl.java:43)
    	at java.lang.reflect.Method.invoke(Method.java:498)
    	at org.gradle.internal.dispatch.ReflectionDispatch.dispatch(ReflectionDispatch.java:35)
    	at org.gradle.internal.dispatch.ReflectionDispatch.dispatch(ReflectionDispatch.java:24)
    	at org.gradle.internal.remote.internal.hub.MessageHubBackedObjectConnection$DispatchWrapper.dispatch(MessageHubBackedObjectConnection.java:175)
    	at org.gradle.internal.remote.internal.hub.MessageHubBackedObjectConnection$DispatchWrapper.dispatch(MessageHubBackedObjectConnection.java:157)
    	at org.gradle.internal.remote.internal.hub.MessageHub$Handler.run(MessageHub.java:404)
    	at org.gradle.internal.concurrent.ExecutorPolicy$CatchAndRecordFailures.onExecute(ExecutorPolicy.java:63)
    	at org.gradle.internal.concurrent.ManagedExecutorImpl$1.run(ManagedExecutorImpl.java:46)
    	at java.util.concurrent.ThreadPoolExecutor.runWorker(ThreadPoolExecutor.java:1149)
    	at java.util.concurrent.ThreadPoolExecutor$Worker.run(ThreadPoolExecutor.java:624)
    	at org.gradle.internal.concurrent.ThreadFactoryImpl$ManagedThreadRunnable.run(ThreadFactoryImpl.java:55)
    	at java.lang.Thread.run(Thread.java:748)
    Caused by: org.koin.core.error.MissingPropertyException: Property 'KEY' not found
    	at org.koin.core.scope.Scope.getProperty(Scope.kt:325)
    	at org.koin.dsl.ModuleAndPropertiesTest$missing property from a module$koin$1$1$1.invoke(ModuleAndPropertiesTest.kt:35)
    	at org.koin.dsl.ModuleAndPropertiesTest$missing property from a module$koin$1$1$1.invoke(ModuleAndPropertiesTest.kt:9)
    	at org.koin.core.instance.InstanceFactory.create(InstanceFactory.kt:50)
    	... 51 more

org.koin.dsl.EnvironmentPropertyDefinitionTest > load and get properties from environment STANDARD_OUT
    [DEBUG] [Koin] load properties from environment
    [DEBUG] [Koin] load 55 properties
    [DEBUG] [Koin] load 39 properties

org.koin.dsl.FilePropertyDefinitionTest > get string value from file STANDARD_OUT
    [INFO] [Koin] loaded properties from file:'/koin.properties'

org.koin.dsl.FilePropertyDefinitionTest > get int value from file STANDARD_OUT
    [INFO] [Koin] loaded properties from file:'/koin.properties'

org.koin.dsl.FilePropertyDefinitionTest > get float value from file STANDARD_OUT
    [INFO] [Koin] loaded properties from file:'/koin.properties'

org.koin.dsl.FilePropertyDefinitionTest > load and get properties from file STANDARD_OUT
    [INFO] [Koin] loaded properties from file:'/koin.properties'

org.koin.dsl.FilePropertyDefinitionTest > load and get properties from default file STANDARD_OUT
    [INFO] [Koin] loaded properties from file:'/koin.properties'

org.koin.dsl.FilePropertyDefinitionTest > load and get properties from bad file STANDARD_ERROR
    org.koin.core.error.NoPropertyFileFoundException: No properties found for file 'koin_bad.properties'
    	at org.koin.core.registry.PropertyRegistry.loadPropertiesFromFile(PropertyRegistry.kt:99)
    	at org.koin.core.KoinApplication.fileProperties(KoinApplication.kt:97)
    	at org.koin.dsl.FilePropertyDefinitionTest$load and get properties from bad file$1.invoke(FilePropertyDefinitionTest.kt:44)
    	at org.koin.dsl.FilePropertyDefinitionTest$load and get properties from bad file$1.invoke(FilePropertyDefinitionTest.kt:8)
    	at org.koin.dsl.KoinApplicationKt.koinApplication(KoinApplication.kt:28)
    	at org.koin.dsl.FilePropertyDefinitionTest.load and get properties from bad file(FilePropertyDefinitionTest.kt:43)
    	at sun.reflect.NativeMethodAccessorImpl.invoke0(Native Method)
    	at sun.reflect.NativeMethodAccessorImpl.invoke(NativeMethodAccessorImpl.java:62)
    	at sun.reflect.DelegatingMethodAccessorImpl.invoke(DelegatingMethodAccessorImpl.java:43)
    	at java.lang.reflect.Method.invoke(Method.java:498)
    	at org.junit.runners.model.FrameworkMethod$1.runReflectiveCall(FrameworkMethod.java:50)
    	at org.junit.internal.runners.model.ReflectiveCallable.run(ReflectiveCallable.java:12)
    	at org.junit.runners.model.FrameworkMethod.invokeExplosively(FrameworkMethod.java:47)
    	at org.junit.internal.runners.statements.InvokeMethod.evaluate(InvokeMethod.java:17)
    	at org.junit.runners.ParentRunner.runLeaf(ParentRunner.java:325)
    	at org.junit.runners.BlockJUnit4ClassRunner.runChild(BlockJUnit4ClassRunner.java:78)
    	at org.junit.runners.BlockJUnit4ClassRunner.runChild(BlockJUnit4ClassRunner.java:57)
    	at org.junit.runners.ParentRunner$3.run(ParentRunner.java:290)
    	at org.junit.runners.ParentRunner$1.schedule(ParentRunner.java:71)
    	at org.junit.runners.ParentRunner.runChildren(ParentRunner.java:288)
    	at org.junit.runners.ParentRunner.access$000(ParentRunner.java:58)
    	at org.junit.runners.ParentRunner$2.evaluate(ParentRunner.java:268)
    	at org.junit.runners.ParentRunner.run(ParentRunner.java:363)
    	at org.gradle.api.internal.tasks.testing.junit.JUnitTestClassExecutor.runTestClass(JUnitTestClassExecutor.java:110)
    	at org.gradle.api.internal.tasks.testing.junit.JUnitTestClassExecutor.execute(JUnitTestClassExecutor.java:58)
    	at org.gradle.api.internal.tasks.testing.junit.JUnitTestClassExecutor.execute(JUnitTestClassExecutor.java:38)
    	at org.gradle.api.internal.tasks.testing.junit.AbstractJUnitTestClassProcessor.processTestClass(AbstractJUnitTestClassProcessor.java:62)
    	at org.gradle.api.internal.tasks.testing.SuiteTestClassProcessor.processTestClass(SuiteTestClassProcessor.java:51)
    	at sun.reflect.GeneratedMethodAccessor5.invoke(Unknown Source)
    	at sun.reflect.DelegatingMethodAccessorImpl.invoke(DelegatingMethodAccessorImpl.java:43)
    	at java.lang.reflect.Method.invoke(Method.java:498)
    	at org.gradle.internal.dispatch.ReflectionDispatch.dispatch(ReflectionDispatch.java:35)
    	at org.gradle.internal.dispatch.ReflectionDispatch.dispatch(ReflectionDispatch.java:24)
    	at org.gradle.internal.dispatch.ContextClassLoaderDispatch.dispatch(ContextClassLoaderDispatch.java:32)
    	at org.gradle.internal.dispatch.ProxyDispatchAdapter$DispatchingInvocationHandler.invoke(ProxyDispatchAdapter.java:93)
    	at com.sun.proxy.$Proxy2.processTestClass(Unknown Source)
    	at org.gradle.api.internal.tasks.testing.worker.TestWorker.processTestClass(TestWorker.java:118)
    	at sun.reflect.GeneratedMethodAccessor4.invoke(Unknown Source)
    	at sun.reflect.DelegatingMethodAccessorImpl.invoke(DelegatingMethodAccessorImpl.java:43)
    	at java.lang.reflect.Method.invoke(Method.java:498)
    	at org.gradle.internal.dispatch.ReflectionDispatch.dispatch(ReflectionDispatch.java:35)
    	at org.gradle.internal.dispatch.ReflectionDispatch.dispatch(ReflectionDispatch.java:24)
    	at org.gradle.internal.remote.internal.hub.MessageHubBackedObjectConnection$DispatchWrapper.dispatch(MessageHubBackedObjectConnection.java:175)
    	at org.gradle.internal.remote.internal.hub.MessageHubBackedObjectConnection$DispatchWrapper.dispatch(MessageHubBackedObjectConnection.java:157)
    	at org.gradle.internal.remote.internal.hub.MessageHub$Handler.run(MessageHub.java:404)
    	at org.gradle.internal.concurrent.ExecutorPolicy$CatchAndRecordFailures.onExecute(ExecutorPolicy.java:63)
    	at org.gradle.internal.concurrent.ManagedExecutorImpl$1.run(ManagedExecutorImpl.java:46)
    	at java.util.concurrent.ThreadPoolExecutor.runWorker(ThreadPoolExecutor.java:1149)
    	at java.util.concurrent.ThreadPoolExecutor$Worker.run(ThreadPoolExecutor.java:624)
    	at org.gradle.internal.concurrent.ThreadFactoryImpl$ManagedThreadRunnable.run(ThreadFactoryImpl.java:55)
    	at java.lang.Thread.run(Thread.java:748)

org.koin.dsl.ModuleDeclarationRulesTest > allow redeclaration - different names STANDARD_OUT
    [INFO] [Koin] loaded 2 definitions - 0.019469 ms
    [INFO] [Koin] create context - 0.014176 ms

org.koin.dsl.ModuleDeclarationRulesTest > don't allow redeclaration with different implementation STANDARD_ERROR
    org.koin.core.error.DefinitionOverrideException: Definition '[Single:'org.koin.Simple$ComponentInterface1']' try to override existing definition. Please use override option or check for definition '[Single:'org.koin.Simple$ComponentInterface1']'
    	at org.koin.core.scope.ScopeDefinition.save(ScopeDefinition.kt:25)
    	at org.koin.core.scope.ScopeDefinition.save$default(ScopeDefinition.kt:19)
    	at org.koin.dsl.ModuleDeclarationRulesTest$don't allow redeclaration with different implementation$1$1.invoke(ModuleDeclarationRulesTest.kt:143)
    	at org.koin.dsl.ModuleDeclarationRulesTest$don't allow redeclaration with different implementation$1$1.invoke(ModuleDeclarationRulesTest.kt:12)
    	at org.koin.dsl.ModuleKt.module(Module.kt:31)
    	at org.koin.dsl.ModuleKt.module$default(Module.kt:29)
    	at org.koin.dsl.ModuleDeclarationRulesTest$don't allow redeclaration with different implementation$1.invoke(ModuleDeclarationRulesTest.kt:71)
    	at org.koin.dsl.ModuleDeclarationRulesTest$don't allow redeclaration with different implementation$1.invoke(ModuleDeclarationRulesTest.kt:12)
    	at org.koin.dsl.KoinApplicationKt.koinApplication(KoinApplication.kt:28)
    	at org.koin.dsl.ModuleDeclarationRulesTest.don't allow redeclaration with different implementation(ModuleDeclarationRulesTest.kt:69)
    	at sun.reflect.NativeMethodAccessorImpl.invoke0(Native Method)
    	at sun.reflect.NativeMethodAccessorImpl.invoke(NativeMethodAccessorImpl.java:62)
    	at sun.reflect.DelegatingMethodAccessorImpl.invoke(DelegatingMethodAccessorImpl.java:43)
    	at java.lang.reflect.Method.invoke(Method.java:498)
    	at org.junit.runners.model.FrameworkMethod$1.runReflectiveCall(FrameworkMethod.java:50)
    	at org.junit.internal.runners.model.ReflectiveCallable.run(ReflectiveCallable.java:12)
    	at org.junit.runners.model.FrameworkMethod.invokeExplosively(FrameworkMethod.java:47)
    	at org.junit.internal.runners.statements.InvokeMethod.evaluate(InvokeMethod.java:17)
    	at org.junit.runners.ParentRunner.runLeaf(ParentRunner.java:325)
    	at org.junit.runners.BlockJUnit4ClassRunner.runChild(BlockJUnit4ClassRunner.java:78)
    	at org.junit.runners.BlockJUnit4ClassRunner.runChild(BlockJUnit4ClassRunner.java:57)
    	at org.junit.runners.ParentRunner$3.run(ParentRunner.java:290)
    	at org.junit.runners.ParentRunner$1.schedule(ParentRunner.java:71)
    	at org.junit.runners.ParentRunner.runChildren(ParentRunner.java:288)
    	at org.junit.runners.ParentRunner.access$000(ParentRunner.java:58)
    	at org.junit.runners.ParentRunner$2.evaluate(ParentRunner.java:268)
    	at org.junit.runners.ParentRunner.run(ParentRunner.java:363)
    	at org.gradle.api.internal.tasks.testing.junit.JUnitTestClassExecutor.runTestClass(JUnitTestClassExecutor.java:110)
    	at org.gradle.api.internal.tasks.testing.junit.JUnitTestClassExecutor.execute(JUnitTestClassExecutor.java:58)
    	at org.gradle.api.internal.tasks.testing.junit.JUnitTestClassExecutor.execute(JUnitTestClassExecutor.java:38)
    	at org.gradle.api.internal.tasks.testing.junit.AbstractJUnitTestClassProcessor.processTestClass(AbstractJUnitTestClassProcessor.java:62)
    	at org.gradle.api.internal.tasks.testing.SuiteTestClassProcessor.processTestClass(SuiteTestClassProcessor.java:51)
    	at sun.reflect.GeneratedMethodAccessor5.invoke(Unknown Source)
    	at sun.reflect.DelegatingMethodAccessorImpl.invoke(DelegatingMethodAccessorImpl.java:43)
    	at java.lang.reflect.Method.invoke(Method.java:498)
    	at org.gradle.internal.dispatch.ReflectionDispatch.dispatch(ReflectionDispatch.java:35)
    	at org.gradle.internal.dispatch.ReflectionDispatch.dispatch(ReflectionDispatch.java:24)
    	at org.gradle.internal.dispatch.ContextClassLoaderDispatch.dispatch(ContextClassLoaderDispatch.java:32)
    	at org.gradle.internal.dispatch.ProxyDispatchAdapter$DispatchingInvocationHandler.invoke(ProxyDispatchAdapter.java:93)
    	at com.sun.proxy.$Proxy2.processTestClass(Unknown Source)
    	at org.gradle.api.internal.tasks.testing.worker.TestWorker.processTestClass(TestWorker.java:118)
    	at sun.reflect.GeneratedMethodAccessor4.invoke(Unknown Source)
    	at sun.reflect.DelegatingMethodAccessorImpl.invoke(DelegatingMethodAccessorImpl.java:43)
    	at java.lang.reflect.Method.invoke(Method.java:498)
    	at org.gradle.internal.dispatch.ReflectionDispatch.dispatch(ReflectionDispatch.java:35)
    	at org.gradle.internal.dispatch.ReflectionDispatch.dispatch(ReflectionDispatch.java:24)
    	at org.gradle.internal.remote.internal.hub.MessageHubBackedObjectConnection$DispatchWrapper.dispatch(MessageHubBackedObjectConnection.java:175)
    	at org.gradle.internal.remote.internal.hub.MessageHubBackedObjectConnection$DispatchWrapper.dispatch(MessageHubBackedObjectConnection.java:157)
    	at org.gradle.internal.remote.internal.hub.MessageHub$Handler.run(MessageHub.java:404)
    	at org.gradle.internal.concurrent.ExecutorPolicy$CatchAndRecordFailures.onExecute(ExecutorPolicy.java:63)
    	at org.gradle.internal.concurrent.ManagedExecutorImpl$1.run(ManagedExecutorImpl.java:46)
    	at java.util.concurrent.ThreadPoolExecutor.runWorker(ThreadPoolExecutor.java:1149)
    	at java.util.concurrent.ThreadPoolExecutor$Worker.run(ThreadPoolExecutor.java:624)
    	at org.gradle.internal.concurrent.ThreadFactoryImpl$ManagedThreadRunnable.run(ThreadFactoryImpl.java:55)
    	at java.lang.Thread.run(Thread.java:748)

org.koin.dsl.ModuleDeclarationRulesTest > don't allow redeclaration STANDARD_ERROR
    org.koin.core.error.DefinitionOverrideException: Definition '[Single:'org.koin.Simple$ComponentA']' try to override existing definition. Please use override option or check for definition '[Single:'org.koin.Simple$ComponentA']'
    	at org.koin.core.scope.ScopeDefinition.save(ScopeDefinition.kt:25)
    	at org.koin.core.scope.ScopeDefinition.save$default(ScopeDefinition.kt:19)
    	at org.koin.dsl.ModuleDeclarationRulesTest$don't allow redeclaration$1$1.invoke(ModuleDeclarationRulesTest.kt:143)
    	at org.koin.dsl.ModuleDeclarationRulesTest$don't allow redeclaration$1$1.invoke(ModuleDeclarationRulesTest.kt:12)
    	at org.koin.dsl.ModuleKt.module(Module.kt:31)
    	at org.koin.dsl.ModuleKt.module$default(Module.kt:29)
    	at org.koin.dsl.ModuleDeclarationRulesTest$don't allow redeclaration$1.invoke(ModuleDeclarationRulesTest.kt:18)
    	at org.koin.dsl.ModuleDeclarationRulesTest$don't allow redeclaration$1.invoke(ModuleDeclarationRulesTest.kt:12)
    	at org.koin.dsl.KoinApplicationKt.koinApplication(KoinApplication.kt:28)
    	at org.koin.dsl.ModuleDeclarationRulesTest.don't allow redeclaration(ModuleDeclarationRulesTest.kt:17)
    	at sun.reflect.NativeMethodAccessorImpl.invoke0(Native Method)
    	at sun.reflect.NativeMethodAccessorImpl.invoke(NativeMethodAccessorImpl.java:62)
    	at sun.reflect.DelegatingMethodAccessorImpl.invoke(DelegatingMethodAccessorImpl.java:43)
    	at java.lang.reflect.Method.invoke(Method.java:498)
    	at org.junit.runners.model.FrameworkMethod$1.runReflectiveCall(FrameworkMethod.java:50)
    	at org.junit.internal.runners.model.ReflectiveCallable.run(ReflectiveCallable.java:12)
    	at org.junit.runners.model.FrameworkMethod.invokeExplosively(FrameworkMethod.java:47)
    	at org.junit.internal.runners.statements.InvokeMethod.evaluate(InvokeMethod.java:17)
    	at org.junit.runners.ParentRunner.runLeaf(ParentRunner.java:325)
    	at org.junit.runners.BlockJUnit4ClassRunner.runChild(BlockJUnit4ClassRunner.java:78)
    	at org.junit.runners.BlockJUnit4ClassRunner.runChild(BlockJUnit4ClassRunner.java:57)
    	at org.junit.runners.ParentRunner$3.run(ParentRunner.java:290)
    	at org.junit.runners.ParentRunner$1.schedule(ParentRunner.java:71)
    	at org.junit.runners.ParentRunner.runChildren(ParentRunner.java:288)
    	at org.junit.runners.ParentRunner.access$000(ParentRunner.java:58)
    	at org.junit.runners.ParentRunner$2.evaluate(ParentRunner.java:268)
    	at org.junit.runners.ParentRunner.run(ParentRunner.java:363)
    	at org.gradle.api.internal.tasks.testing.junit.JUnitTestClassExecutor.runTestClass(JUnitTestClassExecutor.java:110)
    	at org.gradle.api.internal.tasks.testing.junit.JUnitTestClassExecutor.execute(JUnitTestClassExecutor.java:58)
    	at org.gradle.api.internal.tasks.testing.junit.JUnitTestClassExecutor.execute(JUnitTestClassExecutor.java:38)
    	at org.gradle.api.internal.tasks.testing.junit.AbstractJUnitTestClassProcessor.processTestClass(AbstractJUnitTestClassProcessor.java:62)
    	at org.gradle.api.internal.tasks.testing.SuiteTestClassProcessor.processTestClass(SuiteTestClassProcessor.java:51)
    	at sun.reflect.GeneratedMethodAccessor5.invoke(Unknown Source)
    	at sun.reflect.DelegatingMethodAccessorImpl.invoke(DelegatingMethodAccessorImpl.java:43)
    	at java.lang.reflect.Method.invoke(Method.java:498)
    	at org.gradle.internal.dispatch.ReflectionDispatch.dispatch(ReflectionDispatch.java:35)
    	at org.gradle.internal.dispatch.ReflectionDispatch.dispatch(ReflectionDispatch.java:24)
    	at org.gradle.internal.dispatch.ContextClassLoaderDispatch.dispatch(ContextClassLoaderDispatch.java:32)
    	at org.gradle.internal.dispatch.ProxyDispatchAdapter$DispatchingInvocationHandler.invoke(ProxyDispatchAdapter.java:93)
    	at com.sun.proxy.$Proxy2.processTestClass(Unknown Source)
    	at org.gradle.api.internal.tasks.testing.worker.TestWorker.processTestClass(TestWorker.java:118)
    	at sun.reflect.GeneratedMethodAccessor4.invoke(Unknown Source)
    	at sun.reflect.DelegatingMethodAccessorImpl.invoke(DelegatingMethodAccessorImpl.java:43)
    	at java.lang.reflect.Method.invoke(Method.java:498)
    	at org.gradle.internal.dispatch.ReflectionDispatch.dispatch(ReflectionDispatch.java:35)
    	at org.gradle.internal.dispatch.ReflectionDispatch.dispatch(ReflectionDispatch.java:24)
    	at org.gradle.internal.remote.internal.hub.MessageHubBackedObjectConnection$DispatchWrapper.dispatch(MessageHubBackedObjectConnection.java:175)
    	at org.gradle.internal.remote.internal.hub.MessageHubBackedObjectConnection$DispatchWrapper.dispatch(MessageHubBackedObjectConnection.java:157)
    	at org.gradle.internal.remote.internal.hub.MessageHub$Handler.run(MessageHub.java:404)
    	at org.gradle.internal.concurrent.ExecutorPolicy$CatchAndRecordFailures.onExecute(ExecutorPolicy.java:63)
    	at org.gradle.internal.concurrent.ManagedExecutorImpl$1.run(ManagedExecutorImpl.java:46)
    	at java.util.concurrent.ThreadPoolExecutor.runWorker(ThreadPoolExecutor.java:1149)
    	at java.util.concurrent.ThreadPoolExecutor$Worker.run(ThreadPoolExecutor.java:624)
    	at org.gradle.internal.concurrent.ThreadFactoryImpl$ManagedThreadRunnable.run(ThreadFactoryImpl.java:55)
    	at java.lang.Thread.run(Thread.java:748)

org.koin.dsl.KoinAppCreationTest > allow declare a print logger level STANDARD_ERROR
    [ERROR] [Koin] error

org.koin.dsl.KoinAppCreationTest > allow declare a logger STANDARD_ERROR
    [ERROR] [Koin] error

org.koin.dsl.ScopeSetDeclarationTest > can't declare 2 scoped same definitions STANDARD_ERROR
    org.koin.core.error.DefinitionOverrideException: Definition '[Single:'org.koin.Simple$ComponentA',scope:'KEY']' try to override existing definition. Please use override option or check for definition '[Single:'org.koin.Simple$ComponentA',scope:'KEY']'
    	at org.koin.core.scope.ScopeDefinition.save(ScopeDefinition.kt:25)
    	at org.koin.core.scope.ScopeDefinition.save$default(ScopeDefinition.kt:19)
    	at org.koin.dsl.ScopeSetDeclarationTest$can't declare 2 scoped same definitions$1$1$1.invoke(ScopeSetDeclarationTest.kt:155)
    	at org.koin.dsl.ScopeSetDeclarationTest$can't declare 2 scoped same definitions$1$1$1.invoke(ScopeSetDeclarationTest.kt:13)
    	at org.koin.core.module.Module.scope(Module.kt:47)
    	at org.koin.dsl.ScopeSetDeclarationTest$can't declare 2 scoped same definitions$1$1.invoke(ScopeSetDeclarationTest.kt:82)
    	at org.koin.dsl.ScopeSetDeclarationTest$can't declare 2 scoped same definitions$1$1.invoke(ScopeSetDeclarationTest.kt:13)
    	at org.koin.dsl.ModuleKt.module(Module.kt:31)
    	at org.koin.dsl.ModuleKt.module$default(Module.kt:29)
    	at org.koin.dsl.ScopeSetDeclarationTest$can't declare 2 scoped same definitions$1.invoke(ScopeSetDeclarationTest.kt:81)
    	at org.koin.dsl.ScopeSetDeclarationTest$can't declare 2 scoped same definitions$1.invoke(ScopeSetDeclarationTest.kt:13)
    	at org.koin.dsl.KoinApplicationKt.koinApplication(KoinApplication.kt:28)
    	at org.koin.dsl.ScopeSetDeclarationTest.can't declare 2 scoped same definitions(ScopeSetDeclarationTest.kt:78)
    	at sun.reflect.NativeMethodAccessorImpl.invoke0(Native Method)
    	at sun.reflect.NativeMethodAccessorImpl.invoke(NativeMethodAccessorImpl.java:62)
    	at sun.reflect.DelegatingMethodAccessorImpl.invoke(DelegatingMethodAccessorImpl.java:43)
    	at java.lang.reflect.Method.invoke(Method.java:498)
    	at org.junit.runners.model.FrameworkMethod$1.runReflectiveCall(FrameworkMethod.java:50)
    	at org.junit.internal.runners.model.ReflectiveCallable.run(ReflectiveCallable.java:12)
    	at org.junit.runners.model.FrameworkMethod.invokeExplosively(FrameworkMethod.java:47)
    	at org.junit.internal.runners.statements.InvokeMethod.evaluate(InvokeMethod.java:17)
    	at org.junit.runners.ParentRunner.runLeaf(ParentRunner.java:325)
    	at org.junit.runners.BlockJUnit4ClassRunner.runChild(BlockJUnit4ClassRunner.java:78)
    	at org.junit.runners.BlockJUnit4ClassRunner.runChild(BlockJUnit4ClassRunner.java:57)
    	at org.junit.runners.ParentRunner$3.run(ParentRunner.java:290)
    	at org.junit.runners.ParentRunner$1.schedule(ParentRunner.java:71)
    	at org.junit.runners.ParentRunner.runChildren(ParentRunner.java:288)
    	at org.junit.runners.ParentRunner.access$000(ParentRunner.java:58)
    	at org.junit.runners.ParentRunner$2.evaluate(ParentRunner.java:268)
    	at org.junit.runners.ParentRunner.run(ParentRunner.java:363)
    	at org.gradle.api.internal.tasks.testing.junit.JUnitTestClassExecutor.runTestClass(JUnitTestClassExecutor.java:110)
    	at org.gradle.api.internal.tasks.testing.junit.JUnitTestClassExecutor.execute(JUnitTestClassExecutor.java:58)
    	at org.gradle.api.internal.tasks.testing.junit.JUnitTestClassExecutor.execute(JUnitTestClassExecutor.java:38)
    	at org.gradle.api.internal.tasks.testing.junit.AbstractJUnitTestClassProcessor.processTestClass(AbstractJUnitTestClassProcessor.java:62)
    	at org.gradle.api.internal.tasks.testing.SuiteTestClassProcessor.processTestClass(SuiteTestClassProcessor.java:51)
    	at sun.reflect.GeneratedMethodAccessor5.invoke(Unknown Source)
    	at sun.reflect.DelegatingMethodAccessorImpl.invoke(DelegatingMethodAccessorImpl.java:43)
    	at java.lang.reflect.Method.invoke(Method.java:498)
    	at org.gradle.internal.dispatch.ReflectionDispatch.dispatch(ReflectionDispatch.java:35)
    	at org.gradle.internal.dispatch.ReflectionDispatch.dispatch(ReflectionDispatch.java:24)
    	at org.gradle.internal.dispatch.ContextClassLoaderDispatch.dispatch(ContextClassLoaderDispatch.java:32)
    	at org.gradle.internal.dispatch.ProxyDispatchAdapter$DispatchingInvocationHandler.invoke(ProxyDispatchAdapter.java:93)
    	at com.sun.proxy.$Proxy2.processTestClass(Unknown Source)
    	at org.gradle.api.internal.tasks.testing.worker.TestWorker.processTestClass(TestWorker.java:118)
    	at sun.reflect.GeneratedMethodAccessor4.invoke(Unknown Source)
    	at sun.reflect.DelegatingMethodAccessorImpl.invoke(DelegatingMethodAccessorImpl.java:43)
    	at java.lang.reflect.Method.invoke(Method.java:498)
    	at org.gradle.internal.dispatch.ReflectionDispatch.dispatch(ReflectionDispatch.java:35)
    	at org.gradle.internal.dispatch.ReflectionDispatch.dispatch(ReflectionDispatch.java:24)
    	at org.gradle.internal.remote.internal.hub.MessageHubBackedObjectConnection$DispatchWrapper.dispatch(MessageHubBackedObjectConnection.java:175)
    	at org.gradle.internal.remote.internal.hub.MessageHubBackedObjectConnection$DispatchWrapper.dispatch(MessageHubBackedObjectConnection.java:157)
    	at org.gradle.internal.remote.internal.hub.MessageHub$Handler.run(MessageHub.java:404)
    	at org.gradle.internal.concurrent.ExecutorPolicy$CatchAndRecordFailures.onExecute(ExecutorPolicy.java:63)
    	at org.gradle.internal.concurrent.ManagedExecutorImpl$1.run(ManagedExecutorImpl.java:46)
    	at java.util.concurrent.ThreadPoolExecutor.runWorker(ThreadPoolExecutor.java:1149)
    	at java.util.concurrent.ThreadPoolExecutor$Worker.run(ThreadPoolExecutor.java:624)
    	at org.gradle.internal.concurrent.ThreadFactoryImpl$ManagedThreadRunnable.run(ThreadFactoryImpl.java:55)
    	at java.lang.Thread.run(Thread.java:748)

org.koin.dsl.ModuleCreationTest > create modules list timing STANDARD_OUT
    [INFO] [Koin] loaded 2 definitions - 0.023885 ms
    [DEBUG] [Koin] - [Single:'org.koin.Simple$ComponentA']
    [DEBUG] [Koin] - [Single:'org.koin.Simple$ComponentB']
    [INFO] [Koin] create context - 0.024953 ms
    [INFO] [Koin] loaded 2 definitions - 0.016156 ms
    [DEBUG] [Koin] - [Single:'org.koin.Simple$ComponentA']
    [DEBUG] [Koin] - [Single:'org.koin.Simple$ComponentB']
    [INFO] [Koin] create context - 0.022233 ms

Gradle Test Executor 7 finished executing tests.

> Task :koin-core:test
Finished generating test XML results (0.006 secs) into: /Users/arnaudgiuliani/workspace/koin/koin/koin-projects/koin-core/build/test-results/test
Generating HTML test report...
Finished generating test html results (0.011 secs) into: /Users/arnaudgiuliani/workspace/koin/koin/koin-projects/koin-core/build/reports/tests/test
Packing task ':koin-core:test'
Task :koin-core:test in koin-android Finished
:koin-core:test (Thread[Execution worker for ':' Thread 4,5,main]) completed. Took 2.475 secs.

BUILD SUCCESSFUL in 3s
5 actionable tasks: 1 executed, 4 up-to-date
